Dynamic Manager Shutdown:
DM Towers: 0, DM Pieces 0
Context Shutdown:
0 towers, 0 pieces
Dynamic Manager Shutdown:
DM Towers: 0, DM Pieces 0
Context Shutdown:
0 towers, 0 pieces
Dynamic Manager Shutdown:
DM Towers: 0, DM Pieces 0
Context Shutdown:
0 towers, 0 pieces
Update: 1 spline, 10 tower
Update: 1 spline, 10 tower
Update: 1 spline, 10 tower
Update: 1 spline, 10 tower
Update: 2 spline, 20 tower
Free: 1 spline, 10 tower
Update: 1 spline, 10 tower
Update: 1 spline, 10 tower
Update: 1 spline, 10 tower
Update: 1 spline, 10 tower
Update: 2 spline, 20 tower
Free: 1 spline, 10 tower
Update: 2 spline, 21 tower
Free: 1 spline, 10 tower
Update: 2 spline, 22 tower
Free: 1 spline, 11 tower
Update: 2 spline, 22 tower
Free: 1 spline, 11 tower
Update: 2 spline, 22 tower
Free: 1 spline, 11 tower
Update: 2 spline, 22 tower
Free: 1 spline, 11 tower
Update: 1 spline, 11 tower
Update: 2 spline, 22 tower
Free: 1 spline, 11 tower
Update: 1 spline, 11 tower
Update: 1 spline, 11 tower
Update: 1 spline, 11 tower
Update: 2 spline, 22 tower
Free: 1 spline, 11 tower
Update: 1 spline, 11 tower
Update: 1 spline, 11 tower
Update: 1 spline, 11 tower
Update: 1 spline, 11 tower
Update: 1 spline, 11 tower
Update: 1 spline, 11 tower
Update: 1 spline, 11 tower
Update: 1 spline, 11 tower
Update: 1 spline, 11 tower
Update: 1 spline, 11 tower
Update: 1 spline, 11 tower
Update: 1 spline, 11 tower
Update: 1 spline, 11 tower
Update: 2 spline, 22 tower
Free: 1 spline, 11 tower
Update: 1 spline, 11 tower
Update: 2 spline, 22 tower
Free: 1 spline, 11 tower
Update: 1 spline, 11 tower
Update: 1 spline, 11 tower
Update: 1 spline, 11 tower
Update: 2 spline, 22 tower
Free: 1 spline, 11 tower
Update: 1 spline, 11 tower
Update: 1 spline, 11 tower
Update: 1 spline, 11 tower
Update: 1 spline, 11 tower
Update: 1 spline, 11 tower
Update: 2 spline, 22 tower
Free: 1 spline, 11 tower
Update: 1 spline, 11 tower
Update: 1 spline, 11 tower
Update: 2 spline, 22 tower
Free: 1 spline, 11 tower
Update: 1 spline, 11 tower
Update: 1 spline, 11 tower
Update: 1 spline, 11 tower
Update: 1 spline, 11 tower
Update: 1 spline, 11 tower
Update: 1 spline, 11 tower
Update: 1 spline, 11 tower
Update: 1 spline, 11 tower
Update: 1 spline, 11 tower
Update: 3 spline, 29 tower
Free: 1 spline, 11 tower
Update: 2 spline, 18 tower
Update: 2 spline, 18 tower
Update: 3 spline, 29 tower
Free: 1 spline, 11 tower
Update: 2 spline, 18 tower
Update: 2 spline, 18 tower
Update: 2 spline, 18 tower
Update: 2 spline, 18 tower
Update: 2 spline, 18 tower
Update: 2 spline, 14 tower
Free: 1 spline, 7 tower
Update: 2 spline, 22 tower
Free: 1 spline, 11 tower
Update: 2 spline, 22 tower
Free: 1 spline, 11 tower
Update: 2 spline, 15 tower
Free: 1 spline, 7 tower
Update: 2 spline, 16 tower
Free: 1 spline, 8 tower
Update: 2 spline, 16 tower
Free: 1 spline, 8 tower
Update: 2 spline, 16 tower
Free: 1 spline, 8 tower
Update: 1 spline, 8 tower
Update: 2 spline, 16 tower
Free: 1 spline, 8 tower
Update: 1 spline, 8 tower
Update: 1 spline, 8 tower
Update: 1 spline, 8 tower
Update: 1 spline, 8 tower
Update: 1 spline, 8 tower
Update: 1 spline, 8 tower
Update: 1 spline, 8 tower
Update: 1 spline, 8 tower
Update: 1 spline, 8 tower
Update: 1 spline, 8 tower
Update: 1 spline, 8 tower
Update: 2 spline, 16 tower
Free: 1 spline, 8 tower
Update: 2 spline, 16 tower
Free: 1 spline, 8 tower
Update: 2 spline, 20 tower
Free: 1 spline, 11 tower
Update: 2 spline, 18 tower
Free: 1 spline, 9 tower
Update: 2 spline, 18 tower
Free: 1 spline, 8 tower
Update: 2 spline, 18 tower
Free: 1 spline, 9 tower
Update: 1 spline, 10 tower
Update: 2 spline, 20 tower
Free: 1 spline, 10 tower
Update: 1 spline, 10 tower
Update: 1 spline, 10 tower
Update: 1 spline, 10 tower
Update: 2 spline, 20 tower
Free: 1 spline, 10 tower
Update: 1 spline, 10 tower
Update: 1 spline, 10 tower
Update: 1 spline, 10 tower
Update: 1 spline, 10 tower
Update: 1 spline, 10 tower
Update: 2 spline, 20 tower
Free: 1 spline, 10 tower
Update: 1 spline, 10 tower
Update: 1 spline, 10 tower
Update: 1 spline, 10 tower
Update: 1 spline, 10 tower
Update: 1 spline, 10 tower
Update: 1 spline, 10 tower
Update: 1 spline, 10 tower
Update: 1 spline, 10 tower
Update: 1 spline, 10 tower
Update: 1 spline, 10 tower
Update: 1 spline, 10 tower
Update: 2 spline, 20 tower
Free: 1 spline, 10 tower
Update: 1 spline, 10 tower
Update: 2 spline, 20 tower
Free: 1 spline, 10 tower
Update: 1 spline, 10 tower
Update: 1 spline, 10 tower
Update: 1 spline, 10 tower
Update: 2 spline, 20 tower
Free: 1 spline, 10 tower
Update: 1 spline, 10 tower
Update: 1 spline, 10 tower
Update: 1 spline, 10 tower
Update: 1 spline, 9 tower
Update: 2 spline, 20 tower
Free: 1 spline, 10 tower
Update: 1 spline, 9 tower
Update: 1 spline, 9 tower
Update: 2 spline, 19 tower
Free: 1 spline, 10 tower
Update: 1 spline, 9 tower
Update: 2 spline, 21 tower
Free: 1 spline, 9 tower
Update: 2 spline, 24 tower
Free: 1 spline, 12 tower
Update: 2 spline, 24 tower
Free: 1 spline, 12 tower
Update: 2 spline, 24 tower
Free: 1 spline, 12 tower
Update: 1 spline, 9 tower
Update: 2 spline, 18 tower
Free: 1 spline, 9 tower
Update: 1 spline, 9 tower
Update: 1 spline, 9 tower
Update: 2 spline, 18 tower
Free: 1 spline, 9 tower
Update: 1 spline, 9 tower
Update: 1 spline, 9 tower
Update: 1 spline, 9 tower
Update: 1 spline, 9 tower
Update: 1 spline, 9 tower
Update: 1 spline, 9 tower
Update: 1 spline, 9 tower
Update: 1 spline, 9 tower
Update: 1 spline, 9 tower
Update: 1 spline, 9 tower
Update: 1 spline, 9 tower
Update: 1 spline, 9 tower
Update: 1 spline, 9 tower
Update: 2 spline, 22 tower
Free: 1 spline, 12 tower
Update: 2 spline, 20 tower
Free: 1 spline, 9 tower
Update: 2 spline, 22 tower
Free: 1 spline, 11 tower
Update: 2 spline, 22 tower
Free: 1 spline, 11 tower
Update: 2 spline, 22 tower
Free: 1 spline, 11 tower
Update: 2 spline, 22 tower
Free: 1 spline, 11 tower
Update: 2 spline, 20 tower
Free: 1 spline, 10 tower
Update: 1 spline, 10 tower
Update: 2 spline, 20 tower
Free: 1 spline, 10 tower
Update: 2 spline, 20 tower
Free: 1 spline, 10 tower
Update: 2 spline, 20 tower
Free: 1 spline, 10 tower
Update: 1 spline, 11 tower
Update: 2 spline, 20 tower
Free: 1 spline, 11 tower
Update: 2 spline, 18 tower
Free: 1 spline, 9 tower
Update: 2 spline, 20 tower
Free: 1 spline, 10 tower
Update: 1 spline, 9 tower
Update: 2 spline, 17 tower
Free: 1 spline, 9 tower
Update: 2 spline, 20 tower
Free: 1 spline, 10 tower
Update: 2 spline, 20 tower
Free: 1 spline, 10 tower
Update: 2 spline, 18 tower
Free: 1 spline, 9 tower
Update: 2 spline, 20 tower
Free: 1 spline, 10 tower
Update: 2 spline, 20 tower
Free: 1 spline, 10 tower
Update: 2 spline, 18 tower
Free: 1 spline, 9 tower
Update: 2 spline, 20 tower
Free: 1 spline, 10 tower
Update: 2 spline, 18 tower
Free: 1 spline, 9 tower
Update: 2 spline, 19 tower
Free: 1 spline, 10 tower
Update: 2 spline, 18 tower
Free: 1 spline, 9 tower
Update: 2 spline, 18 tower
Free: 1 spline, 9 tower
Update: 2 spline, 18 tower
Free: 1 spline, 9 tower
Update: 2 spline, 18 tower
Free: 1 spline, 9 tower
Update: 2 spline, 18 tower
Free: 1 spline, 9 tower
Update: 2 spline, 18 tower
Free: 1 spline, 9 tower
Update: 2 spline, 18 tower
Free: 1 spline, 9 tower
Update: 2 spline, 18 tower
Free: 1 spline, 9 tower
Update: 2 spline, 18 tower
Free: 1 spline, 9 tower
Update: 2 spline, 18 tower
Free: 1 spline, 9 tower
Update: 2 spline, 18 tower
Free: 1 spline, 9 tower
Update: 2 spline, 18 tower
Free: 1 spline, 9 tower
Update: 2 spline, 18 tower
Free: 1 spline, 9 tower
Update: 2 spline, 18 tower
Free: 1 spline, 9 tower
Update: 2 spline, 17 tower
Free: 1 spline, 9 tower
Update: 2 spline, 16 tower
Free: 1 spline, 8 tower
Update: 2 spline, 16 tower
Free: 1 spline, 8 tower
Update: 2 spline, 17 tower
Free: 1 spline, 9 tower
Update: 2 spline, 16 tower
Free: 1 spline, 8 tower
Update: 3 spline, 17 tower
Free: 1 spline, 8 tower
Update: 4 spline, 18 tower
Free: 2 spline, 9 tower
Update: 4 spline, 18 tower
Free: 2 spline, 9 tower
Update: 2 spline, 16 tower
Free: 1 spline, 8 tower
Update: 4 spline, 18 tower
Free: 2 spline, 9 tower
Update: 6 spline, 34 tower
Free: 3 spline, 17 tower
Update: 4 spline, 18 tower
Free: 2 spline, 9 tower
Update: 4 spline, 18 tower
Free: 2 spline, 9 tower
Update: 2 spline, 17 tower
Free: 1 spline, 8 tower
Update: 4 spline, 18 tower
Free: 2 spline, 9 tower
Update: 2 spline, 18 tower
Free: 1 spline, 9 tower
Update: 4 spline, 18 tower
Free: 2 spline, 9 tower
Update: 2 spline, 16 tower
Free: 1 spline, 8 tower
Update: 2 spline, 18 tower
Free: 1 spline, 9 tower
Update: 4 spline, 18 tower
Free: 2 spline, 9 tower
Update: 3 spline, 16 tower
Free: 1 spline, 8 tower
Update: 4 spline, 16 tower
Free: 2 spline, 8 tower
Update: 4 spline, 16 tower
Free: 2 spline, 8 tower
Update: 4 spline, 16 tower
Free: 2 spline, 8 tower
Update: 2 spline, 18 tower
Free: 1 spline, 9 tower
Update: 4 spline, 18 tower
Free: 2 spline, 9 tower
Update: 2 spline, 18 tower
Free: 1 spline, 9 tower
Update: 6 spline, 36 tower
Free: 3 spline, 18 tower
Update: 2 spline, 18 tower
Free: 1 spline, 9 tower
Update: 4 spline, 18 tower
Free: 2 spline, 9 tower
Update: 4 spline, 18 tower
Free: 2 spline, 9 tower
Update: 4 spline, 18 tower
Free: 2 spline, 9 tower
Update: 4 spline, 19 tower
Free: 2 spline, 9 tower
Update: 6 spline, 38 tower
Free: 3 spline, 19 tower
Update: 4 spline, 20 tower
Free: 2 spline, 10 tower
Update: 4 spline, 20 tower
Free: 2 spline, 10 tower
Update: 4 spline, 16 tower
Free: 2 spline, 8 tower
Update: 4 spline, 20 tower
Free: 2 spline, 10 tower
Update: 4 spline, 16 tower
Free: 2 spline, 8 tower
Update: 4 spline, 20 tower
Free: 2 spline, 10 tower
Update: 4 spline, 20 tower
Free: 2 spline, 10 tower
Update: 4 spline, 20 tower
Free: 2 spline, 10 tower
Update: 4 spline, 20 tower
Free: 2 spline, 10 tower
Update: 2 spline, 18 tower
Free: 1 spline, 9 tower
Update: 4 spline, 16 tower
Free: 2 spline, 8 tower
Update: 4 spline, 20 tower
Free: 2 spline, 10 tower
Update: 4 spline, 20 tower
Free: 2 spline, 10 tower
Update: 2 spline, 18 tower
Free: 1 spline, 9 tower
Update: 2 spline, 18 tower
Free: 1 spline, 9 tower
Update: 4 spline, 20 tower
Free: 2 spline, 10 tower
Update: 2 spline, 18 tower
Free: 1 spline, 9 tower
Update: 2 spline, 18 tower
Free: 1 spline, 9 tower
Update: 2 spline, 18 tower
Free: 1 spline, 9 tower
Update: 6 spline, 38 tower
Free: 3 spline, 19 tower
Update: 2 spline, 16 tower
Free: 1 spline, 9 tower
Update: 3 spline, 15 tower
Free: 1 spline, 7 tower
Update: 4 spline, 16 tower
Free: 2 spline, 8 tower
Update: 1 spline, 2 tower
Update: 8 spline, 36 tower
Free: 4 spline, 18 tower
Update: 3 spline, 15 tower
Free: 2 spline, 8 tower
Update: 3 spline, 15 tower
Free: 1 spline, 7 tower
Update: 4 spline, 16 tower
Free: 2 spline, 8 tower
Update: 4 spline, 16 tower
Free: 2 spline, 8 tower
Update: 1 spline, 2 tower
Update: 8 spline, 36 tower
Free: 4 spline, 18 tower
Update: 3 spline, 15 tower
Free: 2 spline, 8 tower
Update: 3 spline, 15 tower
Free: 1 spline, 7 tower
Update: 4 spline, 16 tower
Free: 2 spline, 8 tower
Update: 1 spline, 2 tower
Update: 8 spline, 36 tower
Free: 4 spline, 18 tower
Update: 3 spline, 17 tower
Free: 2 spline, 8 tower
Update: 1 spline, 2 tower
Update: 1 spline, 4 tower
Update: 6 spline, 38 tower
Free: 3 spline, 19 tower
Update: 4 spline, 20 tower
Free: 2 spline, 10 tower
Update: 4 spline, 20 tower
Free: 2 spline, 10 tower
Update: 2 spline, 18 tower
Free: 1 spline, 9 tower
Update: 1 spline, 2 tower
Update: 1 spline, 2 tower
Update: 1 spline, 4 tower
Update: 2 spline, 8 tower
Free: 1 spline, 4 tower
Update: 2 spline, 18 tower
Free: 1 spline, 9 tower
Update: 4 spline, 20 tower
Free: 2 spline, 10 tower
Update: 1 spline, 3 tower
Update: 2 spline, 18 tower
Free: 1 spline, 9 tower
Update: 4 spline, 20 tower
Free: 2 spline, 10 tower
Update: 4 spline, 20 tower
Free: 2 spline, 10 tower
Update: 2 spline, 4 tower
Update: 1 spline, 4 tower
Update: 4 spline, 20 tower
Free: 2 spline, 10 tower
Update: 1 spline, 3 tower
Update: 2 spline, 18 tower
Free: 1 spline, 9 tower
Update: 4 spline, 20 tower
Free: 2 spline, 10 tower
Update: 2 spline, 4 tower
Update: 2 spline, 4 tower
Free: 1 spline, 2 tower
Update: 1 spline, 4 tower
Update: 4 spline, 20 tower
Free: 2 spline, 10 tower
Update: 1 spline, 3 tower
Update: 4 spline, 20 tower
Free: 2 spline, 10 tower
Update: 2 spline, 18 tower
Free: 1 spline, 9 tower
Update: 2 spline, 18 tower
Free: 1 spline, 9 tower
Update: 3 spline, 13 tower
Update: 3 spline, 13 tower
Update: 3 spline, 13 tower
Update: 3 spline, 13 tower
Update: 6 spline, 26 tower
Free: 3 spline, 13 tower
Update: 3 spline, 13 tower
Update: 3 spline, 13 tower
Update: 3 spline, 13 tower
Update: 1 spline, 2 tower
Update: 1 spline, 4 tower
Update: 2 spline, 8 tower
Free: 1 spline, 4 tower
Update: 2 spline, 18 tower
Free: 1 spline, 9 tower
Update: 1 spline, 3 tower
Update: 2 spline, 18 tower
Free: 1 spline, 9 tower
Update: 2 spline, 18 tower
Free: 1 spline, 9 tower
Update: 3 spline, 13 tower
Update: 6 spline, 26 tower
Free: 3 spline, 13 tower
Update: 3 spline, 13 tower
Update: 3 spline, 13 tower
Update: 3 spline, 13 tower
Update: 3 spline, 13 tower
Update: 3 spline, 13 tower
Update: 6 spline, 26 tower
Free: 3 spline, 13 tower
Update: 3 spline, 13 tower
Update: 3 spline, 13 tower
Update: 3 spline, 13 tower
Update: 3 spline, 13 tower
Update: 3 spline, 13 tower
Update: 3 spline, 13 tower
Update: 3 spline, 13 tower
Update: 3 spline, 13 tower
Update: 3 spline, 13 tower
Update: 3 spline, 13 tower
Update: 1 spline, 2 tower
Update: 1 spline, 4 tower
Update: 2 spline, 18 tower
Free: 1 spline, 9 tower
Update: 1 spline, 3 tower
Update: 4 spline, 17 tower
Free: 2 spline, 8 tower
Update: 4 spline, 18 tower
Free: 2 spline, 9 tower
Update: 2 spline, 16 tower
Free: 1 spline, 9 tower
Update: 3 spline, 15 tower
Free: 1 spline, 7 tower
Update: 6 spline, 26 tower
Free: 3 spline, 13 tower
Update: 1 spline, 2 tower
Update: 1 spline, 4 tower
Update: 4 spline, 16 tower
Free: 2 spline, 8 tower
Update: 4 spline, 16 tower
Free: 2 spline, 8 tower
Update: 1 spline, 3 tower
Update: 2 spline, 6 tower
Free: 1 spline, 3 tower
Update: 3 spline, 17 tower
Free: 2 spline, 8 tower
Update: 4 spline, 18 tower
Free: 2 spline, 9 tower
Update: 3 spline, 13 tower
Update: 7 spline, 33 tower
Free: 3 spline, 13 tower
Update: 4 spline, 20 tower
Update: 4 spline, 20 tower
Update: 4 spline, 20 tower
Update: 4 spline, 20 tower
Update: 8 spline, 40 tower
Free: 4 spline, 20 tower
Update: 4 spline, 20 tower
Update: 4 spline, 20 tower
Update: 4 spline, 20 tower
Update: 1 spline, 2 tower
Update: 1 spline, 4 tower
Update: 1 spline, 3 tower
Update: 2 spline, 18 tower
Free: 1 spline, 9 tower
Update: 2 spline, 16 tower
Free: 1 spline, 7 tower
Update: 4 spline, 18 tower
Free: 2 spline, 9 tower
Update: 1 spline, 2 tower
Update: 1 spline, 4 tower
Update: 4 spline, 21 tower
Free: 2 spline, 10 tower
Update: 1 spline, 3 tower
Update: 2 spline, 16 tower
Free: 1 spline, 9 tower
Update: 2 spline, 14 tower
Free: 1 spline, 7 tower
Update: 1 spline, 2 tower
Update: 1 spline, 4 tower
Update: 2 spline, 8 tower
Free: 1 spline, 4 tower
Update: 5 spline, 21 tower
Free: 2 spline, 11 tower
Update: 6 spline, 20 tower
Free: 3 spline, 10 tower
Update: 1 spline, 3 tower
Update: 2 spline, 16 tower
Free: 1 spline, 7 tower
Update: 2 spline, 18 tower
Free: 1 spline, 9 tower
Update: 2 spline, 18 tower
Free: 1 spline, 9 tower
Update: 1 spline, 3 tower
Update: 2 spline, 16 tower
Free: 1 spline, 9 tower
Update: 2 spline, 18 tower
Free: 1 spline, 9 tower
Update: 2 spline, 18 tower
Free: 1 spline, 9 tower
Update: 1 spline, 2 tower
Update: 1 spline, 3 tower
Update: 1 spline, 9 tower
Update: 2 spline, 18 tower
Free: 1 spline, 9 tower
Update: 3 spline, 13 tower
Update: 6 spline, 26 tower
Free: 3 spline, 13 tower
Update: 8 spline, 40 tower
Free: 4 spline, 20 tower
Update: 2 spline, 16 tower
Free: 1 spline, 7 tower
Update: 2 spline, 18 tower
Free: 1 spline, 9 tower
Update: 4 spline, 8 tower
Free: 2 spline, 4 tower
Update: 2 spline, 18 tower
Free: 1 spline, 9 tower
Update: 1 spline, 2 tower
Update: 2 spline, 16 tower
Free: 1 spline, 9 tower
Update: 1 spline, 2 tower
Update: 2 spline, 16 tower
Free: 1 spline, 7 tower
Update: 6 spline, 26 tower
Free: 3 spline, 13 tower
Update: 6 spline, 26 tower
Free: 3 spline, 13 tower
Update: 6 spline, 26 tower
Free: 3 spline, 13 tower
Update: 1 spline, 2 tower
Update: 2 spline, 6 tower
Free: 1 spline, 3 tower
Update: 1 spline, 2 tower
Update: 6 spline, 26 tower
Free: 3 spline, 13 tower
Update: 6 spline, 26 tower
Free: 3 spline, 13 tower
Update: 2 spline, 8 tower
Free: 1 spline, 4 tower
Update: 6 spline, 20 tower
Free: 3 spline, 10 tower
Update: 6 spline, 20 tower
Free: 3 spline, 10 tower
Update: 1 spline, 2 tower
Update: 1 spline, 9 tower
Update: 2 spline, 18 tower
Free: 1 spline, 9 tower
Update: 1 spline, 2 tower
Update: 1 spline, 2 tower
Update: 2 spline, 9 tower
Update: 4 spline, 18 tower
Free: 2 spline, 9 tower
Update: 4 spline, 18 tower
Free: 2 spline, 9 tower
Update: 2 spline, 18 tower
Free: 1 spline, 9 tower
Update: 2 spline, 18 tower
Free: 1 spline, 9 tower
Update: 1 spline, 2 tower
Update: 1 spline, 2 tower
Update: 1 spline, 2 tower
Update: 2 spline, 4 tower
Free: 1 spline, 2 tower
Update: 6 spline, 20 tower
Free: 3 spline, 10 tower
Update: 6 spline, 20 tower
Free: 3 spline, 10 tower
Update: 8 spline, 38 tower
Free: 4 spline, 19 tower
Update: 6 spline, 20 tower
Free: 3 spline, 10 tower
Update: 2 spline, 16 tower
Free: 1 spline, 9 tower
Update: 1 spline, 2 tower
Update: 1 spline, 4 tower
Update: 3 spline, 10 tower
Update: 6 spline, 20 tower
Free: 3 spline, 10 tower
Update: 6 spline, 20 tower
Free: 3 spline, 10 tower
Update: 6 spline, 20 tower
Free: 3 spline, 10 tower
Update: 6 spline, 20 tower
Free: 3 spline, 10 tower
Update: 4 spline, 18 tower
Free: 2 spline, 9 tower
Update: 4 spline, 18 tower
Free: 2 spline, 9 tower
Update: 8 spline, 40 tower
Free: 4 spline, 20 tower
Update: 2 spline, 16 tower
Free: 1 spline, 7 tower
Update: 6 spline, 26 tower
Free: 3 spline, 13 tower
Update: 6 spline, 26 tower
Free: 3 spline, 13 tower
Update: 1 spline, 2 tower
Update: 2 spline, 4 tower
Free: 1 spline, 2 tower
Update: 1 spline, 4 tower
Update: 4 spline, 18 tower
Free: 2 spline, 9 tower
Update: 4 spline, 18 tower
Free: 2 spline, 9 tower
Update: 2 spline, 16 tower
Free: 1 spline, 9 tower
Update: 6 spline, 26 tower
Free: 3 spline, 13 tower
Update: 1 spline, 2 tower
Update: 1 spline, 4 tower
Update: 2 spline, 8 tower
Free: 1 spline, 4 tower
Update: 3 spline, 10 tower
Update: 6 spline, 20 tower
Free: 3 spline, 10 tower
Update: 6 spline, 20 tower
Free: 3 spline, 10 tower
Update: 6 spline, 20 tower
Free: 3 spline, 10 tower
Update: 6 spline, 20 tower
Free: 3 spline, 10 tower
Update: 8 spline, 40 tower
Free: 4 spline, 20 tower
Update: 2 spline, 16 tower
Free: 1 spline, 7 tower
Update: 6 spline, 26 tower
Free: 3 spline, 13 tower
Update: 1 spline, 4 tower
Update: 6 spline, 22 tower
Free: 3 spline, 10 tower
Update: 6 spline, 24 tower
Free: 3 spline, 12 tower
Update: 2 spline, 16 tower
Free: 1 spline, 9 tower
Update: 6 spline, 26 tower
Free: 3 spline, 13 tower
Update: 6 spline, 26 tower
Free: 3 spline, 13 tower
Update: 6 spline, 26 tower
Free: 3 spline, 13 tower
Update: 2 spline, 4 tower
Free: 1 spline, 2 tower
Update: 6 spline, 26 tower
Free: 3 spline, 13 tower
Update: 6 spline, 26 tower
Free: 3 spline, 13 tower
Update: 1 spline, 4 tower
Update: 2 spline, 16 tower
Free: 1 spline, 7 tower
Update: 4 spline, 18 tower
Free: 2 spline, 9 tower
Update: 3 spline, 13 tower
Update: 6 spline, 26 tower
Free: 3 spline, 13 tower
Update: 3 spline, 13 tower
Update: 3 spline, 13 tower
Update: 3 spline, 13 tower
Update: 3 spline, 13 tower
Update: 3 spline, 13 tower
Update: 8 spline, 44 tower
Free: 4 spline, 22 tower
Update: 3 spline, 13 tower
Update: 3 spline, 13 tower
Update: 3 spline, 13 tower
Update: 3 spline, 13 tower
Update: 3 spline, 13 tower
Update: 3 spline, 13 tower
Update: 3 spline, 13 tower
Update: 3 spline, 13 tower
Update: 3 spline, 13 tower
Update: 3 spline, 13 tower
Update: 3 spline, 13 tower
Update: 2 spline, 6 tower
Free: 1 spline, 2 tower
Update: 6 spline, 25 tower
Free: 3 spline, 13 tower
Update: 8 spline, 42 tower
Free: 4 spline, 21 tower
Update: 2 spline, 16 tower
Free: 1 spline, 9 tower
Update: 6 spline, 24 tower
Free: 3 spline, 12 tower
Update: 6 spline, 24 tower
Free: 3 spline, 12 tower
Update: 1 spline, 4 tower
Update: 6 spline, 24 tower
Free: 3 spline, 12 tower
Update: 6 spline, 24 tower
Free: 3 spline, 12 tower
Update: 2 spline, 16 tower
Free: 1 spline, 7 tower
Update: 4 spline, 18 tower
Free: 2 spline, 9 tower
Update: 6 spline, 24 tower
Free: 3 spline, 12 tower
Update: 6 spline, 24 tower
Free: 3 spline, 12 tower
Update: 6 spline, 24 tower
Free: 3 spline, 12 tower
Update: 1 spline, 4 tower
Update: 2 spline, 8 tower
Free: 1 spline, 4 tower
Update: 2 spline, 18 tower
Free: 1 spline, 9 tower
Update: 4 spline, 18 tower
Free: 2 spline, 9 tower
Update: 2 spline, 16 tower
Free: 1 spline, 9 tower
Update: 4 spline, 18 tower
Free: 2 spline, 9 tower
Update: 6 spline, 24 tower
Free: 3 spline, 12 tower
Update: 1 spline, 1 tower
Update: 6 spline, 24 tower
Free: 3 spline, 12 tower
Update: 1 spline, 4 tower
Update: 2 spline, 18 tower
Free: 1 spline, 9 tower
Update: 2 spline, 14 tower
Free: 1 spline, 7 tower
Update: 2 spline, 16 tower
Free: 1 spline, 7 tower
Update: 6 spline, 24 tower
Free: 3 spline, 12 tower
Update: 1 spline, 1 tower
Update: 1 spline, 4 tower
Update: 2 spline, 6 tower
Free: 1 spline, 3 tower
Update: 2 spline, 18 tower
Free: 1 spline, 9 tower
Update: 2 spline, 16 tower
Free: 1 spline, 9 tower
Update: 1 spline, 1 tower
Update: 2 spline, 6 tower
Free: 1 spline, 2 tower
Update: 1 spline, 3 tower
Update: 8 spline, 30 tower
Free: 4 spline, 15 tower
Update: 10 spline, 42 tower
Free: 5 spline, 21 tower
Update: 2 spline, 16 tower
Free: 1 spline, 7 tower
Update: 1 spline, 1 tower
Update: 1 spline, 4 tower
Update: 1 spline, 9 tower
Free: 1 spline, 9 tower
Update: 2 spline, 16 tower
Free: 1 spline, 9 tower
Update: 2 spline, 14 tower
Free: 1 spline, 7 tower
Update: 2 spline, 8 tower
Update: 4 spline, 16 tower
Free: 2 spline, 8 tower
Update: 4 spline, 16 tower
Free: 2 spline, 8 tower
Update: 4 spline, 16 tower
Free: 2 spline, 8 tower
Update: 1 spline, 1 tower
Update: 6 spline, 24 tower
Free: 3 spline, 12 tower
Update: 1 spline, 4 tower
Update: 6 spline, 24 tower
Free: 3 spline, 12 tower
Update: 6 spline, 24 tower
Free: 3 spline, 12 tower
Update: 6 spline, 24 tower
Free: 3 spline, 12 tower
Update: 6 spline, 24 tower
Free: 3 spline, 12 tower
Update: 2 spline, 6 tower
Free: 1 spline, 3 tower
Update: 2 spline, 9 tower
Update: 4 spline, 18 tower
Free: 2 spline, 9 tower
Update: 4 spline, 18 tower
Free: 2 spline, 9 tower
Update: 4 spline, 18 tower
Free: 2 spline, 9 tower
Update: 4 spline, 18 tower
Free: 2 spline, 9 tower
Update: 2 spline, 16 tower
Free: 1 spline, 7 tower
Update: 2 spline, 8 tower
Update: 6 spline, 24 tower
Free: 3 spline, 12 tower
Update: 1 spline, 1 tower
Update: 2 spline, 2 tower
Free: 1 spline, 1 tower
Update: 6 spline, 24 tower
Free: 3 spline, 12 tower
Update: 6 spline, 24 tower
Free: 3 spline, 12 tower
Update: 1 spline, 4 tower
Update: 2 spline, 8 tower
Free: 1 spline, 4 tower
Update: 3 spline, 12 tower
Update: 6 spline, 25 tower
Free: 3 spline, 12 tower
Update: 6 spline, 26 tower
Free: 3 spline, 13 tower
Update: 10 spline, 44 tower
Free: 5 spline, 22 tower
Update: 6 spline, 26 tower
Free: 3 spline, 13 tower
Update: 4 spline, 18 tower
Free: 2 spline, 9 tower
Update: 4 spline, 18 tower
Free: 2 spline, 9 tower
Update: 2 spline, 16 tower
Free: 1 spline, 9 tower
Update: 2 spline, 8 tower
Update: 10 spline, 40 tower
Free: 5 spline, 20 tower
Update: 1 spline, 1 tower
Update: 1 spline, 4 tower
Update: 2 spline, 4 tower
Free: 1 spline, 2 tower
Update: 2 spline, 16 tower
Free: 1 spline, 7 tower
Update: 2 spline, 8 tower
Update: 1 spline, 1 tower
Update: 2 spline, 2 tower
Free: 1 spline, 1 tower
Update: 6 spline, 24 tower
Free: 3 spline, 12 tower
Update: 6 spline, 24 tower
Free: 3 spline, 12 tower
Update: 1 spline, 4 tower
Update: 6 spline, 25 tower
Free: 3 spline, 13 tower
Update: 10 spline, 42 tower
Free: 5 spline, 21 tower
Update: 1 spline, 2 tower
Update: 2 spline, 16 tower
Free: 1 spline, 9 tower
Update: 2 spline, 8 tower
Update: 6 spline, 24 tower
Free: 3 spline, 12 tower
Update: 6 spline, 24 tower
Free: 3 spline, 12 tower
Update: 1 spline, 1 tower
Update: 1 spline, 4 tower
Update: 1 spline, 2 tower
Update: 5 spline, 25 tower
Free: 1 spline, 7 tower
Update: 6 spline, 22 tower
Free: 3 spline, 11 tower
Update: 6 spline, 22 tower
Free: 3 spline, 11 tower
Update: 6 spline, 22 tower
Free: 3 spline, 11 tower
Update: 4 spline, 18 tower
Free: 2 spline, 9 tower
Update: 2 spline, 16 tower
Free: 1 spline, 7 tower
Update: 2 spline, 8 tower
Update: 4 spline, 16 tower
Free: 2 spline, 8 tower
Update: 4 spline, 16 tower
Free: 2 spline, 8 tower
Update: 1 spline, 1 tower
Update: 2 spline, 2 tower
Free: 1 spline, 1 tower
Update: 1 spline, 1 tower
Update: 1 spline, 1 tower
Update: 1 spline, 1 tower
Update: 1 spline, 1 tower
Update: 7 spline, 25 tower
Free: 3 spline, 12 tower
Update: 1 spline, 1 tower
Update: 1 spline, 1 tower
Update: 1 spline, 1 tower
Update: 1 spline, 1 tower
Update: 1 spline, 1 tower
Update: 1 spline, 1 tower
Update: 1 spline, 1 tower
Update: 1 spline, 1 tower
Update: 1 spline, 1 tower
Update: 1 spline, 1 tower
Update: 1 spline, 1 tower
Update: 1 spline, 1 tower
Update: 1 spline, 1 tower
Update: 1 spline, 4 tower
Update: 1 spline, 2 tower
Update: 3 spline, 11 tower
Update: 8 spline, 40 tower
Free: 4 spline, 20 tower
Update: 6 spline, 22 tower
Free: 3 spline, 11 tower
Update: 3 spline, 12 tower
Update: 6 spline, 24 tower
Free: 3 spline, 12 tower
Update: 8 spline, 42 tower
Free: 4 spline, 21 tower
Update: 1 spline, 9 tower
Update: 2 spline, 16 tower
Free: 1 spline, 9 tower
Update: 2 spline, 14 tower
Free: 1 spline, 7 tower
Update: 4 spline, 16 tower
Free: 2 spline, 8 tower
Update: 3 spline, 12 tower
Update: 6 spline, 24 tower
Free: 3 spline, 12 tower
Update: 3 spline, 12 tower
Update: 3 spline, 12 tower
Update: 3 spline, 12 tower
Update: 3 spline, 12 tower
Update: 3 spline, 12 tower
Update: 8 spline, 38 tower
Free: 4 spline, 19 tower
Update: 3 spline, 12 tower
Update: 3 spline, 12 tower
Update: 1 spline, 1 tower
Update: 6 spline, 24 tower
Free: 3 spline, 12 tower
Update: 1 spline, 4 tower
Update: 1 spline, 4 tower
Update: 1 spline, 2 tower
Update: 3 spline, 11 tower
Update: 8 spline, 36 tower
Free: 4 spline, 18 tower
Update: 6 spline, 22 tower
Free: 3 spline, 11 tower
Update: 1 spline, 7 tower
Update: 2 spline, 16 tower
Free: 1 spline, 7 tower
Update: 2 spline, 4 tower
Free: 1 spline, 2 tower
Update: 4 spline, 17 tower
Free: 2 spline, 8 tower
Update: 4 spline, 18 tower
Free: 2 spline, 9 tower
Update: 3 spline, 12 tower
Update: 6 spline, 24 tower
Free: 3 spline, 12 tower
Update: 3 spline, 12 tower
Update: 3 spline, 12 tower
Update: 3 spline, 12 tower
Update: 3 spline, 12 tower
Update: 3 spline, 12 tower
Update: 8 spline, 42 tower
Free: 4 spline, 21 tower
Update: 3 spline, 12 tower
Update: 3 spline, 12 tower
Update: 3 spline, 12 tower
Update: 3 spline, 12 tower
Update: 3 spline, 12 tower
Update: 3 spline, 12 tower
Update: 3 spline, 12 tower
Update: 3 spline, 12 tower
Update: 3 spline, 12 tower
Update: 3 spline, 12 tower
Update: 3 spline, 12 tower
Update: 1 spline, 4 tower
Update: 6 spline, 24 tower
Free: 3 spline, 12 tower
Update: 6 spline, 24 tower
Free: 3 spline, 12 tower
Update: 6 spline, 24 tower
Free: 3 spline, 12 tower
Update: 6 spline, 24 tower
Free: 3 spline, 12 tower
Update: 1 spline, 2 tower
Update: 8 spline, 40 tower
Free: 4 spline, 20 tower
Update: 6 spline, 22 tower
Free: 3 spline, 11 tower
Update: 1 spline, 9 tower
Update: 2 spline, 16 tower
Free: 1 spline, 9 tower
Update: 6 spline, 24 tower
Free: 3 spline, 12 tower
Update: 6 spline, 24 tower
Free: 3 spline, 12 tower
Update: 6 spline, 24 tower
Free: 3 spline, 12 tower
Update: 6 spline, 24 tower
Free: 3 spline, 12 tower
Update: 1 spline, 3 tower
Update: 6 spline, 24 tower
Free: 3 spline, 12 tower
Update: 6 spline, 24 tower
Free: 3 spline, 12 tower
Update: 1 spline, 4 tower
Update: 1 spline, 2 tower
Update: 6 spline, 22 tower
Free: 3 spline, 11 tower
Update: 6 spline, 22 tower
Free: 3 spline, 11 tower
Update: 1 spline, 7 tower
Update: 2 spline, 16 tower
Free: 1 spline, 7 tower
Update: 6 spline, 24 tower
Free: 3 spline, 12 tower
Update: 6 spline, 24 tower
Free: 3 spline, 12 tower
Update: 1 spline, 3 tower
Update: 1 spline, 4 tower
Update: 2 spline, 8 tower
Free: 1 spline, 4 tower
Update: 1 spline, 2 tower
Update: 1 spline, 9 tower
Update: 2 spline, 16 tower
Free: 1 spline, 9 tower
Update: 6 spline, 24 tower
Free: 3 spline, 12 tower
Update: 6 spline, 24 tower
Free: 3 spline, 12 tower
Update: 2 spline, 4 tower
Free: 1 spline, 2 tower
Update: 1 spline, 3 tower
Update: 2 spline, 2 tower
Free: 1 spline, 1 tower
Update: 6 spline, 24 tower
Free: 3 spline, 12 tower
Update: 6 spline, 24 tower
Free: 3 spline, 12 tower
Update: 2 spline, 6 tower
Free: 1 spline, 2 tower
Update: 1 spline, 3 tower
Update: 1 spline, 2 tower
Update: 1 spline, 7 tower
Update: 2 spline, 16 tower
Free: 1 spline, 7 tower
Update: 1 spline, 9 tower
Update: 6 spline, 36 tower
Free: 3 spline, 18 tower
Update: 6 spline, 24 tower
Free: 3 spline, 12 tower
Update: 1 spline, 3 tower
Update: 5 spline, 19 tower
Free: 1 spline, 3 tower
Update: 6 spline, 26 tower
Free: 3 spline, 13 tower
Update: 12 spline, 50 tower
Free: 6 spline, 25 tower
Update: 12 spline, 50 tower
Free: 6 spline, 25 tower
Update: 1 spline, 4 tower
Update: 4 spline, 16 tower
Free: 2 spline, 8 tower
Update: 1 spline, 2 tower
Update: 6 spline, 23 tower
Free: 3 spline, 11 tower
Update: 7 spline, 25 tower
Free: 3 spline, 12 tower
Update: 8 spline, 26 tower
Free: 4 spline, 13 tower
Update: 8 spline, 26 tower
Free: 4 spline, 13 tower
Update: 1 spline, 9 tower
Update: 2 spline, 16 tower
Free: 1 spline, 9 tower
Update: 6 spline, 26 tower
Free: 3 spline, 13 tower
Update: 12 spline, 50 tower
Free: 6 spline, 25 tower
Update: 1 spline, 9 tower
Update: 1 spline, 1 tower
Update: 2 spline, 2 tower
Free: 1 spline, 1 tower
Update: 1 spline, 1 tower
Update: 1 spline, 1 tower
Update: 1 spline, 1 tower
Update: 1 spline, 1 tower
Update: 1 spline, 1 tower
Update: 13 spline, 51 tower
Free: 6 spline, 25 tower
Update: 1 spline, 1 tower
Update: 13 spline, 51 tower
Free: 6 spline, 25 tower
Update: 4 spline, 16 tower
Update: 1 spline, 4 tower
Update: 4 spline, 18 tower
Free: 2 spline, 9 tower
Update: 1 spline, 2 tower
Update: 1 spline, 3 tower
Update: 1 spline, 7 tower
Update: 2 spline, 16 tower
Free: 1 spline, 7 tower
Update: 1 spline, 9 tower
Update: 12 spline, 50 tower
Free: 6 spline, 25 tower
Update: 4 spline, 16 tower
Update: 1 spline, 4 tower
Update: 2 spline, 8 tower
Free: 1 spline, 4 tower
Update: 4 spline, 18 tower
Free: 2 spline, 9 tower
Update: 2 spline, 5 tower
Update: 5 spline, 20 tower
Free: 2 spline, 9 tower
Update: 8 spline, 40 tower
Free: 4 spline, 20 tower
Update: 1 spline, 9 tower
Update: 2 spline, 16 tower
Free: 1 spline, 9 tower
Update: 1 spline, 9 tower
Update: 4 spline, 18 tower
Free: 2 spline, 9 tower
Update: 4 spline, 18 tower
Free: 2 spline, 9 tower
Update: 3 spline, 12 tower
Update: 6 spline, 24 tower
Free: 3 spline, 12 tower
Update: 3 spline, 12 tower
Update: 3 spline, 12 tower
Update: 3 spline, 12 tower
Update: 3 spline, 12 tower
Update: 3 spline, 12 tower
Update: 14 spline, 64 tower
Free: 7 spline, 32 tower
Update: 3 spline, 12 tower
Update: 3 spline, 12 tower
Update: 3 spline, 12 tower
Update: 4 spline, 16 tower
Update: 1 spline, 4 tower
Update: 2 spline, 5 tower
Update: 2 spline, 6 tower
Free: 1 spline, 3 tower
Update: 9 spline, 39 tower
Free: 5 spline, 20 tower
Update: 6 spline, 24 tower
Free: 3 spline, 12 tower
Update: 14 spline, 62 tower
Free: 7 spline, 31 tower
Update: 6 spline, 24 tower
Free: 3 spline, 12 tower
Update: 1 spline, 7 tower
Update: 2 spline, 16 tower
Free: 1 spline, 7 tower
Update: 1 spline, 9 tower
Update: 6 spline, 24 tower
Free: 3 spline, 12 tower
Update: 20 spline, 104 tower
Free: 10 spline, 52 tower
Update: 4 spline, 16 tower
Update: 1 spline, 4 tower
Update: 1 spline, 2 tower
Update: 2 spline, 5 tower
Update: 9 spline, 44 tower
Free: 4 spline, 21 tower
Update: 6 spline, 24 tower
Free: 3 spline, 12 tower
Update: 6 spline, 24 tower
Free: 3 spline, 12 tower
Update: 14 spline, 68 tower
Free: 7 spline, 34 tower
Update: 1 spline, 9 tower
Update: 2 spline, 16 tower
Free: 1 spline, 9 tower
Update: 1 spline, 9 tower
Update: 16 spline, 68 tower
Free: 8 spline, 34 tower
Update: 4 spline, 16 tower
Update: 1 spline, 4 tower
Update: 2 spline, 8 tower
Free: 1 spline, 4 tower
Update: 6 spline, 22 tower
Free: 3 spline, 12 tower
Update: 6 spline, 20 tower
Free: 3 spline, 10 tower
Update: 1 spline, 2 tower
Update: 2 spline, 5 tower
Update: 1 spline, 2 tower
Update: 8 spline, 38 tower
Free: 4 spline, 19 tower
Update: 6 spline, 24 tower
Free: 3 spline, 12 tower
Update: 1 spline, 7 tower
Update: 2 spline, 16 tower
Free: 1 spline, 7 tower
Update: 2 spline, 18 tower
Free: 1 spline, 9 tower
Update: 1 spline, 9 tower
Update: 4 spline, 16 tower
Update: 1 spline, 4 tower
Update: 1 spline, 2 tower
Update: 1 spline, 2 tower
Update: 2 spline, 5 tower
Update: 1 spline, 2 tower
Update: 8 spline, 42 tower
Free: 4 spline, 21 tower
Update: 6 spline, 24 tower
Free: 3 spline, 12 tower
Update: 8 spline, 42 tower
Free: 4 spline, 21 tower
Update: 8 spline, 42 tower
Free: 4 spline, 21 tower
Update: 6 spline, 22 tower
Free: 3 spline, 11 tower
Update: 1 spline, 9 tower
Update: 6 spline, 36 tower
Free: 3 spline, 18 tower
Update: 5 spline, 19 tower
Free: 2 spline, 9 tower
Update: 8 spline, 38 tower
Free: 4 spline, 19 tower
Update: 6 spline, 20 tower
Free: 3 spline, 10 tower
Update: 3 spline, 13 tower
Update: 12 spline, 50 tower
Free: 6 spline, 25 tower
Update: 1 spline, 4 tower
Update: 11 spline, 39 tower
Free: 5 spline, 18 tower
Update: 1 spline, 2 tower
Update: 1 spline, 2 tower
Update: 2 spline, 5 tower
Update: 1 spline, 2 tower
Update: 6 spline, 24 tower
Free: 3 spline, 12 tower
Update: 6 spline, 24 tower
Free: 3 spline, 12 tower
Update: 8 spline, 42 tower
Free: 4 spline, 21 tower
Update: 8 spline, 42 tower
Free: 4 spline, 21 tower
Update: 6 spline, 22 tower
Free: 3 spline, 11 tower
Update: 3 spline, 13 tower
Update: 2 spline, 7 tower
Update: 1 spline, 2 tower
Update: 1 spline, 2 tower
Update: 2 spline, 5 tower
Update: 1 spline, 2 tower
Update: 8 spline, 40 tower
Free: 4 spline, 20 tower
Update: 2 spline, 18 tower
Free: 1 spline, 9 tower
Update: 8 spline, 38 tower
Free: 4 spline, 19 tower
Update: 18 spline, 72 tower
Free: 9 spline, 36 tower
Update: 2 spline, 2 tower
Free: 1 spline, 1 tower
Update: 12 spline, 50 tower
Free: 6 spline, 25 tower
Update: 1 spline, 3 tower
Update: 1 spline, 2 tower
Update: 6 spline, 22 tower
Free: 3 spline, 11 tower
Update: 8 spline, 40 tower
Free: 4 spline, 20 tower
Update: 1 spline, 2 tower
Update: 2 spline, 5 tower
Update: 1 spline, 2 tower
Update: 6 spline, 24 tower
Free: 3 spline, 12 tower
Update: 6 spline, 24 tower
Free: 3 spline, 12 tower
Update: 6 spline, 24 tower
Free: 3 spline, 12 tower
Update: 6 spline, 24 tower
Free: 3 spline, 12 tower
Update: 5 spline, 20 tower
Free: 3 spline, 10 tower
Update: 4 spline, 20 tower
Free: 2 spline, 10 tower
Update: 4 spline, 20 tower
Free: 2 spline, 10 tower
Update: 4 spline, 20 tower
Free: 2 spline, 10 tower
Update: 1 spline, 3 tower
Update: 2 spline, 6 tower
Free: 1 spline, 3 tower
Update: 1 spline, 3 tower
Update: 1 spline, 3 tower
Update: 1 spline, 3 tower
Update: 1 spline, 3 tower
Update: 1 spline, 3 tower
Update: 1 spline, 3 tower
Update: 19 spline, 75 tower
Free: 9 spline, 36 tower
Update: 1 spline, 3 tower
Update: 1 spline, 3 tower
Update: 1 spline, 3 tower
Update: 1 spline, 3 tower
Update: 1 spline, 3 tower
Update: 1 spline, 3 tower
Update: 1 spline, 3 tower
Update: 1 spline, 3 tower
Update: 1 spline, 3 tower
Update: 1 spline, 3 tower
Update: 6 spline, 26 tower
Free: 3 spline, 13 tower
Update: 12 spline, 50 tower
Free: 6 spline, 25 tower
Update: 1 spline, 3 tower
Update: 1 spline, 2 tower
Update: 1 spline, 2 tower
Update: 1 spline, 2 tower
Update: 2 spline, 5 tower
Update: 2 spline, 4 tower
Free: 1 spline, 2 tower
Update: 1 spline, 2 tower
Update: 2 spline, 20 tower
Free: 1 spline, 9 tower
Update: 6 spline, 42 tower
Free: 3 spline, 21 tower
Update: 3 spline, 12 tower
Update: 12 spline, 48 tower
Free: 6 spline, 24 tower
Update: 6 spline, 24 tower
Free: 3 spline, 12 tower
Update: 20 spline, 92 tower
Free: 10 spline, 46 tower
Update: 18 spline, 74 tower
Free: 9 spline, 37 tower
Update: 1 spline, 1 tower
Update: 2 spline, 2 tower
Free: 1 spline, 1 tower
Update: 1 spline, 1 tower
Update: 1 spline, 1 tower
Update: 1 spline, 1 tower
Update: 1 spline, 1 tower
Update: 1 spline, 1 tower
Update: 13 spline, 51 tower
Free: 6 spline, 25 tower
Update: 1 spline, 1 tower
Update: 1 spline, 1 tower
Update: 1 spline, 1 tower
Update: 1 spline, 1 tower
Update: 1 spline, 1 tower
Update: 1 spline, 1 tower
Update: 1 spline, 1 tower
Update: 1 spline, 1 tower
Update: 1 spline, 1 tower
Update: 1 spline, 1 tower
Update: 1 spline, 1 tower
Update: 1 spline, 3 tower
Update: 2 spline, 4 tower
Update: 1 spline, 2 tower
Update: 2 spline, 5 tower
Update: 2 spline, 6 tower
Free: 1 spline, 3 tower
Update: 4 spline, 14 tower
Update: 10 spline, 45 tower
Free: 5 spline, 23 tower
Update: 6 spline, 22 tower
Free: 3 spline, 11 tower
Update: 14 spline, 64 tower
Free: 7 spline, 32 tower
Update: 6 spline, 22 tower
Free: 3 spline, 11 tower
Update: 2 spline, 18 tower
Free: 1 spline, 9 tower
Update: 1 spline, 3 tower
Update: 2 spline, 8 tower
Free: 1 spline, 4 tower
Update: 2 spline, 4 tower
Update: 1 spline, 2 tower
Update: 2 spline, 5 tower
Update: 2 spline, 6 tower
Free: 1 spline, 3 tower
Update: 1 spline, 2 tower
Update: 6 spline, 22 tower
Free: 3 spline, 11 tower
Update: 8 spline, 44 tower
Free: 4 spline, 22 tower
Update: 2 spline, 2 tower
Free: 1 spline, 1 tower
Update: 12 spline, 50 tower
Free: 6 spline, 25 tower
Update: 12 spline, 50 tower
Free: 6 spline, 25 tower
Update: 14 spline, 68 tower
Free: 7 spline, 34 tower
Update: 2 spline, 6 tower
Free: 1 spline, 3 tower
Update: 2 spline, 4 tower
Update: 6 spline, 22 tower
Free: 3 spline, 11 tower
Update: 1 spline, 2 tower
Update: 1 spline, 2 tower
Update: 1 spline, 2 tower
Update: 2 spline, 18 tower
Free: 1 spline, 9 tower
Update: 8 spline, 42 tower
Free: 4 spline, 21 tower
Update: 14 spline, 68 tower
Free: 7 spline, 34 tower
Update: 1 spline, 1 tower
Update: 2 spline, 2 tower
Free: 1 spline, 1 tower
Update: 1 spline, 1 tower
Update: 1 spline, 1 tower
Update: 1 spline, 1 tower
Update: 1 spline, 1 tower
Update: 1 spline, 1 tower
Update: 13 spline, 51 tower
Free: 6 spline, 25 tower
Update: 1 spline, 1 tower
Update: 1 spline, 1 tower
Update: 6 spline, 26 tower
Free: 3 spline, 13 tower
Update: 14 spline, 68 tower
Free: 7 spline, 34 tower
Update: 2 spline, 4 tower
Update: 1 spline, 2 tower
Update: 1 spline, 2 tower
Update: 1 spline, 2 tower
Update: 8 spline, 40 tower
Free: 4 spline, 20 tower
Update: 6 spline, 22 tower
Free: 3 spline, 11 tower
Update: 14 spline, 68 tower
Free: 7 spline, 34 tower
Update: 1 spline, 1 tower
Update: 2 spline, 2 tower
Free: 1 spline, 1 tower
Update: 1 spline, 1 tower
Update: 1 spline, 1 tower
Update: 1 spline, 1 tower
Update: 1 spline, 1 tower
Update: 1 spline, 1 tower
Update: 1 spline, 1 tower
Update: 19 spline, 93 tower
Free: 9 spline, 46 tower
Update: 1 spline, 1 tower
Update: 1 spline, 1 tower
Update: 1 spline, 1 tower
Update: 1 spline, 1 tower
Update: 1 spline, 1 tower
Update: 1 spline, 1 tower
Update: 1 spline, 1 tower
Update: 1 spline, 1 tower
Update: 1 spline, 1 tower
Update: 1 spline, 1 tower
Update: 2 spline, 10 tower
Update: 4 spline, 20 tower
Free: 2 spline, 10 tower
Update: 2 spline, 10 tower
Update: 2 spline, 10 tower
Update: 4 spline, 20 tower
Free: 2 spline, 10 tower
Update: 2 spline, 10 tower
Update: 4 spline, 20 tower
Free: 2 spline, 10 tower
Update: 14 spline, 68 tower
Free: 7 spline, 34 tower
Update: 2 spline, 4 tower
Update: 1 spline, 2 tower
Update: 1 spline, 2 tower
Update: 6 spline, 26 tower
Free: 3 spline, 13 tower
Update: 4 spline, 20 tower
Free: 2 spline, 10 tower
Update: 1 spline, 2 tower
Update: 8 spline, 40 tower
Free: 4 spline, 20 tower
Update: 14 spline, 64 tower
Free: 7 spline, 32 tower
Update: 4 spline, 20 tower
Free: 2 spline, 10 tower
Update: 4 spline, 20 tower
Free: 2 spline, 10 tower
Update: 8 spline, 42 tower
Free: 4 spline, 21 tower
Update: 14 spline, 68 tower
Free: 7 spline, 34 tower
Update: 1 spline, 3 tower
Update: 2 spline, 6 tower
Free: 1 spline, 3 tower
Update: 1 spline, 3 tower
Update: 1 spline, 3 tower
Update: 1 spline, 3 tower
Update: 1 spline, 3 tower
Update: 1 spline, 3 tower
Update: 1 spline, 3 tower
Update: 1 spline, 3 tower
Update: 1 spline, 3 tower
Update: 4 spline, 20 tower
Free: 2 spline, 10 tower
Update: 4 spline, 20 tower
Free: 2 spline, 10 tower
Update: 4 spline, 20 tower
Free: 2 spline, 10 tower
Update: 4 spline, 20 tower
Free: 2 spline, 10 tower
Update: 14 spline, 68 tower
Free: 7 spline, 34 tower
Update: 2 spline, 4 tower
Update: 6 spline, 22 tower
Free: 3 spline, 11 tower
Update: 1 spline, 2 tower
Update: 1 spline, 2 tower
Update: 2 spline, 6 tower
Free: 1 spline, 3 tower
Update: 1 spline, 2 tower
Update: 8 spline, 40 tower
Free: 4 spline, 20 tower
Update: 6 spline, 22 tower
Free: 3 spline, 11 tower
Update: 16 spline, 70 tower
Free: 8 spline, 35 tower
Update: 6 spline, 22 tower
Free: 3 spline, 11 tower
Update: 20 spline, 90 tower
Free: 10 spline, 45 tower
Update: 4 spline, 20 tower
Free: 2 spline, 10 tower
Update: 4 spline, 20 tower
Free: 2 spline, 10 tower
Update: 3 spline, 11 tower
Update: 6 spline, 22 tower
Free: 3 spline, 11 tower
Update: 6 spline, 22 tower
Free: 3 spline, 11 tower
Update: 8 spline, 44 tower
Free: 4 spline, 22 tower
Update: 8 spline, 44 tower
Free: 4 spline, 22 tower
Update: 8 spline, 42 tower
Free: 4 spline, 21 tower
Update: 14 spline, 68 tower
Free: 7 spline, 34 tower
Update: 14 spline, 68 tower
Free: 7 spline, 34 tower
Update: 4 spline, 14 tower
Free: 2 spline, 7 tower
Update: 2 spline, 4 tower
Update: 8 spline, 30 tower
Free: 3 spline, 10 tower
Update: 11 spline, 41 tower
Free: 5 spline, 20 tower
Update: 8 spline, 20 tower
Free: 4 spline, 10 tower
Update: 8 spline, 20 tower
Free: 4 spline, 10 tower
Update: 1 spline, 2 tower
Update: 4 spline, 22 tower
Free: 2 spline, 11 tower
Update: 1 spline, 2 tower
Update: 1 spline, 2 tower
Update: 8 spline, 26 tower
Free: 4 spline, 13 tower
Update: 6 spline, 22 tower
Free: 3 spline, 11 tower
Update: 14 spline, 64 tower
Free: 7 spline, 32 tower
Update: 6 spline, 22 tower
Free: 3 spline, 11 tower
Update: 4 spline, 20 tower
Free: 2 spline, 10 tower
Update: 4 spline, 20 tower
Free: 2 spline, 10 tower
Update: 3 spline, 11 tower
Update: 8 spline, 42 tower
Free: 4 spline, 21 tower
Update: 14 spline, 68 tower
Free: 7 spline, 34 tower
Update: 4 spline, 20 tower
Free: 2 spline, 10 tower
Update: 4 spline, 20 tower
Free: 2 spline, 10 tower
Update: 6 spline, 26 tower
Free: 3 spline, 13 tower
Update: 6 spline, 26 tower
Free: 3 spline, 13 tower
Update: 12 spline, 50 tower
Free: 6 spline, 25 tower
Update: 12 spline, 50 tower
Free: 6 spline, 25 tower
Update: 14 spline, 68 tower
Free: 7 spline, 34 tower
Update: 3 spline, 13 tower
Update: 1 spline, 2 tower
Update: 1 spline, 2 tower
Update: 4 spline, 20 tower
Free: 2 spline, 10 tower
Update: 4 spline, 20 tower
Free: 2 spline, 10 tower
Update: 3 spline, 11 tower
Update: 8 spline, 44 tower
Free: 4 spline, 22 tower
Update: 8 spline, 42 tower
Free: 4 spline, 21 tower
Update: 14 spline, 68 tower
Free: 7 spline, 34 tower
Update: 1 spline, 3 tower
Update: 1 spline, 3 tower
Update: 1 spline, 3 tower
Update: 1 spline, 3 tower
Update: 1 spline, 3 tower
Update: 1 spline, 3 tower
Update: 5 spline, 23 tower
Free: 2 spline, 10 tower
Update: 1 spline, 3 tower
Update: 1 spline, 3 tower
Update: 1 spline, 3 tower
Update: 4 spline, 20 tower
Free: 2 spline, 10 tower
Update: 4 spline, 20 tower
Free: 2 spline, 10 tower
Update: 6 spline, 26 tower
Free: 3 spline, 13 tower
Update: 6 spline, 26 tower
Free: 3 spline, 13 tower
Update: 12 spline, 50 tower
Free: 6 spline, 25 tower
Update: 12 spline, 50 tower
Free: 6 spline, 25 tower
Update: 2 spline, 2 tower
Free: 1 spline, 1 tower
Update: 12 spline, 50 tower
Free: 6 spline, 25 tower
Update: 14 spline, 68 tower
Free: 7 spline, 34 tower
Update: 3 spline, 13 tower
Update: 4 spline, 22 tower
Free: 2 spline, 11 tower
Update: 4 spline, 22 tower
Free: 2 spline, 11 tower
Update: 6 spline, 22 tower
Free: 3 spline, 11 tower
Update: 1 spline, 2 tower
Update: 1 spline, 2 tower
Update: 4 spline, 20 tower
Free: 2 spline, 10 tower
Update: 4 spline, 20 tower
Free: 2 spline, 10 tower
Update: 3 spline, 11 tower
Update: 8 spline, 44 tower
Free: 4 spline, 22 tower
Update: 8 spline, 42 tower
Free: 4 spline, 21 tower
Update: 14 spline, 68 tower
Free: 7 spline, 34 tower
Update: 3 spline, 21 tower
Update: 6 spline, 42 tower
Free: 3 spline, 21 tower
Update: 10 spline, 64 tower
Free: 5 spline, 32 tower
Update: 1 spline, 3 tower
Update: 1 spline, 3 tower
Update: 1 spline, 3 tower
Update: 1 spline, 3 tower
Update: 1 spline, 3 tower
Update: 1 spline, 3 tower
Update: 1 spline, 3 tower
Update: 1 spline, 3 tower
Update: 1 spline, 3 tower
Update: 1 spline, 3 tower
Update: 4 spline, 20 tower
Free: 2 spline, 10 tower
Update: 4 spline, 20 tower
Free: 2 spline, 10 tower
Update: 6 spline, 24 tower
Free: 3 spline, 12 tower
Update: 14 spline, 68 tower
Free: 7 spline, 34 tower
Update: 1 spline, 2 tower
Update: 4 spline, 22 tower
Free: 2 spline, 11 tower
Update: 1 spline, 2 tower
Update: 2 spline, 4 tower
Free: 1 spline, 2 tower
Update: 1 spline, 2 tower
Update: 4 spline, 20 tower
Free: 2 spline, 10 tower
Update: 4 spline, 20 tower
Free: 2 spline, 10 tower
Update: 3 spline, 11 tower
Update: 8 spline, 44 tower
Free: 4 spline, 22 tower
Update: 14 spline, 68 tower
Free: 7 spline, 34 tower
Update: 4 spline, 22 tower
Free: 2 spline, 10 tower
Update: 4 spline, 24 tower
Free: 2 spline, 12 tower
Update: 4 spline, 20 tower
Free: 2 spline, 10 tower
Update: 4 spline, 20 tower
Free: 2 spline, 10 tower
Update: 14 spline, 68 tower
Free: 7 spline, 34 tower
Update: 1 spline, 2 tower
Update: 1 spline, 2 tower
Update: 1 spline, 2 tower
Update: 4 spline, 22 tower
Free: 2 spline, 11 tower
Update: 7 spline, 31 tower
Free: 3 spline, 11 tower
Update: 8 spline, 40 tower
Free: 4 spline, 20 tower
Update: 8 spline, 40 tower
Free: 4 spline, 20 tower
Update: 8 spline, 40 tower
Free: 4 spline, 20 tower
Update: 3 spline, 11 tower
Update: 6 spline, 24 tower
Free: 3 spline, 12 tower
Update: 14 spline, 68 tower
Free: 7 spline, 34 tower
Update: 2 spline, 8 tower
Free: 1 spline, 4 tower
Update: 14 spline, 68 tower
Free: 7 spline, 34 tower
Update: 5 spline, 21 tower
Free: 2 spline, 10 tower
Update: 6 spline, 22 tower
Free: 3 spline, 11 tower
Update: 6 spline, 24 tower
Free: 3 spline, 12 tower
Update: 14 spline, 68 tower
Free: 7 spline, 34 tower
Update: 6 spline, 24 tower
Free: 3 spline, 12 tower
Update: 14 spline, 68 tower
Free: 7 spline, 34 tower
Update: 6 spline, 24 tower
Free: 3 spline, 12 tower
Update: 14 spline, 68 tower
Free: 7 spline, 34 tower
Update: 6 spline, 24 tower
Free: 3 spline, 12 tower
Update: 14 spline, 68 tower
Free: 7 spline, 34 tower
Update: 14 spline, 68 tower
Free: 7 spline, 34 tower
Update: 1 spline, 2 tower
Update: 10 spline, 24 tower
Free: 5 spline, 12 tower
Update: 8 spline, 20 tower
Free: 4 spline, 10 tower
Update: 8 spline, 20 tower
Free: 4 spline, 10 tower
Update: 8 spline, 20 tower
Free: 4 spline, 10 tower
Update: 1 spline, 2 tower
Update: 4 spline, 22 tower
Free: 2 spline, 11 tower
Update: 6 spline, 22 tower
Free: 3 spline, 11 tower
Update: 1 spline, 2 tower
Update: 1 spline, 9 tower
Update: 8 spline, 40 tower
Free: 4 spline, 20 tower
Update: 8 spline, 40 tower
Free: 4 spline, 20 tower
Update: 3 spline, 11 tower
Update: 8 spline, 44 tower
Free: 4 spline, 22 tower
Update: 14 spline, 68 tower
Free: 7 spline, 34 tower
Update: 6 spline, 26 tower
Free: 3 spline, 13 tower
Update: 6 spline, 26 tower
Free: 3 spline, 13 tower
Update: 12 spline, 50 tower
Free: 6 spline, 25 tower
Update: 12 spline, 50 tower
Free: 6 spline, 25 tower
Update: 6 spline, 22 tower
Free: 3 spline, 11 tower
Update: 6 spline, 22 tower
Free: 3 spline, 11 tower
Update: 6 spline, 22 tower
Free: 3 spline, 11 tower
Update: 6 spline, 22 tower
Free: 3 spline, 11 tower
Update: 5 spline, 14 tower
Free: 1 spline, 3 tower
Update: 6 spline, 20 tower
Free: 3 spline, 10 tower
Update: 6 spline, 19 tower
Free: 3 spline, 10 tower
Update: 12 spline, 44 tower
Free: 6 spline, 22 tower
Update: 20 spline, 86 tower
Free: 10 spline, 43 tower
Update: 1 spline, 2 tower
Update: 1 spline, 2 tower
Update: 1 spline, 9 tower
Update: 6 spline, 20 tower
Free: 3 spline, 11 tower
Update: 8 spline, 36 tower
Free: 4 spline, 18 tower
Update: 8 spline, 36 tower
Free: 4 spline, 18 tower
Update: 8 spline, 36 tower
Free: 4 spline, 18 tower
Update: 3 spline, 11 tower
Update: 8 spline, 44 tower
Free: 4 spline, 22 tower
Update: 4 spline, 22 tower
Free: 2 spline, 11 tower
Update: 14 spline, 68 tower
Free: 7 spline, 34 tower
Update: 4 spline, 24 tower
Free: 2 spline, 12 tower
Update: 4 spline, 24 tower
Free: 2 spline, 12 tower
Update: 4 spline, 24 tower
Free: 2 spline, 12 tower
Update: 4 spline, 24 tower
Free: 2 spline, 12 tower
Update: 6 spline, 26 tower
Free: 3 spline, 13 tower
Update: 6 spline, 26 tower
Free: 3 spline, 13 tower
Update: 18 spline, 68 tower
Free: 9 spline, 34 tower
Update: 18 spline, 68 tower
Free: 9 spline, 34 tower
Update: 3 spline, 9 tower
Update: 12 spline, 48 tower
Free: 6 spline, 24 tower
Update: 12 spline, 48 tower
Free: 6 spline, 24 tower
Update: 24 spline, 90 tower
Free: 12 spline, 45 tower
Update: 26 spline, 108 tower
Free: 13 spline, 54 tower
Update: 2 spline, 8 tower
Free: 1 spline, 4 tower
Update: 4 spline, 22 tower
Free: 2 spline, 11 tower
Update: 1 spline, 2 tower
Update: 1 spline, 2 tower
Update: 1 spline, 2 tower
Update: 1 spline, 9 tower
Update: 3 spline, 11 tower
Update: 8 spline, 44 tower
Free: 4 spline, 22 tower
Update: 14 spline, 60 tower
Free: 7 spline, 30 tower
Update: 20 spline, 86 tower
Free: 10 spline, 43 tower
Update: 3 spline, 21 tower
Free: 1 spline, 11 tower
Update: 4 spline, 20 tower
Free: 2 spline, 10 tower
Update: 8 spline, 44 tower
Free: 4 spline, 22 tower
Update: 8 spline, 44 tower
Free: 4 spline, 22 tower
Update: 4 spline, 22 tower
Free: 2 spline, 12 tower
Update: 4 spline, 20 tower
Free: 2 spline, 10 tower
Update: 3 spline, 13 tower
Update: 6 spline, 26 tower
Free: 3 spline, 13 tower
Update: 6 spline, 26 tower
Free: 3 spline, 13 tower
Update: 3 spline, 13 tower
Update: 3 spline, 13 tower
Update: 3 spline, 13 tower
Update: 3 spline, 13 tower
Update: 3 spline, 13 tower
Update: 3 spline, 13 tower
Update: 3 spline, 13 tower
Update: 3 spline, 13 tower
Update: 18 spline, 68 tower
Free: 9 spline, 34 tower
Update: 3 spline, 13 tower
Update: 3 spline, 13 tower
Update: 18 spline, 68 tower
Free: 9 spline, 34 tower
Update: 3 spline, 9 tower
Update: 14 spline, 68 tower
Free: 7 spline, 34 tower
Update: 2 spline, 8 tower
Free: 1 spline, 4 tower
Update: 1 spline, 2 tower
Update: 1 spline, 2 tower
Update: 2 spline, 4 tower
Free: 1 spline, 2 tower
Update: 1 spline, 9 tower
Update: 3 spline, 11 tower
Update: 1 spline, 9 tower
Update: 2 spline, 18 tower
Free: 1 spline, 9 tower
Update: 14 spline, 60 tower
Free: 7 spline, 30 tower
Update: 20 spline, 86 tower
Free: 10 spline, 43 tower
Update: 4 spline, 20 tower
Free: 2 spline, 10 tower
Update: 3 spline, 9 tower
Update: 11 spline, 44 tower
Free: 6 spline, 22 tower
Update: 11 spline, 44 tower
Free: 5 spline, 22 tower
Update: 3 spline, 9 tower
Update: 3 spline, 9 tower
Update: 3 spline, 9 tower
Update: 3 spline, 9 tower
Update: 3 spline, 9 tower
Update: 3 spline, 9 tower
Update: 18 spline, 68 tower
Free: 9 spline, 34 tower
Update: 3 spline, 9 tower
Update: 3 spline, 9 tower
Update: 3 spline, 9 tower
Update: 3 spline, 9 tower
Update: 18 spline, 68 tower
Free: 9 spline, 34 tower
Update: 3 spline, 9 tower
Update: 3 spline, 9 tower
Update: 3 spline, 9 tower
Update: 3 spline, 9 tower
Update: 3 spline, 9 tower
Update: 6 spline, 22 tower
Free: 3 spline, 11 tower
Update: 6 spline, 22 tower
Free: 3 spline, 11 tower
Update: 6 spline, 22 tower
Free: 3 spline, 11 tower
Update: 6 spline, 22 tower
Free: 3 spline, 11 tower
Update: 3 spline, 9 tower
Update: 14 spline, 68 tower
Free: 7 spline, 34 tower
Update: 4 spline, 8 tower
Free: 2 spline, 4 tower
Update: 1 spline, 2 tower
Update: 1 spline, 2 tower
Update: 1 spline, 9 tower
Update: 8 spline, 36 tower
Free: 4 spline, 18 tower
Update: 8 spline, 36 tower
Free: 4 spline, 18 tower
Update: 8 spline, 36 tower
Free: 4 spline, 18 tower
Update: 8 spline, 36 tower
Free: 4 spline, 18 tower
Update: 3 spline, 11 tower
Update: 1 spline, 9 tower
Update: 14 spline, 60 tower
Free: 7 spline, 30 tower
Update: 20 spline, 86 tower
Free: 10 spline, 43 tower
Update: 4 spline, 21 tower
Free: 2 spline, 10 tower
Update: 8 spline, 42 tower
Free: 4 spline, 21 tower
Update: 1 spline, 1 tower
Update: 8 spline, 28 tower
Free: 4 spline, 14 tower
Update: 7 spline, 27 tower
Free: 3 spline, 13 tower
Update: 1 spline, 1 tower
Update: 1 spline, 1 tower
Update: 1 spline, 1 tower
Update: 1 spline, 1 tower
Update: 1 spline, 1 tower
Update: 1 spline, 1 tower
Update: 1 spline, 1 tower
Update: 1 spline, 1 tower
Update: 26 spline, 110 tower
Free: 13 spline, 55 tower
Update: 18 spline, 68 tower
Free: 9 spline, 34 tower
Update: 3 spline, 11 tower
Update: 6 spline, 23 tower
Free: 3 spline, 11 tower
Update: 6 spline, 24 tower
Free: 3 spline, 12 tower
Update: 6 spline, 24 tower
Free: 3 spline, 12 tower
Update: 6 spline, 24 tower
Free: 3 spline, 12 tower
Update: 3 spline, 9 tower
Update: 3 spline, 12 tower
Free: 3 spline, 12 tower
Update: 8 spline, 44 tower
Free: 4 spline, 22 tower
Update: 8 spline, 44 tower
Free: 4 spline, 22 tower
Update: 3 spline, 12 tower
Free: 1 spline, 4 tower
Update: 1 spline, 2 tower
Update: 1 spline, 2 tower
Update: 1 spline, 9 tower
Update: 6 spline, 18 tower
Free: 3 spline, 9 tower
Update: 16 spline, 72 tower
Free: 8 spline, 36 tower
Update: 3 spline, 11 tower
Update: 1 spline, 9 tower
Update: 8 spline, 44 tower
Free: 4 spline, 22 tower
Update: 12 spline, 44 tower
Free: 6 spline, 22 tower
Update: 12 spline, 44 tower
Free: 6 spline, 22 tower
Update: 12 spline, 44 tower
Free: 6 spline, 22 tower
Update: 12 spline, 44 tower
Free: 6 spline, 22 tower
Update: 6 spline, 22 tower
Update: 16 spline, 47 tower
Free: 8 spline, 24 tower
Update: 12 spline, 42 tower
Free: 6 spline, 21 tower
Update: 14 spline, 60 tower
Free: 7 spline, 30 tower
Update: 12 spline, 42 tower
Free: 6 spline, 21 tower
Update: 1 spline, 4 tower
Update: 6 spline, 21 tower
Update: 15 spline, 47 tower
Free: 8 spline, 25 tower
Update: 10 spline, 36 tower
Free: 5 spline, 18 tower
Update: 16 spline, 58 tower
Free: 8 spline, 29 tower
Update: 10 spline, 36 tower
Free: 5 spline, 18 tower
Update: 1 spline, 2 tower
Update: 2 spline, 6 tower
Free: 1 spline, 3 tower
Update: 1 spline, 2 tower
Update: 1 spline, 9 tower
Update: 6 spline, 24 tower
Free: 3 spline, 12 tower
Update: 6 spline, 24 tower
Free: 3 spline, 12 tower
Update: 3 spline, 11 tower
Update: 5 spline, 23 tower
Free: 2 spline, 7 tower
Update: 8 spline, 36 tower
Free: 4 spline, 18 tower
Update: 14 spline, 60 tower
Free: 7 spline, 30 tower
Update: 4 spline, 10 tower
Update: 8 spline, 20 tower
Free: 4 spline, 10 tower
Update: 7 spline, 19 tower
Free: 3 spline, 9 tower
Update: 4 spline, 10 tower
Update: 4 spline, 10 tower
Update: 4 spline, 10 tower
Update: 4 spline, 10 tower
Update: 4 spline, 10 tower
Update: 4 spline, 10 tower
Update: 4 spline, 10 tower
Update: 21 spline, 85 tower
Free: 10 spline, 42 tower
Update: 1 spline, 1 tower
Update: 1 spline, 1 tower
Update: 13 spline, 43 tower
Free: 6 spline, 21 tower
Update: 1 spline, 1 tower
Update: 1 spline, 1 tower
Update: 1 spline, 1 tower
Update: 1 spline, 1 tower
Update: 1 spline, 1 tower
Update: 1 spline, 1 tower
Update: 3 spline, 9 tower
Update: 6 spline, 25 tower
Free: 3 spline, 12 tower
Update: 12 spline, 44 tower
Free: 6 spline, 22 tower
Update: 1 spline, 4 tower
Update: 1 spline, 2 tower
Update: 1 spline, 2 tower
Update: 1 spline, 9 tower
Update: 3 spline, 11 tower
Update: 1 spline, 9 tower
Update: 2 spline, 17 tower
Free: 1 spline, 9 tower
Update: 2 spline, 16 tower
Free: 1 spline, 8 tower
Update: 8 spline, 34 tower
Free: 4 spline, 17 tower
Update: 14 spline, 60 tower
Free: 7 spline, 30 tower
Update: 4 spline, 10 tower
Update: 8 spline, 20 tower
Free: 4 spline, 10 tower
Update: 7 spline, 19 tower
Free: 3 spline, 9 tower
Update: 4 spline, 10 tower
Update: 4 spline, 10 tower
Update: 4 spline, 10 tower
Update: 4 spline, 10 tower
Update: 4 spline, 10 tower
Update: 4 spline, 10 tower
Update: 13 spline, 45 tower
Free: 6 spline, 22 tower
Update: 3 spline, 9 tower
Update: 3 spline, 9 tower
Update: 12 spline, 44 tower
Free: 6 spline, 22 tower
Update: 3 spline, 9 tower
Update: 3 spline, 9 tower
Update: 3 spline, 9 tower
Update: 3 spline, 9 tower
Update: 3 spline, 9 tower
Update: 3 spline, 9 tower
Update: 1 spline, 4 tower
Update: 1 spline, 2 tower
Update: 1 spline, 2 tower
Update: 1 spline, 9 tower
Update: 8 spline, 36 tower
Free: 4 spline, 18 tower
Update: 8 spline, 36 tower
Free: 4 spline, 18 tower
Update: 16 spline, 70 tower
Free: 8 spline, 35 tower
Update: 8 spline, 36 tower
Free: 4 spline, 18 tower
Update: 3 spline, 11 tower
Update: 1 spline, 8 tower
Update: 8 spline, 34 tower
Free: 4 spline, 17 tower
Update: 14 spline, 60 tower
Free: 7 spline, 30 tower
Update: 12 spline, 44 tower
Free: 6 spline, 22 tower
Update: 12 spline, 44 tower
Free: 6 spline, 22 tower
Update: 12 spline, 44 tower
Free: 6 spline, 22 tower
Update: 12 spline, 44 tower
Free: 6 spline, 22 tower
Update: 2 spline, 2 tower
Free: 1 spline, 1 tower
Update: 6 spline, 26 tower
Free: 3 spline, 13 tower
Update: 1 spline, 4 tower
Update: 4 spline, 16 tower
Free: 2 spline, 7 tower
Update: 4 spline, 18 tower
Free: 2 spline, 9 tower
Update: 1 spline, 2 tower
Update: 6 spline, 16 tower
Free: 3 spline, 8 tower
Update: 1 spline, 2 tower
Update: 2 spline, 16 tower
Free: 1 spline, 8 tower
Update: 6 spline, 24 tower
Free: 3 spline, 12 tower
Update: 6 spline, 24 tower
Free: 3 spline, 12 tower
Update: 3 spline, 11 tower
Dynamic Manager Shutdown:
0T, 0P
0T, 0P
0T, 0P
11T, 3P
3T, 1P
0T, 0P
0T, 0P
0T, 0P
0T, 0P
0T, 0P
0T, 0P
0T, 0P
0T, 0P
0T, 0P
8T, 1P
0T, 0P
0T, 0P
0T, 0P
11T, 3P
0T, 0P
0T, 0P
0T, 0P
0T, 0P
12T, 3P
0T, 0P
0T, 0P
0T, 0P
0T, 0P
0T, 0P
0T, 0P
1T, 1P
0T, 0P
0T, 0P
0T, 0P
1T, 1P
4T, 1P
4T, 1P
0T, 0P
3T, 1P
2T, 1P
0T, 0P
0T, 0P
0T, 0P
0T, 0P
4T, 1P
0T, 0P
10T, 2P
2T, 1P
0T, 0P
9T, 3P
0T, 0P
0T, 0P
3T, 1P
11T, 2P
13T, 3P
0T, 0P
3T, 1P
2T, 1P
2T, 1P
0T, 0P
2T, 1P
3T, 1P
0T, 0P
0T, 0P
2T, 1P
9T, 2P
0T, 0P
9T, 1P
9T, 3P
0T, 0P
2T, 1P
4T, 1P
DM Towers: 159, DM Pieces 44
Context Shutdown:
Update: 44 spline, 159 tower
Free: 44 spline, 159 tower
159 towers, 44 pieces
