[2022-04-03 13:03:23]	Civ6App::InitialInit start.
[2022-04-03 13:03:23]	Game Version = 1.0.12.9 (564030)
[2022-04-03 13:03:23]	Running App::EOS::SetupService() ...
[2022-04-03 13:03:23]	EOSSystemEventHandler Startup
[2022-04-03 13:03:23]	Running SetupReflectionTypeInfo() ...
[2022-04-03 13:03:23]	Running SetupErrorHandling() ...
[2022-04-03 13:03:23]	Running DoGraphicsDeviceSelection() ...
[2022-04-03 13:03:23]	Selected graphics device is: NVIDIA GeForce GTX 1060 3GB.  Device ID: 7170.  Index: 0
[2022-04-03 13:03:27]	Successfully determined Graphics Performance Level. Default graphics settings to medium.
[2022-04-03 13:03:27]	Running RegisterEvents() ...
[2022-04-03 13:03:27]	Running SetupNetworkLobbyService() ...
[2022-04-03 13:03:27]	SetupNetworkLobbyService()
[2022-04-03 13:03:27]	Running SetupMemoryTracker() ...
[2022-04-03 13:03:27]	Running SetupFileSystem() ...
[2022-04-03 13:03:27]	Running SetupLogging() ...
[2022-04-03 13:03:27]	Running SetupDedicatedServer() ...
[2022-04-03 13:03:27]	Running SetupNetwork() ...
[2022-04-03 13:03:27]	CommandLine = -steam_auto_login
[2022-04-03 13:03:27]	Running SetupDatabase() ...
[2022-04-03 13:03:31]	Running SetupLocalization() ...
[2022-04-03 13:03:31]	Running SetupContentPaths() ...
[2022-04-03 13:03:31]	Running SetupOwnership() ...
[2022-04-03 13:03:31]	Running GameCore::InitializeApplicationSupport() ...
[2022-04-03 13:03:31]	Game Core Thread Count = 4.
[2022-04-03 13:03:31]	Game Core Unit Pathing Thread Count = 4.
[2022-04-03 13:03:31]	Game Core Trade Pathing Thread Count = 4.
[2022-04-03 13:03:31]	Civ6App::InitialInit end.
[2022-04-03 13:03:31]	Civ6App::GUIInit start.
[2022-04-03 13:03:31]	Running SetupGraphics() ...
[2022-04-03 13:03:32]	Running SetupArtManager() ...
[2022-04-03 13:03:32]	Running SetupUI() ...
[2022-04-03 13:03:33]	Running SubscribeToEvents() ...
[2022-04-03 13:03:33]	Running SetupGameStates() ...
[2022-04-03 13:03:33]	Running SetupInput() ...
[2022-04-03 13:03:33]	Starting search engine.
[2022-04-03 13:03:33]	Setting up achievements.
[2022-04-03 13:03:33]	Setting up scripting.
[2022-04-03 13:03:33]	Setting up modding.
[2022-04-03 13:03:36]	Running SetupTuner() ...
[2022-04-03 13:03:36]	Setting up tuner.
[2022-04-03 13:03:36]	Spawning async init job.
[2022-04-03 13:03:36]	Civ6App::GUIInit end.
[2022-04-03 13:03:36]	Running SetupAudio(uiSystemInitFlags) ...
[2022-04-03 13:03:36]	Running Granny::Initialize() ...
[2022-04-03 13:03:36]	Running SetupBinarySerialization() ...
[2022-04-03 14:12:09]	EOSSystemEventHandler Shutdown
Max size of g_EventSystemSerial's publish queue = 259840
Max size of g_EventSystemGameCore's publish queue = 132768
Max size of g_EventSystemLocalMachine's publish queue = 1280
