[2022-04-03 13:11:17]	CommonFireScript(10) warning : Render export 'draw#ALPHA' in emitter 'FX_Fire_Quads' required for current render mode.  Will default to zero.
[2022-04-03 13:11:17]	CommonFireScript(62) warning : Render export 'draw#ALPHA' in emitter 'FX_Particle_Glow' required for current render mode.  Will default to zero.
[2022-04-03 13:11:17]	CommonFireScript(216) warning : Render export 'draw#ROTATION' in emitter 'FX_Animated_Fire' required for current render mode.  Will default to zero.
[2022-04-03 13:11:17]	CommonFireScript(266) warning : Export 'TANGENT' in emitter 'FX_Animated_Fire' not expected!
[2022-04-03 13:11:17]	CommonFireScript(382) warning : Export 'ROTATION' in emitter 'FX_Smoke_Quads' not expected!
[2022-04-03 13:11:17]	CommonFireScript(498) warning : Export 'BASECOLOR_UV' in emitter 'FX_String_Trail' not expected!
[2022-04-03 13:11:17]	CommonFireScript(503) warning : Export 'SCALE' in emitter 'FX_String_Trail' not expected!
[2022-04-03 13:11:17]	CommonFireScript(505) warning : Export 'ROTATION' in emitter 'FX_String_Trail' not expected!
[2022-04-03 13:11:17]	CommonFireScript(507) warning : Export 'TANGENT' in emitter 'FX_String_Trail' not expected!
[2022-04-03 13:11:17]	CommonFireScript(767) warning : Export 'MASK_UV' in emitter 'FX_Scorched_Overlay' not expected!
[2022-04-03 13:11:17]	CommonFireScript(771) warning : Export 'ROTATION' in emitter 'FX_Scorched_Overlay' not expected!
[2022-04-03 13:11:17]	CommonFireScript(862) warning : Export 'NORMALMAP_UV' in emitter 'FX_Fixed_Smoke_Quads_Lit' not expected!
[2022-04-03 13:11:17]	CommonFireScript(950) warning : Export 'NORMALMAP_UV' in emitter 'FX_Fixed_Mist_Quads_Lit' not expected!
[2022-04-03 13:11:17]	CommonFireScript(1141) warning : Export 'ROTATION' in emitter 'Curling_Spark_Particle' not expected!
[2022-04-03 13:11:17]	CommonFireScript(1194) warning : Export 'ROTATION' in emitter 'FX_Particle_Shrinking_Ring' not expected!
[2022-04-03 13:11:17]	CommonGlintsScript(309) warning : Export 'ROTATION' in emitter 'FX_Particle_Glints_Facing_Z' not expected!
[2022-04-03 13:11:17]	CommonGlintsScript(394) warning : Export 'ROTATION' in emitter 'FX_Particle_Glints_Facing_X' not expected!
[2022-04-03 13:11:17]	CommonGlintsScript(504) warning : Export 'ROTATION' in emitter 'FX_Particle_Directional_Glows' not expected!
[2022-04-03 13:11:17]	CommonGlintsScript(592) warning : Export 'ROTATION' in emitter 'FX_Particle_Water_Wakes' not expected!
[2022-04-03 13:11:17]	CommonSmokeScript(152) warning : Export 'NORMALMAP_UV_Y_RANGE' in emitter 'FX_Smoke_Ribbon_Lit' not expected!
[2022-04-03 13:11:17]	CommonSmokeScript(153) warning : Export 'NORMALMAP_UV_X_VALUE' in emitter 'FX_Smoke_Ribbon_Lit' not expected!
[2022-04-03 13:11:17]	CommonSmokeScript(246) warning : Export 'ROTATION' in emitter 'FX_Fixed_Quads_Lit' not expected!
[2022-04-03 13:11:17]	CommonSmokeScript(254) warning : Export 'NORMALMAP_UV' in emitter 'FX_Fixed_Quads_Lit' not expected!
[2022-04-03 13:11:17]	CommonSmokeScript(632) warning : Render export 'draw#DISTORTION_UV' in emitter 'FX_Dirt_Bits' required for current render mode.  Will default to zero.
[2022-04-03 13:11:17]	CommonSmokeScript(632) warning : Render export 'draw#DISTORTION_SCALE' in emitter 'FX_Dirt_Bits' required for current render mode.  Will default to zero.
[2022-04-03 13:11:17]	FireFXVolcanoTest(548) warning : Export 'DISTORTION_UV_Y_RANGE' in emitter 'FX_Magma_Ribbon' not expected!
[2022-04-03 13:11:17]	FireFXVolcanoTest(549) warning : Export 'DISTORTION_UV_X_VALUE' in emitter 'FX_Magma_Ribbon' not expected!
[2022-04-03 13:11:17]	FireFXVolcanoTest(550) warning : Export 'DISTORTION_SCALE' in emitter 'FX_Magma_Ribbon' not expected!
[2022-04-03 13:11:17]	FireFX_Curl_Noise(70) warning : Export 'ROTATION' in emitter 'ErrorFX_Particle' not expected!
[2022-04-03 13:11:17]	FireFX_Default_UI(60) warning : Export 'TANGENT' in emitter 'Glints' not expected!
[2022-04-03 13:11:17]	FireFX_GDR_Force_Field(66) warning : Export 'ROTATION' in emitter 'FX_Particle_Glints' not expected!
[2022-04-03 13:11:17]	FireFX_GDR_Force_Field(68) warning : Export 'BITANGENT' in emitter 'FX_Particle_Glints' not expected!
[2022-04-03 13:11:17]	FireFX_GDR_Force_Field(226) warning : Export 'ROTATION' in emitter 'FX_Glow_Rings' not expected!
[2022-04-03 13:11:17]	FireFX_SoothSayer(288) warning : Export 'ROTATION' in emitter 'FX_Particle_Shrinking_Ring' not expected!
[2022-04-03 13:11:17]	FireFX_SoothSayer(450) warning : Render export 'draw#ALPHA' in emitter 'FX_explosion_Shockwave' required for current render mode.  Will default to zero.
[2022-04-03 13:11:17]	FireFX_SoothSayer(490) warning : Render export 'draw#ALPHA' in emitter 'FX_explosion_Smoke_Ring' required for current render mode.  Will default to zero.
[2022-04-03 13:11:17]	CommonFireScript(10) warning : Render export 'draw#ALPHA' in emitter 'FX_Fire_Quads' required for current render mode.  Will default to zero.
[2022-04-03 13:11:17]	CommonFireScript(62) warning : Render export 'draw#ALPHA' in emitter 'FX_Particle_Glow' required for current render mode.  Will default to zero.
[2022-04-03 13:11:17]	CommonFireScript(216) warning : Render export 'draw#ROTATION' in emitter 'FX_Animated_Fire' required for current render mode.  Will default to zero.
[2022-04-03 13:11:17]	CommonFireScript(266) warning : Export 'TANGENT' in emitter 'FX_Animated_Fire' not expected!
[2022-04-03 13:11:17]	CommonFireScript(382) warning : Export 'ROTATION' in emitter 'FX_Smoke_Quads' not expected!
[2022-04-03 13:11:17]	CommonFireScript(498) warning : Export 'BASECOLOR_UV' in emitter 'FX_String_Trail' not expected!
[2022-04-03 13:11:17]	CommonFireScript(503) warning : Export 'SCALE' in emitter 'FX_String_Trail' not expected!
[2022-04-03 13:11:17]	CommonFireScript(505) warning : Export 'ROTATION' in emitter 'FX_String_Trail' not expected!
[2022-04-03 13:11:17]	CommonFireScript(507) warning : Export 'TANGENT' in emitter 'FX_String_Trail' not expected!
[2022-04-03 13:11:17]	CommonFireScript(767) warning : Export 'MASK_UV' in emitter 'FX_Scorched_Overlay' not expected!
[2022-04-03 13:11:17]	CommonFireScript(771) warning : Export 'ROTATION' in emitter 'FX_Scorched_Overlay' not expected!
[2022-04-03 13:11:17]	CommonFireScript(862) warning : Export 'NORMALMAP_UV' in emitter 'FX_Fixed_Smoke_Quads_Lit' not expected!
[2022-04-03 13:11:17]	CommonFireScript(950) warning : Export 'NORMALMAP_UV' in emitter 'FX_Fixed_Mist_Quads_Lit' not expected!
[2022-04-03 13:11:17]	CommonFireScript(1141) warning : Export 'ROTATION' in emitter 'Curling_Spark_Particle' not expected!
[2022-04-03 13:11:17]	CommonFireScript(1194) warning : Export 'ROTATION' in emitter 'FX_Particle_Shrinking_Ring' not expected!
[2022-04-03 13:11:17]	CommonGlintsScript(309) warning : Export 'ROTATION' in emitter 'FX_Particle_Glints_Facing_Z' not expected!
[2022-04-03 13:11:17]	CommonGlintsScript(394) warning : Export 'ROTATION' in emitter 'FX_Particle_Glints_Facing_X' not expected!
[2022-04-03 13:11:17]	CommonGlintsScript(504) warning : Export 'ROTATION' in emitter 'FX_Particle_Directional_Glows' not expected!
[2022-04-03 13:11:17]	CommonGlintsScript(592) warning : Export 'ROTATION' in emitter 'FX_Particle_Water_Wakes' not expected!
[2022-04-03 13:11:17]	CommonSmokeScript(152) warning : Export 'NORMALMAP_UV_Y_RANGE' in emitter 'FX_Smoke_Ribbon_Lit' not expected!
[2022-04-03 13:11:17]	CommonSmokeScript(153) warning : Export 'NORMALMAP_UV_X_VALUE' in emitter 'FX_Smoke_Ribbon_Lit' not expected!
[2022-04-03 13:11:17]	CommonSmokeScript(246) warning : Export 'ROTATION' in emitter 'FX_Fixed_Quads_Lit' not expected!
[2022-04-03 13:11:17]	CommonSmokeScript(254) warning : Export 'NORMALMAP_UV' in emitter 'FX_Fixed_Quads_Lit' not expected!
[2022-04-03 13:11:17]	CommonSmokeScript(632) warning : Render export 'draw#DISTORTION_UV' in emitter 'FX_Dirt_Bits' required for current render mode.  Will default to zero.
[2022-04-03 13:11:17]	CommonSmokeScript(632) warning : Render export 'draw#DISTORTION_SCALE' in emitter 'FX_Dirt_Bits' required for current render mode.  Will default to zero.
[2022-04-03 13:11:17]	FireFX_GDR_Force_Field(66) warning : Export 'ROTATION' in emitter 'FX_Particle_Glints' not expected!
[2022-04-03 13:11:17]	FireFX_GDR_Force_Field(68) warning : Export 'BITANGENT' in emitter 'FX_Particle_Glints' not expected!
[2022-04-03 13:11:17]	FireFX_GDR_Force_Field(226) warning : Export 'ROTATION' in emitter 'FX_Glow_Rings' not expected!
[2022-04-03 13:11:17]	FireFX_GDR_Water_FX(452) warning : Export 'ROTATION' in emitter 'FX_Wake_Quads' not expected!
[2022-04-03 13:11:17]	FireFX_Storms(122) warning : Export 'NORMALMAP_UV' in emitter 'FX_CloudTrails' not expected!
[2022-04-03 13:11:17]	FireFX_Storms(384) warning : Export 'ROTATION' in emitter 'FX_Mid_Fog_Storm_Particles' not expected!
[2022-04-03 13:11:17]	FireFX_Storms(444) warning : Export 'ROTATION' in emitter 'Rain_Particles' not expected!
[2022-04-03 13:11:17]	FireFX_Storms(814) warning : Export 'TANGENT' in emitter 'rollingClouds' not expected!
[2022-04-03 13:11:17]	FireFX_Storms(817) warning : Export 'NORMALMAP_UV' in emitter 'rollingClouds' not expected!
[2022-04-03 13:11:17]	FireFX_Storms(921) warning : Export 'ROTATION' in emitter 'rollingCloudsOverlay' not expected!
[2022-04-03 13:11:17]	FireFX_Storms(923) warning : Export 'NORMALMAP_UV' in emitter 'rollingCloudsOverlay' not expected!
[2022-04-03 13:11:17]	FireFX_Volcanoes(455) warning : Export 'ROTATION' in emitter 'FX_Magma_Decal_Trail_Head' not expected!
[2022-04-03 13:11:17]	FireFX_Volcanoes(513) warning : Export 'DISTORTION_UV_Y_RANGE' in emitter 'FX_Magma_Ribbon' not expected!
[2022-04-03 13:11:17]	FireFX_Volcanoes(514) warning : Export 'DISTORTION_UV_X_VALUE' in emitter 'FX_Magma_Ribbon' not expected!
[2022-04-03 13:11:17]	FireFX_Volcanoes(515) warning : Export 'DISTORTION_SCALE' in emitter 'FX_Magma_Ribbon' not expected!
[2022-04-03 13:11:17]	FireFX_Volcanoes(625) warning : Export 'TANGENT' in emitter 'FX_Volcano_Smoke' not expected!
[2022-04-03 13:11:17]	CommonFireScript(10) warning : Render export 'draw#ALPHA' in emitter 'FX_Fire_Quads' required for current render mode.  Will default to zero.
[2022-04-03 13:11:17]	CommonFireScript(62) warning : Render export 'draw#ALPHA' in emitter 'FX_Particle_Glow' required for current render mode.  Will default to zero.
[2022-04-03 13:11:17]	CommonFireScript(216) warning : Render export 'draw#ROTATION' in emitter 'FX_Animated_Fire' required for current render mode.  Will default to zero.
[2022-04-03 13:11:17]	CommonFireScript(266) warning : Export 'TANGENT' in emitter 'FX_Animated_Fire' not expected!
[2022-04-03 13:11:17]	CommonFireScript(382) warning : Export 'ROTATION' in emitter 'FX_Smoke_Quads' not expected!
[2022-04-03 13:11:17]	CommonFireScript(498) warning : Export 'BASECOLOR_UV' in emitter 'FX_String_Trail' not expected!
[2022-04-03 13:11:17]	CommonFireScript(503) warning : Export 'SCALE' in emitter 'FX_String_Trail' not expected!
[2022-04-03 13:11:17]	CommonFireScript(505) warning : Export 'ROTATION' in emitter 'FX_String_Trail' not expected!
[2022-04-03 13:11:17]	CommonFireScript(507) warning : Export 'TANGENT' in emitter 'FX_String_Trail' not expected!
[2022-04-03 13:11:17]	CommonFireScript(767) warning : Export 'MASK_UV' in emitter 'FX_Scorched_Overlay' not expected!
[2022-04-03 13:11:17]	CommonFireScript(771) warning : Export 'ROTATION' in emitter 'FX_Scorched_Overlay' not expected!
[2022-04-03 13:11:17]	CommonFireScript(862) warning : Export 'NORMALMAP_UV' in emitter 'FX_Fixed_Smoke_Quads_Lit' not expected!
[2022-04-03 13:11:17]	CommonFireScript(950) warning : Export 'NORMALMAP_UV' in emitter 'FX_Fixed_Mist_Quads_Lit' not expected!
[2022-04-03 13:11:17]	CommonFireScript(1141) warning : Export 'ROTATION' in emitter 'Curling_Spark_Particle' not expected!
[2022-04-03 13:11:17]	CommonFireScript(1194) warning : Export 'ROTATION' in emitter 'FX_Particle_Shrinking_Ring' not expected!
[2022-04-03 13:11:17]	CommonGlintsScript(309) warning : Export 'ROTATION' in emitter 'FX_Particle_Glints_Facing_Z' not expected!
[2022-04-03 13:11:17]	CommonGlintsScript(394) warning : Export 'ROTATION' in emitter 'FX_Particle_Glints_Facing_X' not expected!
[2022-04-03 13:11:17]	CommonGlintsScript(504) warning : Export 'ROTATION' in emitter 'FX_Particle_Directional_Glows' not expected!
[2022-04-03 13:11:17]	CommonGlintsScript(592) warning : Export 'ROTATION' in emitter 'FX_Particle_Water_Wakes' not expected!
[2022-04-03 13:11:17]	CommonSmokeScript(152) warning : Export 'NORMALMAP_UV_Y_RANGE' in emitter 'FX_Smoke_Ribbon_Lit' not expected!
[2022-04-03 13:11:17]	CommonSmokeScript(153) warning : Export 'NORMALMAP_UV_X_VALUE' in emitter 'FX_Smoke_Ribbon_Lit' not expected!
[2022-04-03 13:11:17]	CommonSmokeScript(246) warning : Export 'ROTATION' in emitter 'FX_Fixed_Quads_Lit' not expected!
[2022-04-03 13:11:17]	CommonSmokeScript(254) warning : Export 'NORMALMAP_UV' in emitter 'FX_Fixed_Quads_Lit' not expected!
[2022-04-03 13:11:17]	CommonSmokeScript(632) warning : Render export 'draw#DISTORTION_UV' in emitter 'FX_Dirt_Bits' required for current render mode.  Will default to zero.
[2022-04-03 13:11:17]	CommonSmokeScript(632) warning : Render export 'draw#DISTORTION_SCALE' in emitter 'FX_Dirt_Bits' required for current render mode.  Will default to zero.
[2022-04-03 13:11:17]	FireFX_Asteroid(206) warning : Export 'ROTATION' in emitter 'FX_ground_Scorch_Mark' not expected!
[2022-04-03 13:11:17]	FireFX_Asteroid(414) warning : Export 'TANGENT' in emitter 'FX_explosion_Smoke_Ring' not expected!
[2022-04-03 13:11:17]	FireFX_Asteroid(483) warning : Export 'TANGENT' in emitter 'FX_explosion_Smoke_Front' not expected!
[2022-04-03 13:11:17]	FireFX_Asteroid(554) warning : Export 'TANGENT' in emitter 'FX_explosion_Dust' not expected!
[2022-04-03 13:11:17]	FireFX_Asteroid(749) warning : Export 'ROTATION' in emitter 'FX_meteor_fire_trail' not expected!
[2022-04-03 13:11:17]	FireFX_Bermuda_Triangle(99) warning : Export 'ROTATION' in emitter 'FX_Center_Swirl' not expected!
[2022-04-03 13:11:17]	FireFX_Bermuda_Triangle(152) warning : Export 'ROTATION' in emitter 'FX_Center_Swirl_2' not expected!
[2022-04-03 13:11:17]	FireFX_Meteors(237) warning : Export 'ROTATION' in emitter 'FX_flying_clutter' not expected!
[2022-04-03 13:11:17]	FireFX_Meteors(309) warning : Export 'TANGENT' in emitter 'FX_explosion_Smoke' not expected!
[2022-04-03 13:11:17]	FireFX_Meteors(378) warning : Export 'TANGENT' in emitter 'FX_explosion_Smoke_Front' not expected!
[2022-04-03 13:11:17]	FireFX_Meteors(567) warning : Render export 'draw#ROTATION' in emitter 'FX_meteor_lens_flare' required for current render mode.  Will default to zero.
[2022-04-03 13:11:17]	FireFX_Meteors(676) warning : Export 'ROTATION' in emitter 'FX_meteor_Smoke_trail' not expected!
[2022-04-03 13:11:17]	FireFX_Solar_Flare(65) warning : Export 'ROTATION' in emitter 'FX_flare_overlay' not expected!
[2022-04-03 13:11:17]	FireFX_SoothSayer(288) warning : Export 'ROTATION' in emitter 'FX_Particle_Shrinking_Ring' not expected!
[2022-04-03 13:11:17]	FireFX_SoothSayer(450) warning : Render export 'draw#ALPHA' in emitter 'FX_explosion_Shockwave' required for current render mode.  Will default to zero.
[2022-04-03 13:11:17]	FireFX_SoothSayer(490) warning : Render export 'draw#ALPHA' in emitter 'FX_explosion_Smoke_Ring' required for current render mode.  Will default to zero.
[2022-04-03 13:11:17]	FireFX_Brazier_Script(10) warning : Render export 'draw#ALPHA' in emitter 'FX_Fire_Quads' required for current render mode.  Will default to zero.
[2022-04-03 13:11:17]	FireFX_Brazier_Script(62) warning : Render export 'draw#ALPHA' in emitter 'FX_Particle_Glow' required for current render mode.  Will default to zero.
[2022-04-03 13:11:17]	FireFX_Brazier_Script(216) warning : Render export 'draw#ROTATION' in emitter 'FX_Animated_Fire' required for current render mode.  Will default to zero.
[2022-04-03 13:11:17]	FireFX_Brazier_Script(266) warning : Export 'TANGENT' in emitter 'FX_Animated_Fire' not expected!
[2022-04-03 13:11:17]	CommonFireScript(10) warning : Render export 'draw#ALPHA' in emitter 'FX_Fire_Quads' required for current render mode.  Will default to zero.
[2022-04-03 13:11:17]	CommonFireScript(62) warning : Render export 'draw#ALPHA' in emitter 'FX_Particle_Glow' required for current render mode.  Will default to zero.
[2022-04-03 13:11:17]	CommonFireScript(216) warning : Render export 'draw#ROTATION' in emitter 'FX_Animated_Fire' required for current render mode.  Will default to zero.
[2022-04-03 13:11:17]	CommonFireScript(266) warning : Export 'TANGENT' in emitter 'FX_Animated_Fire' not expected!
[2022-04-03 13:11:17]	CommonFireScript(382) warning : Export 'ROTATION' in emitter 'FX_Smoke_Quads' not expected!
[2022-04-03 13:11:17]	CommonFireScript(498) warning : Export 'BASECOLOR_UV' in emitter 'FX_String_Trail' not expected!
[2022-04-03 13:11:17]	CommonFireScript(503) warning : Export 'SCALE' in emitter 'FX_String_Trail' not expected!
[2022-04-03 13:11:17]	CommonFireScript(505) warning : Export 'ROTATION' in emitter 'FX_String_Trail' not expected!
[2022-04-03 13:11:17]	CommonFireScript(507) warning : Export 'TANGENT' in emitter 'FX_String_Trail' not expected!
[2022-04-03 13:11:17]	CommonFireScript(767) warning : Export 'MASK_UV' in emitter 'FX_Scorched_Overlay' not expected!
[2022-04-03 13:11:17]	CommonFireScript(771) warning : Export 'ROTATION' in emitter 'FX_Scorched_Overlay' not expected!
[2022-04-03 13:11:17]	CommonFireScript(862) warning : Export 'NORMALMAP_UV' in emitter 'FX_Fixed_Smoke_Quads_Lit' not expected!
[2022-04-03 13:11:17]	CommonFireScript(950) warning : Export 'NORMALMAP_UV' in emitter 'FX_Fixed_Mist_Quads_Lit' not expected!
[2022-04-03 13:11:17]	CommonFireScript(1141) warning : Export 'ROTATION' in emitter 'Curling_Spark_Particle' not expected!
[2022-04-03 13:11:17]	CommonFireScript(1194) warning : Export 'ROTATION' in emitter 'FX_Particle_Shrinking_Ring' not expected!
[2022-04-03 13:11:17]	CommonSmokeScript(152) warning : Export 'NORMALMAP_UV_Y_RANGE' in emitter 'FX_Smoke_Ribbon_Lit' not expected!
[2022-04-03 13:11:17]	CommonSmokeScript(153) warning : Export 'NORMALMAP_UV_X_VALUE' in emitter 'FX_Smoke_Ribbon_Lit' not expected!
[2022-04-03 13:11:17]	CommonSmokeScript(246) warning : Export 'ROTATION' in emitter 'FX_Fixed_Quads_Lit' not expected!
[2022-04-03 13:11:17]	CommonSmokeScript(254) warning : Export 'NORMALMAP_UV' in emitter 'FX_Fixed_Quads_Lit' not expected!
[2022-04-03 13:11:17]	CommonSmokeScript(632) warning : Render export 'draw#DISTORTION_UV' in emitter 'FX_Dirt_Bits' required for current render mode.  Will default to zero.
[2022-04-03 13:11:17]	CommonSmokeScript(632) warning : Render export 'draw#DISTORTION_SCALE' in emitter 'FX_Dirt_Bits' required for current render mode.  Will default to zero.
[2022-04-03 13:11:17]	FireFX_Cultist(10) warning : Render export 'draw#ALPHA' in emitter 'FX_Fire_Quads' required for current render mode.  Will default to zero.
[2022-04-03 13:11:17]	FireFX_Cultist(62) warning : Render export 'draw#ALPHA' in emitter 'FX_Particle_Glow' required for current render mode.  Will default to zero.
[2022-04-03 13:11:17]	FireFX_Cultist(327) warning : Export 'ROTATION' in emitter 'FX_Smoke_Quads' not expected!
[2022-04-03 13:11:17]	FireFX_Cultist(522) warning : Export 'MASK_UV' in emitter 'FX_Scorched_Overlay' not expected!
[2022-04-03 13:11:17]	FireFX_Cultist(526) warning : Export 'ROTATION' in emitter 'FX_Scorched_Overlay' not expected!
[2022-04-03 13:11:17]	FireFX_Cultist(617) warning : Export 'NORMALMAP_UV' in emitter 'FX_Fixed_Smoke_Quads_Lit' not expected!
[2022-04-03 13:11:17]	FireFX_Cultist(705) warning : Export 'NORMALMAP_UV' in emitter 'FX_Fixed_Mist_Quads_Lit' not expected!
[2022-04-03 13:11:17]	FireFX_Cultist(896) warning : Export 'ROTATION' in emitter 'Curling_Spark_Particle' not expected!
[2022-04-03 13:11:17]	FireFX_Cultist(949) warning : Export 'ROTATION' in emitter 'FX_Particle_Shrinking_Ring' not expected!
[2022-04-03 13:11:17]	FireFX_Ley_Line(68) warning : Render export 'draw#ALPHA' in emitter 'Ley_Line_Overlay' required for current render mode.  Will default to zero.
[2022-04-03 13:11:17]	FireFX_Ley_Line(105) warning : Export 'MASK_UV' in emitter 'Ley_Line_Overlay' not expected!
[2022-04-03 13:11:17]	FireFX_Ley_Line(152) warning : Export 'MASK_UV' in emitter 'Ley_Line_Dark_Overlay' not expected!
[2022-04-03 13:11:17]	FireFX_SecretSocietySmoke(60) warning : Export 'TANGENT' in emitter 'Smoke' not expected!
[2022-04-03 13:11:17]	FireFX_SecretSocietySmoke(69) warning : Render export 'draw#POSITION' in emitter 'SmokeRoot' required for current render mode.  Will default to zero.
[2022-04-03 13:11:17]	FireFX_SecretSocietySmoke(69) warning : Render export 'draw#SCALE' in emitter 'SmokeRoot' required for current render mode.  Will default to zero.
[2022-04-03 13:11:17]	FireFX_SecretSocietySmoke(69) warning : Render export 'draw#TANGENT' in emitter 'SmokeRoot' required for current render mode.  Will default to zero.
[2022-04-03 13:11:17]	FireFX_SecretSocietySmoke(69) warning : Render export 'draw#BITANGENT' in emitter 'SmokeRoot' required for current render mode.  Will default to zero.
[2022-04-03 13:11:17]	FireFX_SecretSocietySmoke(69) warning : Render export 'draw#COLOR' in emitter 'SmokeRoot' required for current render mode.  Will default to zero.
[2022-04-03 13:11:17]	FireFX_SecretSocietySmoke(69) warning : Render export 'draw#ALPHA' in emitter 'SmokeRoot' required for current render mode.  Will default to zero.
[2022-04-03 13:11:17]	FireFX_SecretSocietySmoke(69) warning : Render export 'draw#BASECOLOR_UV' in emitter 'SmokeRoot' required for current render mode.  Will default to zero.
[2022-04-03 13:11:17]	FireFX_Vampire(168) warning : Export 'ROTATION' in emitter 'FX_Particle_Shrinking_Ring' not expected!
[2022-04-03 13:11:17]	FireFX_Vampire(270) warning : Export 'ROTATION' in emitter 'FX_explosion_Flash' not expected!
[2022-04-03 13:11:17]	FireFX_Vampire(278) warning : Render export 'draw#ALPHA' in emitter 'FX_explosion_Shockwave' required for current render mode.  Will default to zero.
[2022-04-03 13:11:17]	CommonSmokeScript(152) warning : Export 'NORMALMAP_UV_Y_RANGE' in emitter 'FX_Smoke_Ribbon_Lit' not expected!
[2022-04-03 13:11:17]	CommonSmokeScript(153) warning : Export 'NORMALMAP_UV_X_VALUE' in emitter 'FX_Smoke_Ribbon_Lit' not expected!
[2022-04-03 13:11:17]	CommonSmokeScript(246) warning : Export 'ROTATION' in emitter 'FX_Fixed_Quads_Lit' not expected!
[2022-04-03 13:11:17]	CommonSmokeScript(254) warning : Export 'NORMALMAP_UV' in emitter 'FX_Fixed_Quads_Lit' not expected!
[2022-04-03 13:11:17]	CommonSmokeScript(632) warning : Render export 'draw#DISTORTION_UV' in emitter 'FX_Dirt_Bits' required for current render mode.  Will default to zero.
[2022-04-03 13:11:17]	CommonSmokeScript(632) warning : Render export 'draw#DISTORTION_SCALE' in emitter 'FX_Dirt_Bits' required for current render mode.  Will default to zero.
[2022-04-03 13:11:17]	FireFX_Ring_Shockwave(10) warning : Render export 'draw#ALPHA' in emitter 'FX_Triangle_Strip_Ring' required for current render mode.  Will default to zero.
[2022-04-03 13:11:17]	FireFX_Ring_Shockwave(102) warning : Render export 'draw#ALPHA' in emitter 'FX_Triangle_Strip_Disc' required for current render mode.  Will default to zero.
[2022-04-03 13:11:17]	FireFX_Ring_Shockwave(194) warning : Render export 'draw#ALPHA' in emitter 'FX_Triangle_Strip_Facing' required for current render mode.  Will default to zero.
[2022-04-03 13:11:17]	FireFX_Ring_Shockwave(280) warning : Export 'BITANGENT' in emitter 'FX_Triangle_Strip_Facing' not expected!
[2022-04-03 13:11:17]	MuzzleFlashScript(311) warning : Export 'ROTATION' in emitter 'FX_Particle_Glints_Facing_Z' not expected!
[2022-04-03 13:11:17]	MuzzleFlashScript(396) warning : Export 'ROTATION' in emitter 'FX_Particle_Glints_Facing_X' not expected!
[2022-04-03 13:11:17]	MuzzleFlashScript(526) warning : Export 'TANGENT' in emitter 'FX_Smoke_Quads' not expected!
[2022-04-03 13:11:17]	MuzzleFlashScript(904) warning : Export 'ROTATION' in emitter 'FX_Particle_Directional_Glows' not expected!
[2022-04-03 13:11:17]	MuzzleFlashScript(917) warning : Render export 'draw#ALPHA' in emitter 'FX_Particle_Glow' required for current render mode.  Will default to zero.
[2022-04-03 13:14:59]	CommonFireScript(10) warning : Render export 'draw#ALPHA' in emitter 'FX_Fire_Quads' required for current render mode.  Will default to zero.
[2022-04-03 13:14:59]	CommonFireScript(62) warning : Render export 'draw#ALPHA' in emitter 'FX_Particle_Glow' required for current render mode.  Will default to zero.
[2022-04-03 13:14:59]	CommonFireScript(216) warning : Render export 'draw#ROTATION' in emitter 'FX_Animated_Fire' required for current render mode.  Will default to zero.
[2022-04-03 13:14:59]	CommonFireScript(266) warning : Export 'TANGENT' in emitter 'FX_Animated_Fire' not expected!
[2022-04-03 13:14:59]	CommonFireScript(382) warning : Export 'ROTATION' in emitter 'FX_Smoke_Quads' not expected!
[2022-04-03 13:14:59]	CommonFireScript(498) warning : Export 'BASECOLOR_UV' in emitter 'FX_String_Trail' not expected!
[2022-04-03 13:14:59]	CommonFireScript(503) warning : Export 'SCALE' in emitter 'FX_String_Trail' not expected!
[2022-04-03 13:14:59]	CommonFireScript(505) warning : Export 'ROTATION' in emitter 'FX_String_Trail' not expected!
[2022-04-03 13:14:59]	CommonFireScript(507) warning : Export 'TANGENT' in emitter 'FX_String_Trail' not expected!
[2022-04-03 13:14:59]	CommonFireScript(767) warning : Export 'MASK_UV' in emitter 'FX_Scorched_Overlay' not expected!
[2022-04-03 13:14:59]	CommonFireScript(771) warning : Export 'ROTATION' in emitter 'FX_Scorched_Overlay' not expected!
[2022-04-03 13:14:59]	CommonFireScript(862) warning : Export 'NORMALMAP_UV' in emitter 'FX_Fixed_Smoke_Quads_Lit' not expected!
[2022-04-03 13:14:59]	CommonFireScript(950) warning : Export 'NORMALMAP_UV' in emitter 'FX_Fixed_Mist_Quads_Lit' not expected!
[2022-04-03 13:14:59]	CommonFireScript(1141) warning : Export 'ROTATION' in emitter 'Curling_Spark_Particle' not expected!
[2022-04-03 13:14:59]	CommonFireScript(1194) warning : Export 'ROTATION' in emitter 'FX_Particle_Shrinking_Ring' not expected!
[2022-04-03 13:14:59]	CommonGlintsScript(309) warning : Export 'ROTATION' in emitter 'FX_Particle_Glints_Facing_Z' not expected!
[2022-04-03 13:14:59]	CommonGlintsScript(394) warning : Export 'ROTATION' in emitter 'FX_Particle_Glints_Facing_X' not expected!
[2022-04-03 13:14:59]	CommonGlintsScript(504) warning : Export 'ROTATION' in emitter 'FX_Particle_Directional_Glows' not expected!
[2022-04-03 13:14:59]	CommonGlintsScript(592) warning : Export 'ROTATION' in emitter 'FX_Particle_Water_Wakes' not expected!
[2022-04-03 13:14:59]	CommonSmokeScript(152) warning : Export 'NORMALMAP_UV_Y_RANGE' in emitter 'FX_Smoke_Ribbon_Lit' not expected!
[2022-04-03 13:14:59]	CommonSmokeScript(153) warning : Export 'NORMALMAP_UV_X_VALUE' in emitter 'FX_Smoke_Ribbon_Lit' not expected!
[2022-04-03 13:14:59]	CommonSmokeScript(246) warning : Export 'ROTATION' in emitter 'FX_Fixed_Quads_Lit' not expected!
[2022-04-03 13:14:59]	CommonSmokeScript(254) warning : Export 'NORMALMAP_UV' in emitter 'FX_Fixed_Quads_Lit' not expected!
[2022-04-03 13:14:59]	CommonSmokeScript(632) warning : Render export 'draw#DISTORTION_UV' in emitter 'FX_Dirt_Bits' required for current render mode.  Will default to zero.
[2022-04-03 13:14:59]	CommonSmokeScript(632) warning : Render export 'draw#DISTORTION_SCALE' in emitter 'FX_Dirt_Bits' required for current render mode.  Will default to zero.
[2022-04-03 13:14:59]	FireFXVolcanoTest(548) warning : Export 'DISTORTION_UV_Y_RANGE' in emitter 'FX_Magma_Ribbon' not expected!
[2022-04-03 13:14:59]	FireFXVolcanoTest(549) warning : Export 'DISTORTION_UV_X_VALUE' in emitter 'FX_Magma_Ribbon' not expected!
[2022-04-03 13:14:59]	FireFXVolcanoTest(550) warning : Export 'DISTORTION_SCALE' in emitter 'FX_Magma_Ribbon' not expected!
[2022-04-03 13:14:59]	FireFX_Curl_Noise(70) warning : Export 'ROTATION' in emitter 'ErrorFX_Particle' not expected!
[2022-04-03 13:14:59]	FireFX_Default_UI(60) warning : Export 'TANGENT' in emitter 'Glints' not expected!
[2022-04-03 13:14:59]	FireFX_GDR_Force_Field(66) warning : Export 'ROTATION' in emitter 'FX_Particle_Glints' not expected!
[2022-04-03 13:14:59]	FireFX_GDR_Force_Field(68) warning : Export 'BITANGENT' in emitter 'FX_Particle_Glints' not expected!
[2022-04-03 13:14:59]	FireFX_GDR_Force_Field(226) warning : Export 'ROTATION' in emitter 'FX_Glow_Rings' not expected!
[2022-04-03 13:14:59]	FireFX_SoothSayer(288) warning : Export 'ROTATION' in emitter 'FX_Particle_Shrinking_Ring' not expected!
[2022-04-03 13:14:59]	FireFX_SoothSayer(450) warning : Render export 'draw#ALPHA' in emitter 'FX_explosion_Shockwave' required for current render mode.  Will default to zero.
[2022-04-03 13:14:59]	FireFX_SoothSayer(490) warning : Render export 'draw#ALPHA' in emitter 'FX_explosion_Smoke_Ring' required for current render mode.  Will default to zero.
[2022-04-03 13:14:59]	CommonFireScript(10) warning : Render export 'draw#ALPHA' in emitter 'FX_Fire_Quads' required for current render mode.  Will default to zero.
[2022-04-03 13:14:59]	CommonFireScript(62) warning : Render export 'draw#ALPHA' in emitter 'FX_Particle_Glow' required for current render mode.  Will default to zero.
[2022-04-03 13:14:59]	CommonFireScript(216) warning : Render export 'draw#ROTATION' in emitter 'FX_Animated_Fire' required for current render mode.  Will default to zero.
[2022-04-03 13:14:59]	CommonFireScript(266) warning : Export 'TANGENT' in emitter 'FX_Animated_Fire' not expected!
[2022-04-03 13:14:59]	CommonFireScript(382) warning : Export 'ROTATION' in emitter 'FX_Smoke_Quads' not expected!
[2022-04-03 13:14:59]	CommonFireScript(498) warning : Export 'BASECOLOR_UV' in emitter 'FX_String_Trail' not expected!
[2022-04-03 13:14:59]	CommonFireScript(503) warning : Export 'SCALE' in emitter 'FX_String_Trail' not expected!
[2022-04-03 13:14:59]	CommonFireScript(505) warning : Export 'ROTATION' in emitter 'FX_String_Trail' not expected!
[2022-04-03 13:14:59]	CommonFireScript(507) warning : Export 'TANGENT' in emitter 'FX_String_Trail' not expected!
[2022-04-03 13:14:59]	CommonFireScript(767) warning : Export 'MASK_UV' in emitter 'FX_Scorched_Overlay' not expected!
[2022-04-03 13:14:59]	CommonFireScript(771) warning : Export 'ROTATION' in emitter 'FX_Scorched_Overlay' not expected!
[2022-04-03 13:14:59]	CommonFireScript(862) warning : Export 'NORMALMAP_UV' in emitter 'FX_Fixed_Smoke_Quads_Lit' not expected!
[2022-04-03 13:14:59]	CommonFireScript(950) warning : Export 'NORMALMAP_UV' in emitter 'FX_Fixed_Mist_Quads_Lit' not expected!
[2022-04-03 13:14:59]	CommonFireScript(1141) warning : Export 'ROTATION' in emitter 'Curling_Spark_Particle' not expected!
[2022-04-03 13:14:59]	CommonFireScript(1194) warning : Export 'ROTATION' in emitter 'FX_Particle_Shrinking_Ring' not expected!
[2022-04-03 13:14:59]	CommonGlintsScript(309) warning : Export 'ROTATION' in emitter 'FX_Particle_Glints_Facing_Z' not expected!
[2022-04-03 13:14:59]	CommonGlintsScript(394) warning : Export 'ROTATION' in emitter 'FX_Particle_Glints_Facing_X' not expected!
[2022-04-03 13:14:59]	CommonGlintsScript(504) warning : Export 'ROTATION' in emitter 'FX_Particle_Directional_Glows' not expected!
[2022-04-03 13:14:59]	CommonGlintsScript(592) warning : Export 'ROTATION' in emitter 'FX_Particle_Water_Wakes' not expected!
[2022-04-03 13:14:59]	CommonSmokeScript(152) warning : Export 'NORMALMAP_UV_Y_RANGE' in emitter 'FX_Smoke_Ribbon_Lit' not expected!
[2022-04-03 13:14:59]	CommonSmokeScript(153) warning : Export 'NORMALMAP_UV_X_VALUE' in emitter 'FX_Smoke_Ribbon_Lit' not expected!
[2022-04-03 13:14:59]	CommonSmokeScript(246) warning : Export 'ROTATION' in emitter 'FX_Fixed_Quads_Lit' not expected!
[2022-04-03 13:14:59]	CommonSmokeScript(254) warning : Export 'NORMALMAP_UV' in emitter 'FX_Fixed_Quads_Lit' not expected!
[2022-04-03 13:14:59]	CommonSmokeScript(632) warning : Render export 'draw#DISTORTION_UV' in emitter 'FX_Dirt_Bits' required for current render mode.  Will default to zero.
[2022-04-03 13:14:59]	CommonSmokeScript(632) warning : Render export 'draw#DISTORTION_SCALE' in emitter 'FX_Dirt_Bits' required for current render mode.  Will default to zero.
[2022-04-03 13:14:59]	FireFX_GDR_Force_Field(66) warning : Export 'ROTATION' in emitter 'FX_Particle_Glints' not expected!
[2022-04-03 13:14:59]	FireFX_GDR_Force_Field(68) warning : Export 'BITANGENT' in emitter 'FX_Particle_Glints' not expected!
[2022-04-03 13:14:59]	FireFX_GDR_Force_Field(226) warning : Export 'ROTATION' in emitter 'FX_Glow_Rings' not expected!
[2022-04-03 13:14:59]	FireFX_GDR_Water_FX(452) warning : Export 'ROTATION' in emitter 'FX_Wake_Quads' not expected!
[2022-04-03 13:14:59]	FireFX_Storms(122) warning : Export 'NORMALMAP_UV' in emitter 'FX_CloudTrails' not expected!
[2022-04-03 13:14:59]	FireFX_Storms(384) warning : Export 'ROTATION' in emitter 'FX_Mid_Fog_Storm_Particles' not expected!
[2022-04-03 13:14:59]	FireFX_Storms(444) warning : Export 'ROTATION' in emitter 'Rain_Particles' not expected!
[2022-04-03 13:14:59]	FireFX_Storms(814) warning : Export 'TANGENT' in emitter 'rollingClouds' not expected!
[2022-04-03 13:14:59]	FireFX_Storms(817) warning : Export 'NORMALMAP_UV' in emitter 'rollingClouds' not expected!
[2022-04-03 13:14:59]	FireFX_Storms(921) warning : Export 'ROTATION' in emitter 'rollingCloudsOverlay' not expected!
[2022-04-03 13:14:59]	FireFX_Storms(923) warning : Export 'NORMALMAP_UV' in emitter 'rollingCloudsOverlay' not expected!
[2022-04-03 13:14:59]	FireFX_Volcanoes(455) warning : Export 'ROTATION' in emitter 'FX_Magma_Decal_Trail_Head' not expected!
[2022-04-03 13:14:59]	FireFX_Volcanoes(513) warning : Export 'DISTORTION_UV_Y_RANGE' in emitter 'FX_Magma_Ribbon' not expected!
[2022-04-03 13:14:59]	FireFX_Volcanoes(514) warning : Export 'DISTORTION_UV_X_VALUE' in emitter 'FX_Magma_Ribbon' not expected!
[2022-04-03 13:14:59]	FireFX_Volcanoes(515) warning : Export 'DISTORTION_SCALE' in emitter 'FX_Magma_Ribbon' not expected!
[2022-04-03 13:14:59]	FireFX_Volcanoes(625) warning : Export 'TANGENT' in emitter 'FX_Volcano_Smoke' not expected!
[2022-04-03 13:14:59]	CommonFireScript(10) warning : Render export 'draw#ALPHA' in emitter 'FX_Fire_Quads' required for current render mode.  Will default to zero.
[2022-04-03 13:14:59]	CommonFireScript(62) warning : Render export 'draw#ALPHA' in emitter 'FX_Particle_Glow' required for current render mode.  Will default to zero.
[2022-04-03 13:14:59]	CommonFireScript(216) warning : Render export 'draw#ROTATION' in emitter 'FX_Animated_Fire' required for current render mode.  Will default to zero.
[2022-04-03 13:14:59]	CommonFireScript(266) warning : Export 'TANGENT' in emitter 'FX_Animated_Fire' not expected!
[2022-04-03 13:14:59]	CommonFireScript(382) warning : Export 'ROTATION' in emitter 'FX_Smoke_Quads' not expected!
[2022-04-03 13:14:59]	CommonFireScript(498) warning : Export 'BASECOLOR_UV' in emitter 'FX_String_Trail' not expected!
[2022-04-03 13:14:59]	CommonFireScript(503) warning : Export 'SCALE' in emitter 'FX_String_Trail' not expected!
[2022-04-03 13:14:59]	CommonFireScript(505) warning : Export 'ROTATION' in emitter 'FX_String_Trail' not expected!
[2022-04-03 13:14:59]	CommonFireScript(507) warning : Export 'TANGENT' in emitter 'FX_String_Trail' not expected!
[2022-04-03 13:14:59]	CommonFireScript(767) warning : Export 'MASK_UV' in emitter 'FX_Scorched_Overlay' not expected!
[2022-04-03 13:14:59]	CommonFireScript(771) warning : Export 'ROTATION' in emitter 'FX_Scorched_Overlay' not expected!
[2022-04-03 13:14:59]	CommonFireScript(862) warning : Export 'NORMALMAP_UV' in emitter 'FX_Fixed_Smoke_Quads_Lit' not expected!
[2022-04-03 13:14:59]	CommonFireScript(950) warning : Export 'NORMALMAP_UV' in emitter 'FX_Fixed_Mist_Quads_Lit' not expected!
[2022-04-03 13:14:59]	CommonFireScript(1141) warning : Export 'ROTATION' in emitter 'Curling_Spark_Particle' not expected!
[2022-04-03 13:14:59]	CommonFireScript(1194) warning : Export 'ROTATION' in emitter 'FX_Particle_Shrinking_Ring' not expected!
[2022-04-03 13:14:59]	CommonGlintsScript(309) warning : Export 'ROTATION' in emitter 'FX_Particle_Glints_Facing_Z' not expected!
[2022-04-03 13:14:59]	CommonGlintsScript(394) warning : Export 'ROTATION' in emitter 'FX_Particle_Glints_Facing_X' not expected!
[2022-04-03 13:14:59]	CommonGlintsScript(504) warning : Export 'ROTATION' in emitter 'FX_Particle_Directional_Glows' not expected!
[2022-04-03 13:14:59]	CommonGlintsScript(592) warning : Export 'ROTATION' in emitter 'FX_Particle_Water_Wakes' not expected!
[2022-04-03 13:14:59]	CommonSmokeScript(152) warning : Export 'NORMALMAP_UV_Y_RANGE' in emitter 'FX_Smoke_Ribbon_Lit' not expected!
[2022-04-03 13:14:59]	CommonSmokeScript(153) warning : Export 'NORMALMAP_UV_X_VALUE' in emitter 'FX_Smoke_Ribbon_Lit' not expected!
[2022-04-03 13:14:59]	CommonSmokeScript(246) warning : Export 'ROTATION' in emitter 'FX_Fixed_Quads_Lit' not expected!
[2022-04-03 13:14:59]	CommonSmokeScript(254) warning : Export 'NORMALMAP_UV' in emitter 'FX_Fixed_Quads_Lit' not expected!
[2022-04-03 13:14:59]	CommonSmokeScript(632) warning : Render export 'draw#DISTORTION_UV' in emitter 'FX_Dirt_Bits' required for current render mode.  Will default to zero.
[2022-04-03 13:14:59]	CommonSmokeScript(632) warning : Render export 'draw#DISTORTION_SCALE' in emitter 'FX_Dirt_Bits' required for current render mode.  Will default to zero.
[2022-04-03 13:14:59]	FireFX_Asteroid(206) warning : Export 'ROTATION' in emitter 'FX_ground_Scorch_Mark' not expected!
[2022-04-03 13:14:59]	FireFX_Asteroid(414) warning : Export 'TANGENT' in emitter 'FX_explosion_Smoke_Ring' not expected!
[2022-04-03 13:14:59]	FireFX_Asteroid(483) warning : Export 'TANGENT' in emitter 'FX_explosion_Smoke_Front' not expected!
[2022-04-03 13:14:59]	FireFX_Asteroid(554) warning : Export 'TANGENT' in emitter 'FX_explosion_Dust' not expected!
[2022-04-03 13:14:59]	FireFX_Asteroid(749) warning : Export 'ROTATION' in emitter 'FX_meteor_fire_trail' not expected!
[2022-04-03 13:14:59]	FireFX_Bermuda_Triangle(99) warning : Export 'ROTATION' in emitter 'FX_Center_Swirl' not expected!
[2022-04-03 13:14:59]	FireFX_Bermuda_Triangle(152) warning : Export 'ROTATION' in emitter 'FX_Center_Swirl_2' not expected!
[2022-04-03 13:14:59]	FireFX_Meteors(237) warning : Export 'ROTATION' in emitter 'FX_flying_clutter' not expected!
[2022-04-03 13:14:59]	FireFX_Meteors(309) warning : Export 'TANGENT' in emitter 'FX_explosion_Smoke' not expected!
[2022-04-03 13:14:59]	FireFX_Meteors(378) warning : Export 'TANGENT' in emitter 'FX_explosion_Smoke_Front' not expected!
[2022-04-03 13:14:59]	FireFX_Meteors(567) warning : Render export 'draw#ROTATION' in emitter 'FX_meteor_lens_flare' required for current render mode.  Will default to zero.
[2022-04-03 13:14:59]	FireFX_Meteors(676) warning : Export 'ROTATION' in emitter 'FX_meteor_Smoke_trail' not expected!
[2022-04-03 13:14:59]	FireFX_Solar_Flare(65) warning : Export 'ROTATION' in emitter 'FX_flare_overlay' not expected!
[2022-04-03 13:14:59]	FireFX_SoothSayer(288) warning : Export 'ROTATION' in emitter 'FX_Particle_Shrinking_Ring' not expected!
[2022-04-03 13:14:59]	FireFX_SoothSayer(450) warning : Render export 'draw#ALPHA' in emitter 'FX_explosion_Shockwave' required for current render mode.  Will default to zero.
[2022-04-03 13:14:59]	FireFX_SoothSayer(490) warning : Render export 'draw#ALPHA' in emitter 'FX_explosion_Smoke_Ring' required for current render mode.  Will default to zero.
[2022-04-03 13:14:59]	FireFX_Brazier_Script(10) warning : Render export 'draw#ALPHA' in emitter 'FX_Fire_Quads' required for current render mode.  Will default to zero.
[2022-04-03 13:14:59]	FireFX_Brazier_Script(62) warning : Render export 'draw#ALPHA' in emitter 'FX_Particle_Glow' required for current render mode.  Will default to zero.
[2022-04-03 13:14:59]	FireFX_Brazier_Script(216) warning : Render export 'draw#ROTATION' in emitter 'FX_Animated_Fire' required for current render mode.  Will default to zero.
[2022-04-03 13:14:59]	FireFX_Brazier_Script(266) warning : Export 'TANGENT' in emitter 'FX_Animated_Fire' not expected!
[2022-04-03 13:14:59]	CommonFireScript(10) warning : Render export 'draw#ALPHA' in emitter 'FX_Fire_Quads' required for current render mode.  Will default to zero.
[2022-04-03 13:14:59]	CommonFireScript(62) warning : Render export 'draw#ALPHA' in emitter 'FX_Particle_Glow' required for current render mode.  Will default to zero.
[2022-04-03 13:14:59]	CommonFireScript(216) warning : Render export 'draw#ROTATION' in emitter 'FX_Animated_Fire' required for current render mode.  Will default to zero.
[2022-04-03 13:14:59]	CommonFireScript(266) warning : Export 'TANGENT' in emitter 'FX_Animated_Fire' not expected!
[2022-04-03 13:14:59]	CommonFireScript(382) warning : Export 'ROTATION' in emitter 'FX_Smoke_Quads' not expected!
[2022-04-03 13:14:59]	CommonFireScript(498) warning : Export 'BASECOLOR_UV' in emitter 'FX_String_Trail' not expected!
[2022-04-03 13:14:59]	CommonFireScript(503) warning : Export 'SCALE' in emitter 'FX_String_Trail' not expected!
[2022-04-03 13:14:59]	CommonFireScript(505) warning : Export 'ROTATION' in emitter 'FX_String_Trail' not expected!
[2022-04-03 13:14:59]	CommonFireScript(507) warning : Export 'TANGENT' in emitter 'FX_String_Trail' not expected!
[2022-04-03 13:14:59]	CommonFireScript(767) warning : Export 'MASK_UV' in emitter 'FX_Scorched_Overlay' not expected!
[2022-04-03 13:14:59]	CommonFireScript(771) warning : Export 'ROTATION' in emitter 'FX_Scorched_Overlay' not expected!
[2022-04-03 13:14:59]	CommonFireScript(862) warning : Export 'NORMALMAP_UV' in emitter 'FX_Fixed_Smoke_Quads_Lit' not expected!
[2022-04-03 13:14:59]	CommonFireScript(950) warning : Export 'NORMALMAP_UV' in emitter 'FX_Fixed_Mist_Quads_Lit' not expected!
[2022-04-03 13:14:59]	CommonFireScript(1141) warning : Export 'ROTATION' in emitter 'Curling_Spark_Particle' not expected!
[2022-04-03 13:14:59]	CommonFireScript(1194) warning : Export 'ROTATION' in emitter 'FX_Particle_Shrinking_Ring' not expected!
[2022-04-03 13:14:59]	CommonSmokeScript(152) warning : Export 'NORMALMAP_UV_Y_RANGE' in emitter 'FX_Smoke_Ribbon_Lit' not expected!
[2022-04-03 13:14:59]	CommonSmokeScript(153) warning : Export 'NORMALMAP_UV_X_VALUE' in emitter 'FX_Smoke_Ribbon_Lit' not expected!
[2022-04-03 13:14:59]	CommonSmokeScript(246) warning : Export 'ROTATION' in emitter 'FX_Fixed_Quads_Lit' not expected!
[2022-04-03 13:14:59]	CommonSmokeScript(254) warning : Export 'NORMALMAP_UV' in emitter 'FX_Fixed_Quads_Lit' not expected!
[2022-04-03 13:14:59]	CommonSmokeScript(632) warning : Render export 'draw#DISTORTION_UV' in emitter 'FX_Dirt_Bits' required for current render mode.  Will default to zero.
[2022-04-03 13:14:59]	CommonSmokeScript(632) warning : Render export 'draw#DISTORTION_SCALE' in emitter 'FX_Dirt_Bits' required for current render mode.  Will default to zero.
[2022-04-03 13:14:59]	FireFX_Cultist(10) warning : Render export 'draw#ALPHA' in emitter 'FX_Fire_Quads' required for current render mode.  Will default to zero.
[2022-04-03 13:14:59]	FireFX_Cultist(62) warning : Render export 'draw#ALPHA' in emitter 'FX_Particle_Glow' required for current render mode.  Will default to zero.
[2022-04-03 13:14:59]	FireFX_Cultist(327) warning : Export 'ROTATION' in emitter 'FX_Smoke_Quads' not expected!
[2022-04-03 13:14:59]	FireFX_Cultist(522) warning : Export 'MASK_UV' in emitter 'FX_Scorched_Overlay' not expected!
[2022-04-03 13:14:59]	FireFX_Cultist(526) warning : Export 'ROTATION' in emitter 'FX_Scorched_Overlay' not expected!
[2022-04-03 13:14:59]	FireFX_Cultist(617) warning : Export 'NORMALMAP_UV' in emitter 'FX_Fixed_Smoke_Quads_Lit' not expected!
[2022-04-03 13:14:59]	FireFX_Cultist(705) warning : Export 'NORMALMAP_UV' in emitter 'FX_Fixed_Mist_Quads_Lit' not expected!
[2022-04-03 13:14:59]	FireFX_Cultist(896) warning : Export 'ROTATION' in emitter 'Curling_Spark_Particle' not expected!
[2022-04-03 13:14:59]	FireFX_Cultist(949) warning : Export 'ROTATION' in emitter 'FX_Particle_Shrinking_Ring' not expected!
[2022-04-03 13:14:59]	FireFX_Ley_Line(68) warning : Render export 'draw#ALPHA' in emitter 'Ley_Line_Overlay' required for current render mode.  Will default to zero.
[2022-04-03 13:14:59]	FireFX_Ley_Line(105) warning : Export 'MASK_UV' in emitter 'Ley_Line_Overlay' not expected!
[2022-04-03 13:14:59]	FireFX_Ley_Line(152) warning : Export 'MASK_UV' in emitter 'Ley_Line_Dark_Overlay' not expected!
[2022-04-03 13:14:59]	FireFX_SecretSocietySmoke(60) warning : Export 'TANGENT' in emitter 'Smoke' not expected!
[2022-04-03 13:14:59]	FireFX_SecretSocietySmoke(69) warning : Render export 'draw#POSITION' in emitter 'SmokeRoot' required for current render mode.  Will default to zero.
[2022-04-03 13:14:59]	FireFX_SecretSocietySmoke(69) warning : Render export 'draw#SCALE' in emitter 'SmokeRoot' required for current render mode.  Will default to zero.
[2022-04-03 13:14:59]	FireFX_SecretSocietySmoke(69) warning : Render export 'draw#TANGENT' in emitter 'SmokeRoot' required for current render mode.  Will default to zero.
[2022-04-03 13:14:59]	FireFX_SecretSocietySmoke(69) warning : Render export 'draw#BITANGENT' in emitter 'SmokeRoot' required for current render mode.  Will default to zero.
[2022-04-03 13:14:59]	FireFX_SecretSocietySmoke(69) warning : Render export 'draw#COLOR' in emitter 'SmokeRoot' required for current render mode.  Will default to zero.
[2022-04-03 13:14:59]	FireFX_SecretSocietySmoke(69) warning : Render export 'draw#ALPHA' in emitter 'SmokeRoot' required for current render mode.  Will default to zero.
[2022-04-03 13:14:59]	FireFX_SecretSocietySmoke(69) warning : Render export 'draw#BASECOLOR_UV' in emitter 'SmokeRoot' required for current render mode.  Will default to zero.
[2022-04-03 13:14:59]	FireFX_Vampire(168) warning : Export 'ROTATION' in emitter 'FX_Particle_Shrinking_Ring' not expected!
[2022-04-03 13:14:59]	FireFX_Vampire(270) warning : Export 'ROTATION' in emitter 'FX_explosion_Flash' not expected!
[2022-04-03 13:14:59]	FireFX_Vampire(278) warning : Render export 'draw#ALPHA' in emitter 'FX_explosion_Shockwave' required for current render mode.  Will default to zero.
[2022-04-03 13:14:59]	CommonSmokeScript(152) warning : Export 'NORMALMAP_UV_Y_RANGE' in emitter 'FX_Smoke_Ribbon_Lit' not expected!
[2022-04-03 13:14:59]	CommonSmokeScript(153) warning : Export 'NORMALMAP_UV_X_VALUE' in emitter 'FX_Smoke_Ribbon_Lit' not expected!
[2022-04-03 13:14:59]	CommonSmokeScript(246) warning : Export 'ROTATION' in emitter 'FX_Fixed_Quads_Lit' not expected!
[2022-04-03 13:14:59]	CommonSmokeScript(254) warning : Export 'NORMALMAP_UV' in emitter 'FX_Fixed_Quads_Lit' not expected!
[2022-04-03 13:14:59]	CommonSmokeScript(632) warning : Render export 'draw#DISTORTION_UV' in emitter 'FX_Dirt_Bits' required for current render mode.  Will default to zero.
[2022-04-03 13:14:59]	CommonSmokeScript(632) warning : Render export 'draw#DISTORTION_SCALE' in emitter 'FX_Dirt_Bits' required for current render mode.  Will default to zero.
[2022-04-03 13:14:59]	FireFX_Ring_Shockwave(10) warning : Render export 'draw#ALPHA' in emitter 'FX_Triangle_Strip_Ring' required for current render mode.  Will default to zero.
[2022-04-03 13:14:59]	FireFX_Ring_Shockwave(102) warning : Render export 'draw#ALPHA' in emitter 'FX_Triangle_Strip_Disc' required for current render mode.  Will default to zero.
[2022-04-03 13:14:59]	FireFX_Ring_Shockwave(194) warning : Render export 'draw#ALPHA' in emitter 'FX_Triangle_Strip_Facing' required for current render mode.  Will default to zero.
[2022-04-03 13:14:59]	FireFX_Ring_Shockwave(280) warning : Export 'BITANGENT' in emitter 'FX_Triangle_Strip_Facing' not expected!
[2022-04-03 13:14:59]	MuzzleFlashScript(311) warning : Export 'ROTATION' in emitter 'FX_Particle_Glints_Facing_Z' not expected!
[2022-04-03 13:14:59]	MuzzleFlashScript(396) warning : Export 'ROTATION' in emitter 'FX_Particle_Glints_Facing_X' not expected!
[2022-04-03 13:14:59]	MuzzleFlashScript(526) warning : Export 'TANGENT' in emitter 'FX_Smoke_Quads' not expected!
[2022-04-03 13:14:59]	MuzzleFlashScript(904) warning : Export 'ROTATION' in emitter 'FX_Particle_Directional_Glows' not expected!
[2022-04-03 13:14:59]	MuzzleFlashScript(917) warning : Render export 'draw#ALPHA' in emitter 'FX_Particle_Glow' required for current render mode.  Will default to zero.
[2022-04-03 13:17:53]	CommonFireScript(10) warning : Render export 'draw#ALPHA' in emitter 'FX_Fire_Quads' required for current render mode.  Will default to zero.
[2022-04-03 13:17:53]	CommonFireScript(62) warning : Render export 'draw#ALPHA' in emitter 'FX_Particle_Glow' required for current render mode.  Will default to zero.
[2022-04-03 13:17:53]	CommonFireScript(216) warning : Render export 'draw#ROTATION' in emitter 'FX_Animated_Fire' required for current render mode.  Will default to zero.
[2022-04-03 13:17:53]	CommonFireScript(266) warning : Export 'TANGENT' in emitter 'FX_Animated_Fire' not expected!
[2022-04-03 13:17:53]	CommonFireScript(382) warning : Export 'ROTATION' in emitter 'FX_Smoke_Quads' not expected!
[2022-04-03 13:17:53]	CommonFireScript(498) warning : Export 'BASECOLOR_UV' in emitter 'FX_String_Trail' not expected!
[2022-04-03 13:17:53]	CommonFireScript(503) warning : Export 'SCALE' in emitter 'FX_String_Trail' not expected!
[2022-04-03 13:17:53]	CommonFireScript(505) warning : Export 'ROTATION' in emitter 'FX_String_Trail' not expected!
[2022-04-03 13:17:53]	CommonFireScript(507) warning : Export 'TANGENT' in emitter 'FX_String_Trail' not expected!
[2022-04-03 13:17:53]	CommonFireScript(767) warning : Export 'MASK_UV' in emitter 'FX_Scorched_Overlay' not expected!
[2022-04-03 13:17:53]	CommonFireScript(771) warning : Export 'ROTATION' in emitter 'FX_Scorched_Overlay' not expected!
[2022-04-03 13:17:53]	CommonFireScript(862) warning : Export 'NORMALMAP_UV' in emitter 'FX_Fixed_Smoke_Quads_Lit' not expected!
[2022-04-03 13:17:53]	CommonFireScript(950) warning : Export 'NORMALMAP_UV' in emitter 'FX_Fixed_Mist_Quads_Lit' not expected!
[2022-04-03 13:17:53]	CommonFireScript(1141) warning : Export 'ROTATION' in emitter 'Curling_Spark_Particle' not expected!
[2022-04-03 13:17:53]	CommonFireScript(1194) warning : Export 'ROTATION' in emitter 'FX_Particle_Shrinking_Ring' not expected!
[2022-04-03 13:17:53]	CommonGlintsScript(309) warning : Export 'ROTATION' in emitter 'FX_Particle_Glints_Facing_Z' not expected!
[2022-04-03 13:17:53]	CommonGlintsScript(394) warning : Export 'ROTATION' in emitter 'FX_Particle_Glints_Facing_X' not expected!
[2022-04-03 13:17:53]	CommonGlintsScript(504) warning : Export 'ROTATION' in emitter 'FX_Particle_Directional_Glows' not expected!
[2022-04-03 13:17:53]	CommonGlintsScript(592) warning : Export 'ROTATION' in emitter 'FX_Particle_Water_Wakes' not expected!
[2022-04-03 13:17:53]	CommonSmokeScript(152) warning : Export 'NORMALMAP_UV_Y_RANGE' in emitter 'FX_Smoke_Ribbon_Lit' not expected!
[2022-04-03 13:17:53]	CommonSmokeScript(153) warning : Export 'NORMALMAP_UV_X_VALUE' in emitter 'FX_Smoke_Ribbon_Lit' not expected!
[2022-04-03 13:17:53]	CommonSmokeScript(246) warning : Export 'ROTATION' in emitter 'FX_Fixed_Quads_Lit' not expected!
[2022-04-03 13:17:53]	CommonSmokeScript(254) warning : Export 'NORMALMAP_UV' in emitter 'FX_Fixed_Quads_Lit' not expected!
[2022-04-03 13:17:53]	CommonSmokeScript(632) warning : Render export 'draw#DISTORTION_UV' in emitter 'FX_Dirt_Bits' required for current render mode.  Will default to zero.
[2022-04-03 13:17:53]	CommonSmokeScript(632) warning : Render export 'draw#DISTORTION_SCALE' in emitter 'FX_Dirt_Bits' required for current render mode.  Will default to zero.
[2022-04-03 13:17:53]	FireFXVolcanoTest(548) warning : Export 'DISTORTION_UV_Y_RANGE' in emitter 'FX_Magma_Ribbon' not expected!
[2022-04-03 13:17:53]	FireFXVolcanoTest(549) warning : Export 'DISTORTION_UV_X_VALUE' in emitter 'FX_Magma_Ribbon' not expected!
[2022-04-03 13:17:53]	FireFXVolcanoTest(550) warning : Export 'DISTORTION_SCALE' in emitter 'FX_Magma_Ribbon' not expected!
[2022-04-03 13:17:53]	FireFX_Curl_Noise(70) warning : Export 'ROTATION' in emitter 'ErrorFX_Particle' not expected!
[2022-04-03 13:17:53]	FireFX_Default_UI(60) warning : Export 'TANGENT' in emitter 'Glints' not expected!
[2022-04-03 13:17:53]	FireFX_GDR_Force_Field(66) warning : Export 'ROTATION' in emitter 'FX_Particle_Glints' not expected!
[2022-04-03 13:17:53]	FireFX_GDR_Force_Field(68) warning : Export 'BITANGENT' in emitter 'FX_Particle_Glints' not expected!
[2022-04-03 13:17:53]	FireFX_GDR_Force_Field(226) warning : Export 'ROTATION' in emitter 'FX_Glow_Rings' not expected!
[2022-04-03 13:17:53]	FireFX_SoothSayer(288) warning : Export 'ROTATION' in emitter 'FX_Particle_Shrinking_Ring' not expected!
[2022-04-03 13:17:53]	FireFX_SoothSayer(450) warning : Render export 'draw#ALPHA' in emitter 'FX_explosion_Shockwave' required for current render mode.  Will default to zero.
[2022-04-03 13:17:53]	FireFX_SoothSayer(490) warning : Render export 'draw#ALPHA' in emitter 'FX_explosion_Smoke_Ring' required for current render mode.  Will default to zero.
[2022-04-03 13:17:53]	CommonFireScript(10) warning : Render export 'draw#ALPHA' in emitter 'FX_Fire_Quads' required for current render mode.  Will default to zero.
[2022-04-03 13:17:53]	CommonFireScript(62) warning : Render export 'draw#ALPHA' in emitter 'FX_Particle_Glow' required for current render mode.  Will default to zero.
[2022-04-03 13:17:53]	CommonFireScript(216) warning : Render export 'draw#ROTATION' in emitter 'FX_Animated_Fire' required for current render mode.  Will default to zero.
[2022-04-03 13:17:53]	CommonFireScript(266) warning : Export 'TANGENT' in emitter 'FX_Animated_Fire' not expected!
[2022-04-03 13:17:53]	CommonFireScript(382) warning : Export 'ROTATION' in emitter 'FX_Smoke_Quads' not expected!
[2022-04-03 13:17:53]	CommonFireScript(498) warning : Export 'BASECOLOR_UV' in emitter 'FX_String_Trail' not expected!
[2022-04-03 13:17:53]	CommonFireScript(503) warning : Export 'SCALE' in emitter 'FX_String_Trail' not expected!
[2022-04-03 13:17:53]	CommonFireScript(505) warning : Export 'ROTATION' in emitter 'FX_String_Trail' not expected!
[2022-04-03 13:17:53]	CommonFireScript(507) warning : Export 'TANGENT' in emitter 'FX_String_Trail' not expected!
[2022-04-03 13:17:53]	CommonFireScript(767) warning : Export 'MASK_UV' in emitter 'FX_Scorched_Overlay' not expected!
[2022-04-03 13:17:53]	CommonFireScript(771) warning : Export 'ROTATION' in emitter 'FX_Scorched_Overlay' not expected!
[2022-04-03 13:17:53]	CommonFireScript(862) warning : Export 'NORMALMAP_UV' in emitter 'FX_Fixed_Smoke_Quads_Lit' not expected!
[2022-04-03 13:17:53]	CommonFireScript(950) warning : Export 'NORMALMAP_UV' in emitter 'FX_Fixed_Mist_Quads_Lit' not expected!
[2022-04-03 13:17:53]	CommonFireScript(1141) warning : Export 'ROTATION' in emitter 'Curling_Spark_Particle' not expected!
[2022-04-03 13:17:53]	CommonFireScript(1194) warning : Export 'ROTATION' in emitter 'FX_Particle_Shrinking_Ring' not expected!
[2022-04-03 13:17:53]	CommonGlintsScript(309) warning : Export 'ROTATION' in emitter 'FX_Particle_Glints_Facing_Z' not expected!
[2022-04-03 13:17:53]	CommonGlintsScript(394) warning : Export 'ROTATION' in emitter 'FX_Particle_Glints_Facing_X' not expected!
[2022-04-03 13:17:53]	CommonGlintsScript(504) warning : Export 'ROTATION' in emitter 'FX_Particle_Directional_Glows' not expected!
[2022-04-03 13:17:53]	CommonGlintsScript(592) warning : Export 'ROTATION' in emitter 'FX_Particle_Water_Wakes' not expected!
[2022-04-03 13:17:53]	CommonSmokeScript(152) warning : Export 'NORMALMAP_UV_Y_RANGE' in emitter 'FX_Smoke_Ribbon_Lit' not expected!
[2022-04-03 13:17:53]	CommonSmokeScript(153) warning : Export 'NORMALMAP_UV_X_VALUE' in emitter 'FX_Smoke_Ribbon_Lit' not expected!
[2022-04-03 13:17:53]	CommonSmokeScript(246) warning : Export 'ROTATION' in emitter 'FX_Fixed_Quads_Lit' not expected!
[2022-04-03 13:17:53]	CommonSmokeScript(254) warning : Export 'NORMALMAP_UV' in emitter 'FX_Fixed_Quads_Lit' not expected!
[2022-04-03 13:17:53]	CommonSmokeScript(632) warning : Render export 'draw#DISTORTION_UV' in emitter 'FX_Dirt_Bits' required for current render mode.  Will default to zero.
[2022-04-03 13:17:53]	CommonSmokeScript(632) warning : Render export 'draw#DISTORTION_SCALE' in emitter 'FX_Dirt_Bits' required for current render mode.  Will default to zero.
[2022-04-03 13:17:53]	FireFX_GDR_Force_Field(66) warning : Export 'ROTATION' in emitter 'FX_Particle_Glints' not expected!
[2022-04-03 13:17:53]	FireFX_GDR_Force_Field(68) warning : Export 'BITANGENT' in emitter 'FX_Particle_Glints' not expected!
[2022-04-03 13:17:53]	FireFX_GDR_Force_Field(226) warning : Export 'ROTATION' in emitter 'FX_Glow_Rings' not expected!
[2022-04-03 13:17:53]	FireFX_GDR_Water_FX(452) warning : Export 'ROTATION' in emitter 'FX_Wake_Quads' not expected!
[2022-04-03 13:17:53]	FireFX_Storms(122) warning : Export 'NORMALMAP_UV' in emitter 'FX_CloudTrails' not expected!
[2022-04-03 13:17:53]	FireFX_Storms(384) warning : Export 'ROTATION' in emitter 'FX_Mid_Fog_Storm_Particles' not expected!
[2022-04-03 13:17:53]	FireFX_Storms(444) warning : Export 'ROTATION' in emitter 'Rain_Particles' not expected!
[2022-04-03 13:17:53]	FireFX_Storms(814) warning : Export 'TANGENT' in emitter 'rollingClouds' not expected!
[2022-04-03 13:17:53]	FireFX_Storms(817) warning : Export 'NORMALMAP_UV' in emitter 'rollingClouds' not expected!
[2022-04-03 13:17:53]	FireFX_Storms(921) warning : Export 'ROTATION' in emitter 'rollingCloudsOverlay' not expected!
[2022-04-03 13:17:53]	FireFX_Storms(923) warning : Export 'NORMALMAP_UV' in emitter 'rollingCloudsOverlay' not expected!
[2022-04-03 13:17:53]	FireFX_Volcanoes(455) warning : Export 'ROTATION' in emitter 'FX_Magma_Decal_Trail_Head' not expected!
[2022-04-03 13:17:53]	FireFX_Volcanoes(513) warning : Export 'DISTORTION_UV_Y_RANGE' in emitter 'FX_Magma_Ribbon' not expected!
[2022-04-03 13:17:53]	FireFX_Volcanoes(514) warning : Export 'DISTORTION_UV_X_VALUE' in emitter 'FX_Magma_Ribbon' not expected!
[2022-04-03 13:17:53]	FireFX_Volcanoes(515) warning : Export 'DISTORTION_SCALE' in emitter 'FX_Magma_Ribbon' not expected!
[2022-04-03 13:17:53]	FireFX_Volcanoes(625) warning : Export 'TANGENT' in emitter 'FX_Volcano_Smoke' not expected!
[2022-04-03 13:17:53]	CommonFireScript(10) warning : Render export 'draw#ALPHA' in emitter 'FX_Fire_Quads' required for current render mode.  Will default to zero.
[2022-04-03 13:17:53]	CommonFireScript(62) warning : Render export 'draw#ALPHA' in emitter 'FX_Particle_Glow' required for current render mode.  Will default to zero.
[2022-04-03 13:17:53]	CommonFireScript(216) warning : Render export 'draw#ROTATION' in emitter 'FX_Animated_Fire' required for current render mode.  Will default to zero.
[2022-04-03 13:17:53]	CommonFireScript(266) warning : Export 'TANGENT' in emitter 'FX_Animated_Fire' not expected!
[2022-04-03 13:17:53]	CommonFireScript(382) warning : Export 'ROTATION' in emitter 'FX_Smoke_Quads' not expected!
[2022-04-03 13:17:53]	CommonFireScript(498) warning : Export 'BASECOLOR_UV' in emitter 'FX_String_Trail' not expected!
[2022-04-03 13:17:53]	CommonFireScript(503) warning : Export 'SCALE' in emitter 'FX_String_Trail' not expected!
[2022-04-03 13:17:53]	CommonFireScript(505) warning : Export 'ROTATION' in emitter 'FX_String_Trail' not expected!
[2022-04-03 13:17:53]	CommonFireScript(507) warning : Export 'TANGENT' in emitter 'FX_String_Trail' not expected!
[2022-04-03 13:17:53]	CommonFireScript(767) warning : Export 'MASK_UV' in emitter 'FX_Scorched_Overlay' not expected!
[2022-04-03 13:17:53]	CommonFireScript(771) warning : Export 'ROTATION' in emitter 'FX_Scorched_Overlay' not expected!
[2022-04-03 13:17:53]	CommonFireScript(862) warning : Export 'NORMALMAP_UV' in emitter 'FX_Fixed_Smoke_Quads_Lit' not expected!
[2022-04-03 13:17:53]	CommonFireScript(950) warning : Export 'NORMALMAP_UV' in emitter 'FX_Fixed_Mist_Quads_Lit' not expected!
[2022-04-03 13:17:53]	CommonFireScript(1141) warning : Export 'ROTATION' in emitter 'Curling_Spark_Particle' not expected!
[2022-04-03 13:17:53]	CommonFireScript(1194) warning : Export 'ROTATION' in emitter 'FX_Particle_Shrinking_Ring' not expected!
[2022-04-03 13:17:53]	CommonGlintsScript(309) warning : Export 'ROTATION' in emitter 'FX_Particle_Glints_Facing_Z' not expected!
[2022-04-03 13:17:53]	CommonGlintsScript(394) warning : Export 'ROTATION' in emitter 'FX_Particle_Glints_Facing_X' not expected!
[2022-04-03 13:17:53]	CommonGlintsScript(504) warning : Export 'ROTATION' in emitter 'FX_Particle_Directional_Glows' not expected!
[2022-04-03 13:17:53]	CommonGlintsScript(592) warning : Export 'ROTATION' in emitter 'FX_Particle_Water_Wakes' not expected!
[2022-04-03 13:17:53]	CommonSmokeScript(152) warning : Export 'NORMALMAP_UV_Y_RANGE' in emitter 'FX_Smoke_Ribbon_Lit' not expected!
[2022-04-03 13:17:53]	CommonSmokeScript(153) warning : Export 'NORMALMAP_UV_X_VALUE' in emitter 'FX_Smoke_Ribbon_Lit' not expected!
[2022-04-03 13:17:53]	CommonSmokeScript(246) warning : Export 'ROTATION' in emitter 'FX_Fixed_Quads_Lit' not expected!
[2022-04-03 13:17:53]	CommonSmokeScript(254) warning : Export 'NORMALMAP_UV' in emitter 'FX_Fixed_Quads_Lit' not expected!
[2022-04-03 13:17:53]	CommonSmokeScript(632) warning : Render export 'draw#DISTORTION_UV' in emitter 'FX_Dirt_Bits' required for current render mode.  Will default to zero.
[2022-04-03 13:17:53]	CommonSmokeScript(632) warning : Render export 'draw#DISTORTION_SCALE' in emitter 'FX_Dirt_Bits' required for current render mode.  Will default to zero.
[2022-04-03 13:17:53]	FireFX_Asteroid(206) warning : Export 'ROTATION' in emitter 'FX_ground_Scorch_Mark' not expected!
[2022-04-03 13:17:53]	FireFX_Asteroid(414) warning : Export 'TANGENT' in emitter 'FX_explosion_Smoke_Ring' not expected!
[2022-04-03 13:17:53]	FireFX_Asteroid(483) warning : Export 'TANGENT' in emitter 'FX_explosion_Smoke_Front' not expected!
[2022-04-03 13:17:53]	FireFX_Asteroid(554) warning : Export 'TANGENT' in emitter 'FX_explosion_Dust' not expected!
[2022-04-03 13:17:53]	FireFX_Asteroid(749) warning : Export 'ROTATION' in emitter 'FX_meteor_fire_trail' not expected!
[2022-04-03 13:17:53]	FireFX_Bermuda_Triangle(99) warning : Export 'ROTATION' in emitter 'FX_Center_Swirl' not expected!
[2022-04-03 13:17:53]	FireFX_Bermuda_Triangle(152) warning : Export 'ROTATION' in emitter 'FX_Center_Swirl_2' not expected!
[2022-04-03 13:17:53]	FireFX_Meteors(237) warning : Export 'ROTATION' in emitter 'FX_flying_clutter' not expected!
[2022-04-03 13:17:53]	FireFX_Meteors(309) warning : Export 'TANGENT' in emitter 'FX_explosion_Smoke' not expected!
[2022-04-03 13:17:53]	FireFX_Meteors(378) warning : Export 'TANGENT' in emitter 'FX_explosion_Smoke_Front' not expected!
[2022-04-03 13:17:53]	FireFX_Meteors(567) warning : Render export 'draw#ROTATION' in emitter 'FX_meteor_lens_flare' required for current render mode.  Will default to zero.
[2022-04-03 13:17:53]	FireFX_Meteors(676) warning : Export 'ROTATION' in emitter 'FX_meteor_Smoke_trail' not expected!
[2022-04-03 13:17:53]	FireFX_Solar_Flare(65) warning : Export 'ROTATION' in emitter 'FX_flare_overlay' not expected!
[2022-04-03 13:17:53]	FireFX_SoothSayer(288) warning : Export 'ROTATION' in emitter 'FX_Particle_Shrinking_Ring' not expected!
[2022-04-03 13:17:53]	FireFX_SoothSayer(450) warning : Render export 'draw#ALPHA' in emitter 'FX_explosion_Shockwave' required for current render mode.  Will default to zero.
[2022-04-03 13:17:53]	FireFX_SoothSayer(490) warning : Render export 'draw#ALPHA' in emitter 'FX_explosion_Smoke_Ring' required for current render mode.  Will default to zero.
[2022-04-03 13:17:53]	FireFX_Brazier_Script(10) warning : Render export 'draw#ALPHA' in emitter 'FX_Fire_Quads' required for current render mode.  Will default to zero.
[2022-04-03 13:17:53]	FireFX_Brazier_Script(62) warning : Render export 'draw#ALPHA' in emitter 'FX_Particle_Glow' required for current render mode.  Will default to zero.
[2022-04-03 13:17:53]	FireFX_Brazier_Script(216) warning : Render export 'draw#ROTATION' in emitter 'FX_Animated_Fire' required for current render mode.  Will default to zero.
[2022-04-03 13:17:53]	FireFX_Brazier_Script(266) warning : Export 'TANGENT' in emitter 'FX_Animated_Fire' not expected!
[2022-04-03 13:17:53]	CommonFireScript(10) warning : Render export 'draw#ALPHA' in emitter 'FX_Fire_Quads' required for current render mode.  Will default to zero.
[2022-04-03 13:17:53]	CommonFireScript(62) warning : Render export 'draw#ALPHA' in emitter 'FX_Particle_Glow' required for current render mode.  Will default to zero.
[2022-04-03 13:17:53]	CommonFireScript(216) warning : Render export 'draw#ROTATION' in emitter 'FX_Animated_Fire' required for current render mode.  Will default to zero.
[2022-04-03 13:17:53]	CommonFireScript(266) warning : Export 'TANGENT' in emitter 'FX_Animated_Fire' not expected!
[2022-04-03 13:17:53]	CommonFireScript(382) warning : Export 'ROTATION' in emitter 'FX_Smoke_Quads' not expected!
[2022-04-03 13:17:53]	CommonFireScript(498) warning : Export 'BASECOLOR_UV' in emitter 'FX_String_Trail' not expected!
[2022-04-03 13:17:53]	CommonFireScript(503) warning : Export 'SCALE' in emitter 'FX_String_Trail' not expected!
[2022-04-03 13:17:53]	CommonFireScript(505) warning : Export 'ROTATION' in emitter 'FX_String_Trail' not expected!
[2022-04-03 13:17:53]	CommonFireScript(507) warning : Export 'TANGENT' in emitter 'FX_String_Trail' not expected!
[2022-04-03 13:17:53]	CommonFireScript(767) warning : Export 'MASK_UV' in emitter 'FX_Scorched_Overlay' not expected!
[2022-04-03 13:17:53]	CommonFireScript(771) warning : Export 'ROTATION' in emitter 'FX_Scorched_Overlay' not expected!
[2022-04-03 13:17:53]	CommonFireScript(862) warning : Export 'NORMALMAP_UV' in emitter 'FX_Fixed_Smoke_Quads_Lit' not expected!
[2022-04-03 13:17:53]	CommonFireScript(950) warning : Export 'NORMALMAP_UV' in emitter 'FX_Fixed_Mist_Quads_Lit' not expected!
[2022-04-03 13:17:53]	CommonFireScript(1141) warning : Export 'ROTATION' in emitter 'Curling_Spark_Particle' not expected!
[2022-04-03 13:17:53]	CommonFireScript(1194) warning : Export 'ROTATION' in emitter 'FX_Particle_Shrinking_Ring' not expected!
[2022-04-03 13:17:54]	CommonSmokeScript(152) warning : Export 'NORMALMAP_UV_Y_RANGE' in emitter 'FX_Smoke_Ribbon_Lit' not expected!
[2022-04-03 13:17:54]	CommonSmokeScript(153) warning : Export 'NORMALMAP_UV_X_VALUE' in emitter 'FX_Smoke_Ribbon_Lit' not expected!
[2022-04-03 13:17:54]	CommonSmokeScript(246) warning : Export 'ROTATION' in emitter 'FX_Fixed_Quads_Lit' not expected!
[2022-04-03 13:17:54]	CommonSmokeScript(254) warning : Export 'NORMALMAP_UV' in emitter 'FX_Fixed_Quads_Lit' not expected!
[2022-04-03 13:17:54]	CommonSmokeScript(632) warning : Render export 'draw#DISTORTION_UV' in emitter 'FX_Dirt_Bits' required for current render mode.  Will default to zero.
[2022-04-03 13:17:54]	CommonSmokeScript(632) warning : Render export 'draw#DISTORTION_SCALE' in emitter 'FX_Dirt_Bits' required for current render mode.  Will default to zero.
[2022-04-03 13:17:54]	FireFX_Cultist(10) warning : Render export 'draw#ALPHA' in emitter 'FX_Fire_Quads' required for current render mode.  Will default to zero.
[2022-04-03 13:17:54]	FireFX_Cultist(62) warning : Render export 'draw#ALPHA' in emitter 'FX_Particle_Glow' required for current render mode.  Will default to zero.
[2022-04-03 13:17:54]	FireFX_Cultist(327) warning : Export 'ROTATION' in emitter 'FX_Smoke_Quads' not expected!
[2022-04-03 13:17:54]	FireFX_Cultist(522) warning : Export 'MASK_UV' in emitter 'FX_Scorched_Overlay' not expected!
[2022-04-03 13:17:54]	FireFX_Cultist(526) warning : Export 'ROTATION' in emitter 'FX_Scorched_Overlay' not expected!
[2022-04-03 13:17:54]	FireFX_Cultist(617) warning : Export 'NORMALMAP_UV' in emitter 'FX_Fixed_Smoke_Quads_Lit' not expected!
[2022-04-03 13:17:54]	FireFX_Cultist(705) warning : Export 'NORMALMAP_UV' in emitter 'FX_Fixed_Mist_Quads_Lit' not expected!
[2022-04-03 13:17:54]	FireFX_Cultist(896) warning : Export 'ROTATION' in emitter 'Curling_Spark_Particle' not expected!
[2022-04-03 13:17:54]	FireFX_Cultist(949) warning : Export 'ROTATION' in emitter 'FX_Particle_Shrinking_Ring' not expected!
[2022-04-03 13:17:54]	FireFX_Ley_Line(68) warning : Render export 'draw#ALPHA' in emitter 'Ley_Line_Overlay' required for current render mode.  Will default to zero.
[2022-04-03 13:17:54]	FireFX_Ley_Line(105) warning : Export 'MASK_UV' in emitter 'Ley_Line_Overlay' not expected!
[2022-04-03 13:17:54]	FireFX_Ley_Line(152) warning : Export 'MASK_UV' in emitter 'Ley_Line_Dark_Overlay' not expected!
[2022-04-03 13:17:54]	FireFX_SecretSocietySmoke(60) warning : Export 'TANGENT' in emitter 'Smoke' not expected!
[2022-04-03 13:17:54]	FireFX_SecretSocietySmoke(69) warning : Render export 'draw#POSITION' in emitter 'SmokeRoot' required for current render mode.  Will default to zero.
[2022-04-03 13:17:54]	FireFX_SecretSocietySmoke(69) warning : Render export 'draw#SCALE' in emitter 'SmokeRoot' required for current render mode.  Will default to zero.
[2022-04-03 13:17:54]	FireFX_SecretSocietySmoke(69) warning : Render export 'draw#TANGENT' in emitter 'SmokeRoot' required for current render mode.  Will default to zero.
[2022-04-03 13:17:54]	FireFX_SecretSocietySmoke(69) warning : Render export 'draw#BITANGENT' in emitter 'SmokeRoot' required for current render mode.  Will default to zero.
[2022-04-03 13:17:54]	FireFX_SecretSocietySmoke(69) warning : Render export 'draw#COLOR' in emitter 'SmokeRoot' required for current render mode.  Will default to zero.
[2022-04-03 13:17:54]	FireFX_SecretSocietySmoke(69) warning : Render export 'draw#ALPHA' in emitter 'SmokeRoot' required for current render mode.  Will default to zero.
[2022-04-03 13:17:54]	FireFX_SecretSocietySmoke(69) warning : Render export 'draw#BASECOLOR_UV' in emitter 'SmokeRoot' required for current render mode.  Will default to zero.
[2022-04-03 13:17:54]	FireFX_Vampire(168) warning : Export 'ROTATION' in emitter 'FX_Particle_Shrinking_Ring' not expected!
[2022-04-03 13:17:54]	FireFX_Vampire(270) warning : Export 'ROTATION' in emitter 'FX_explosion_Flash' not expected!
[2022-04-03 13:17:54]	FireFX_Vampire(278) warning : Render export 'draw#ALPHA' in emitter 'FX_explosion_Shockwave' required for current render mode.  Will default to zero.
[2022-04-03 13:17:54]	CommonSmokeScript(152) warning : Export 'NORMALMAP_UV_Y_RANGE' in emitter 'FX_Smoke_Ribbon_Lit' not expected!
[2022-04-03 13:17:54]	CommonSmokeScript(153) warning : Export 'NORMALMAP_UV_X_VALUE' in emitter 'FX_Smoke_Ribbon_Lit' not expected!
[2022-04-03 13:17:54]	CommonSmokeScript(246) warning : Export 'ROTATION' in emitter 'FX_Fixed_Quads_Lit' not expected!
[2022-04-03 13:17:54]	CommonSmokeScript(254) warning : Export 'NORMALMAP_UV' in emitter 'FX_Fixed_Quads_Lit' not expected!
[2022-04-03 13:17:54]	CommonSmokeScript(632) warning : Render export 'draw#DISTORTION_UV' in emitter 'FX_Dirt_Bits' required for current render mode.  Will default to zero.
[2022-04-03 13:17:54]	CommonSmokeScript(632) warning : Render export 'draw#DISTORTION_SCALE' in emitter 'FX_Dirt_Bits' required for current render mode.  Will default to zero.
[2022-04-03 13:17:54]	FireFX_Ring_Shockwave(10) warning : Render export 'draw#ALPHA' in emitter 'FX_Triangle_Strip_Ring' required for current render mode.  Will default to zero.
[2022-04-03 13:17:54]	FireFX_Ring_Shockwave(102) warning : Render export 'draw#ALPHA' in emitter 'FX_Triangle_Strip_Disc' required for current render mode.  Will default to zero.
[2022-04-03 13:17:54]	FireFX_Ring_Shockwave(194) warning : Render export 'draw#ALPHA' in emitter 'FX_Triangle_Strip_Facing' required for current render mode.  Will default to zero.
[2022-04-03 13:17:54]	FireFX_Ring_Shockwave(280) warning : Export 'BITANGENT' in emitter 'FX_Triangle_Strip_Facing' not expected!
[2022-04-03 13:17:54]	MuzzleFlashScript(311) warning : Export 'ROTATION' in emitter 'FX_Particle_Glints_Facing_Z' not expected!
[2022-04-03 13:17:54]	MuzzleFlashScript(396) warning : Export 'ROTATION' in emitter 'FX_Particle_Glints_Facing_X' not expected!
[2022-04-03 13:17:54]	MuzzleFlashScript(526) warning : Export 'TANGENT' in emitter 'FX_Smoke_Quads' not expected!
[2022-04-03 13:17:54]	MuzzleFlashScript(904) warning : Export 'ROTATION' in emitter 'FX_Particle_Directional_Glows' not expected!
[2022-04-03 13:17:54]	MuzzleFlashScript(917) warning : Render export 'draw#ALPHA' in emitter 'FX_Particle_Glow' required for current render mode.  Will default to zero.
[2022-04-03 13:21:59]	CommonFireScript(10) warning : Render export 'draw#ALPHA' in emitter 'FX_Fire_Quads' required for current render mode.  Will default to zero.
[2022-04-03 13:21:59]	CommonFireScript(62) warning : Render export 'draw#ALPHA' in emitter 'FX_Particle_Glow' required for current render mode.  Will default to zero.
[2022-04-03 13:21:59]	CommonFireScript(216) warning : Render export 'draw#ROTATION' in emitter 'FX_Animated_Fire' required for current render mode.  Will default to zero.
[2022-04-03 13:21:59]	CommonFireScript(266) warning : Export 'TANGENT' in emitter 'FX_Animated_Fire' not expected!
[2022-04-03 13:21:59]	CommonFireScript(382) warning : Export 'ROTATION' in emitter 'FX_Smoke_Quads' not expected!
[2022-04-03 13:21:59]	CommonFireScript(498) warning : Export 'BASECOLOR_UV' in emitter 'FX_String_Trail' not expected!
[2022-04-03 13:21:59]	CommonFireScript(503) warning : Export 'SCALE' in emitter 'FX_String_Trail' not expected!
[2022-04-03 13:21:59]	CommonFireScript(505) warning : Export 'ROTATION' in emitter 'FX_String_Trail' not expected!
[2022-04-03 13:21:59]	CommonFireScript(507) warning : Export 'TANGENT' in emitter 'FX_String_Trail' not expected!
[2022-04-03 13:21:59]	CommonFireScript(767) warning : Export 'MASK_UV' in emitter 'FX_Scorched_Overlay' not expected!
[2022-04-03 13:21:59]	CommonFireScript(771) warning : Export 'ROTATION' in emitter 'FX_Scorched_Overlay' not expected!
[2022-04-03 13:21:59]	CommonFireScript(862) warning : Export 'NORMALMAP_UV' in emitter 'FX_Fixed_Smoke_Quads_Lit' not expected!
[2022-04-03 13:21:59]	CommonFireScript(950) warning : Export 'NORMALMAP_UV' in emitter 'FX_Fixed_Mist_Quads_Lit' not expected!
[2022-04-03 13:21:59]	CommonFireScript(1141) warning : Export 'ROTATION' in emitter 'Curling_Spark_Particle' not expected!
[2022-04-03 13:21:59]	CommonFireScript(1194) warning : Export 'ROTATION' in emitter 'FX_Particle_Shrinking_Ring' not expected!
[2022-04-03 13:21:59]	CommonGlintsScript(309) warning : Export 'ROTATION' in emitter 'FX_Particle_Glints_Facing_Z' not expected!
[2022-04-03 13:21:59]	CommonGlintsScript(394) warning : Export 'ROTATION' in emitter 'FX_Particle_Glints_Facing_X' not expected!
[2022-04-03 13:21:59]	CommonGlintsScript(504) warning : Export 'ROTATION' in emitter 'FX_Particle_Directional_Glows' not expected!
[2022-04-03 13:21:59]	CommonGlintsScript(592) warning : Export 'ROTATION' in emitter 'FX_Particle_Water_Wakes' not expected!
[2022-04-03 13:21:59]	CommonSmokeScript(152) warning : Export 'NORMALMAP_UV_Y_RANGE' in emitter 'FX_Smoke_Ribbon_Lit' not expected!
[2022-04-03 13:21:59]	CommonSmokeScript(153) warning : Export 'NORMALMAP_UV_X_VALUE' in emitter 'FX_Smoke_Ribbon_Lit' not expected!
[2022-04-03 13:21:59]	CommonSmokeScript(246) warning : Export 'ROTATION' in emitter 'FX_Fixed_Quads_Lit' not expected!
[2022-04-03 13:21:59]	CommonSmokeScript(254) warning : Export 'NORMALMAP_UV' in emitter 'FX_Fixed_Quads_Lit' not expected!
[2022-04-03 13:21:59]	CommonSmokeScript(632) warning : Render export 'draw#DISTORTION_UV' in emitter 'FX_Dirt_Bits' required for current render mode.  Will default to zero.
[2022-04-03 13:21:59]	CommonSmokeScript(632) warning : Render export 'draw#DISTORTION_SCALE' in emitter 'FX_Dirt_Bits' required for current render mode.  Will default to zero.
[2022-04-03 13:21:59]	FireFXVolcanoTest(548) warning : Export 'DISTORTION_UV_Y_RANGE' in emitter 'FX_Magma_Ribbon' not expected!
[2022-04-03 13:21:59]	FireFXVolcanoTest(549) warning : Export 'DISTORTION_UV_X_VALUE' in emitter 'FX_Magma_Ribbon' not expected!
[2022-04-03 13:21:59]	FireFXVolcanoTest(550) warning : Export 'DISTORTION_SCALE' in emitter 'FX_Magma_Ribbon' not expected!
[2022-04-03 13:21:59]	FireFX_Curl_Noise(70) warning : Export 'ROTATION' in emitter 'ErrorFX_Particle' not expected!
[2022-04-03 13:21:59]	FireFX_Default_UI(60) warning : Export 'TANGENT' in emitter 'Glints' not expected!
[2022-04-03 13:21:59]	FireFX_GDR_Force_Field(66) warning : Export 'ROTATION' in emitter 'FX_Particle_Glints' not expected!
[2022-04-03 13:21:59]	FireFX_GDR_Force_Field(68) warning : Export 'BITANGENT' in emitter 'FX_Particle_Glints' not expected!
[2022-04-03 13:21:59]	FireFX_GDR_Force_Field(226) warning : Export 'ROTATION' in emitter 'FX_Glow_Rings' not expected!
[2022-04-03 13:21:59]	FireFX_SoothSayer(288) warning : Export 'ROTATION' in emitter 'FX_Particle_Shrinking_Ring' not expected!
[2022-04-03 13:21:59]	FireFX_SoothSayer(450) warning : Render export 'draw#ALPHA' in emitter 'FX_explosion_Shockwave' required for current render mode.  Will default to zero.
[2022-04-03 13:21:59]	FireFX_SoothSayer(490) warning : Render export 'draw#ALPHA' in emitter 'FX_explosion_Smoke_Ring' required for current render mode.  Will default to zero.
[2022-04-03 13:21:59]	CommonFireScript(10) warning : Render export 'draw#ALPHA' in emitter 'FX_Fire_Quads' required for current render mode.  Will default to zero.
[2022-04-03 13:21:59]	CommonFireScript(62) warning : Render export 'draw#ALPHA' in emitter 'FX_Particle_Glow' required for current render mode.  Will default to zero.
[2022-04-03 13:21:59]	CommonFireScript(216) warning : Render export 'draw#ROTATION' in emitter 'FX_Animated_Fire' required for current render mode.  Will default to zero.
[2022-04-03 13:21:59]	CommonFireScript(266) warning : Export 'TANGENT' in emitter 'FX_Animated_Fire' not expected!
[2022-04-03 13:21:59]	CommonFireScript(382) warning : Export 'ROTATION' in emitter 'FX_Smoke_Quads' not expected!
[2022-04-03 13:21:59]	CommonFireScript(498) warning : Export 'BASECOLOR_UV' in emitter 'FX_String_Trail' not expected!
[2022-04-03 13:21:59]	CommonFireScript(503) warning : Export 'SCALE' in emitter 'FX_String_Trail' not expected!
[2022-04-03 13:21:59]	CommonFireScript(505) warning : Export 'ROTATION' in emitter 'FX_String_Trail' not expected!
[2022-04-03 13:21:59]	CommonFireScript(507) warning : Export 'TANGENT' in emitter 'FX_String_Trail' not expected!
[2022-04-03 13:21:59]	CommonFireScript(767) warning : Export 'MASK_UV' in emitter 'FX_Scorched_Overlay' not expected!
[2022-04-03 13:21:59]	CommonFireScript(771) warning : Export 'ROTATION' in emitter 'FX_Scorched_Overlay' not expected!
[2022-04-03 13:21:59]	CommonFireScript(862) warning : Export 'NORMALMAP_UV' in emitter 'FX_Fixed_Smoke_Quads_Lit' not expected!
[2022-04-03 13:21:59]	CommonFireScript(950) warning : Export 'NORMALMAP_UV' in emitter 'FX_Fixed_Mist_Quads_Lit' not expected!
[2022-04-03 13:21:59]	CommonFireScript(1141) warning : Export 'ROTATION' in emitter 'Curling_Spark_Particle' not expected!
[2022-04-03 13:21:59]	CommonFireScript(1194) warning : Export 'ROTATION' in emitter 'FX_Particle_Shrinking_Ring' not expected!
[2022-04-03 13:21:59]	CommonGlintsScript(309) warning : Export 'ROTATION' in emitter 'FX_Particle_Glints_Facing_Z' not expected!
[2022-04-03 13:21:59]	CommonGlintsScript(394) warning : Export 'ROTATION' in emitter 'FX_Particle_Glints_Facing_X' not expected!
[2022-04-03 13:21:59]	CommonGlintsScript(504) warning : Export 'ROTATION' in emitter 'FX_Particle_Directional_Glows' not expected!
[2022-04-03 13:21:59]	CommonGlintsScript(592) warning : Export 'ROTATION' in emitter 'FX_Particle_Water_Wakes' not expected!
[2022-04-03 13:21:59]	CommonSmokeScript(152) warning : Export 'NORMALMAP_UV_Y_RANGE' in emitter 'FX_Smoke_Ribbon_Lit' not expected!
[2022-04-03 13:21:59]	CommonSmokeScript(153) warning : Export 'NORMALMAP_UV_X_VALUE' in emitter 'FX_Smoke_Ribbon_Lit' not expected!
[2022-04-03 13:21:59]	CommonSmokeScript(246) warning : Export 'ROTATION' in emitter 'FX_Fixed_Quads_Lit' not expected!
[2022-04-03 13:21:59]	CommonSmokeScript(254) warning : Export 'NORMALMAP_UV' in emitter 'FX_Fixed_Quads_Lit' not expected!
[2022-04-03 13:21:59]	CommonSmokeScript(632) warning : Render export 'draw#DISTORTION_UV' in emitter 'FX_Dirt_Bits' required for current render mode.  Will default to zero.
[2022-04-03 13:21:59]	CommonSmokeScript(632) warning : Render export 'draw#DISTORTION_SCALE' in emitter 'FX_Dirt_Bits' required for current render mode.  Will default to zero.
[2022-04-03 13:21:59]	FireFX_GDR_Force_Field(66) warning : Export 'ROTATION' in emitter 'FX_Particle_Glints' not expected!
[2022-04-03 13:21:59]	FireFX_GDR_Force_Field(68) warning : Export 'BITANGENT' in emitter 'FX_Particle_Glints' not expected!
[2022-04-03 13:21:59]	FireFX_GDR_Force_Field(226) warning : Export 'ROTATION' in emitter 'FX_Glow_Rings' not expected!
[2022-04-03 13:21:59]	FireFX_GDR_Water_FX(452) warning : Export 'ROTATION' in emitter 'FX_Wake_Quads' not expected!
[2022-04-03 13:21:59]	FireFX_Storms(122) warning : Export 'NORMALMAP_UV' in emitter 'FX_CloudTrails' not expected!
[2022-04-03 13:21:59]	FireFX_Storms(384) warning : Export 'ROTATION' in emitter 'FX_Mid_Fog_Storm_Particles' not expected!
[2022-04-03 13:21:59]	FireFX_Storms(444) warning : Export 'ROTATION' in emitter 'Rain_Particles' not expected!
[2022-04-03 13:21:59]	FireFX_Storms(814) warning : Export 'TANGENT' in emitter 'rollingClouds' not expected!
[2022-04-03 13:21:59]	FireFX_Storms(817) warning : Export 'NORMALMAP_UV' in emitter 'rollingClouds' not expected!
[2022-04-03 13:21:59]	FireFX_Storms(921) warning : Export 'ROTATION' in emitter 'rollingCloudsOverlay' not expected!
[2022-04-03 13:21:59]	FireFX_Storms(923) warning : Export 'NORMALMAP_UV' in emitter 'rollingCloudsOverlay' not expected!
[2022-04-03 13:21:59]	FireFX_Volcanoes(455) warning : Export 'ROTATION' in emitter 'FX_Magma_Decal_Trail_Head' not expected!
[2022-04-03 13:21:59]	FireFX_Volcanoes(513) warning : Export 'DISTORTION_UV_Y_RANGE' in emitter 'FX_Magma_Ribbon' not expected!
[2022-04-03 13:21:59]	FireFX_Volcanoes(514) warning : Export 'DISTORTION_UV_X_VALUE' in emitter 'FX_Magma_Ribbon' not expected!
[2022-04-03 13:21:59]	FireFX_Volcanoes(515) warning : Export 'DISTORTION_SCALE' in emitter 'FX_Magma_Ribbon' not expected!
[2022-04-03 13:21:59]	FireFX_Volcanoes(625) warning : Export 'TANGENT' in emitter 'FX_Volcano_Smoke' not expected!
[2022-04-03 13:21:59]	CommonFireScript(10) warning : Render export 'draw#ALPHA' in emitter 'FX_Fire_Quads' required for current render mode.  Will default to zero.
[2022-04-03 13:21:59]	CommonFireScript(62) warning : Render export 'draw#ALPHA' in emitter 'FX_Particle_Glow' required for current render mode.  Will default to zero.
[2022-04-03 13:21:59]	CommonFireScript(216) warning : Render export 'draw#ROTATION' in emitter 'FX_Animated_Fire' required for current render mode.  Will default to zero.
[2022-04-03 13:21:59]	CommonFireScript(266) warning : Export 'TANGENT' in emitter 'FX_Animated_Fire' not expected!
[2022-04-03 13:21:59]	CommonFireScript(382) warning : Export 'ROTATION' in emitter 'FX_Smoke_Quads' not expected!
[2022-04-03 13:21:59]	CommonFireScript(498) warning : Export 'BASECOLOR_UV' in emitter 'FX_String_Trail' not expected!
[2022-04-03 13:21:59]	CommonFireScript(503) warning : Export 'SCALE' in emitter 'FX_String_Trail' not expected!
[2022-04-03 13:21:59]	CommonFireScript(505) warning : Export 'ROTATION' in emitter 'FX_String_Trail' not expected!
[2022-04-03 13:21:59]	CommonFireScript(507) warning : Export 'TANGENT' in emitter 'FX_String_Trail' not expected!
[2022-04-03 13:21:59]	CommonFireScript(767) warning : Export 'MASK_UV' in emitter 'FX_Scorched_Overlay' not expected!
[2022-04-03 13:21:59]	CommonFireScript(771) warning : Export 'ROTATION' in emitter 'FX_Scorched_Overlay' not expected!
[2022-04-03 13:21:59]	CommonFireScript(862) warning : Export 'NORMALMAP_UV' in emitter 'FX_Fixed_Smoke_Quads_Lit' not expected!
[2022-04-03 13:21:59]	CommonFireScript(950) warning : Export 'NORMALMAP_UV' in emitter 'FX_Fixed_Mist_Quads_Lit' not expected!
[2022-04-03 13:21:59]	CommonFireScript(1141) warning : Export 'ROTATION' in emitter 'Curling_Spark_Particle' not expected!
[2022-04-03 13:21:59]	CommonFireScript(1194) warning : Export 'ROTATION' in emitter 'FX_Particle_Shrinking_Ring' not expected!
[2022-04-03 13:22:00]	CommonGlintsScript(309) warning : Export 'ROTATION' in emitter 'FX_Particle_Glints_Facing_Z' not expected!
[2022-04-03 13:22:00]	CommonGlintsScript(394) warning : Export 'ROTATION' in emitter 'FX_Particle_Glints_Facing_X' not expected!
[2022-04-03 13:22:00]	CommonGlintsScript(504) warning : Export 'ROTATION' in emitter 'FX_Particle_Directional_Glows' not expected!
[2022-04-03 13:22:00]	CommonGlintsScript(592) warning : Export 'ROTATION' in emitter 'FX_Particle_Water_Wakes' not expected!
[2022-04-03 13:22:00]	CommonSmokeScript(152) warning : Export 'NORMALMAP_UV_Y_RANGE' in emitter 'FX_Smoke_Ribbon_Lit' not expected!
[2022-04-03 13:22:00]	CommonSmokeScript(153) warning : Export 'NORMALMAP_UV_X_VALUE' in emitter 'FX_Smoke_Ribbon_Lit' not expected!
[2022-04-03 13:22:00]	CommonSmokeScript(246) warning : Export 'ROTATION' in emitter 'FX_Fixed_Quads_Lit' not expected!
[2022-04-03 13:22:00]	CommonSmokeScript(254) warning : Export 'NORMALMAP_UV' in emitter 'FX_Fixed_Quads_Lit' not expected!
[2022-04-03 13:22:00]	CommonSmokeScript(632) warning : Render export 'draw#DISTORTION_UV' in emitter 'FX_Dirt_Bits' required for current render mode.  Will default to zero.
[2022-04-03 13:22:00]	CommonSmokeScript(632) warning : Render export 'draw#DISTORTION_SCALE' in emitter 'FX_Dirt_Bits' required for current render mode.  Will default to zero.
[2022-04-03 13:22:00]	FireFX_Asteroid(206) warning : Export 'ROTATION' in emitter 'FX_ground_Scorch_Mark' not expected!
[2022-04-03 13:22:00]	FireFX_Asteroid(414) warning : Export 'TANGENT' in emitter 'FX_explosion_Smoke_Ring' not expected!
[2022-04-03 13:22:00]	FireFX_Asteroid(483) warning : Export 'TANGENT' in emitter 'FX_explosion_Smoke_Front' not expected!
[2022-04-03 13:22:00]	FireFX_Asteroid(554) warning : Export 'TANGENT' in emitter 'FX_explosion_Dust' not expected!
[2022-04-03 13:22:00]	FireFX_Asteroid(749) warning : Export 'ROTATION' in emitter 'FX_meteor_fire_trail' not expected!
[2022-04-03 13:22:00]	FireFX_Bermuda_Triangle(99) warning : Export 'ROTATION' in emitter 'FX_Center_Swirl' not expected!
[2022-04-03 13:22:00]	FireFX_Bermuda_Triangle(152) warning : Export 'ROTATION' in emitter 'FX_Center_Swirl_2' not expected!
[2022-04-03 13:22:00]	FireFX_Meteors(237) warning : Export 'ROTATION' in emitter 'FX_flying_clutter' not expected!
[2022-04-03 13:22:00]	FireFX_Meteors(309) warning : Export 'TANGENT' in emitter 'FX_explosion_Smoke' not expected!
[2022-04-03 13:22:00]	FireFX_Meteors(378) warning : Export 'TANGENT' in emitter 'FX_explosion_Smoke_Front' not expected!
[2022-04-03 13:22:00]	FireFX_Meteors(567) warning : Render export 'draw#ROTATION' in emitter 'FX_meteor_lens_flare' required for current render mode.  Will default to zero.
[2022-04-03 13:22:00]	FireFX_Meteors(676) warning : Export 'ROTATION' in emitter 'FX_meteor_Smoke_trail' not expected!
[2022-04-03 13:22:00]	FireFX_Solar_Flare(65) warning : Export 'ROTATION' in emitter 'FX_flare_overlay' not expected!
[2022-04-03 13:22:00]	FireFX_SoothSayer(288) warning : Export 'ROTATION' in emitter 'FX_Particle_Shrinking_Ring' not expected!
[2022-04-03 13:22:00]	FireFX_SoothSayer(450) warning : Render export 'draw#ALPHA' in emitter 'FX_explosion_Shockwave' required for current render mode.  Will default to zero.
[2022-04-03 13:22:00]	FireFX_SoothSayer(490) warning : Render export 'draw#ALPHA' in emitter 'FX_explosion_Smoke_Ring' required for current render mode.  Will default to zero.
[2022-04-03 13:22:00]	FireFX_Brazier_Script(10) warning : Render export 'draw#ALPHA' in emitter 'FX_Fire_Quads' required for current render mode.  Will default to zero.
[2022-04-03 13:22:00]	FireFX_Brazier_Script(62) warning : Render export 'draw#ALPHA' in emitter 'FX_Particle_Glow' required for current render mode.  Will default to zero.
[2022-04-03 13:22:00]	FireFX_Brazier_Script(216) warning : Render export 'draw#ROTATION' in emitter 'FX_Animated_Fire' required for current render mode.  Will default to zero.
[2022-04-03 13:22:00]	FireFX_Brazier_Script(266) warning : Export 'TANGENT' in emitter 'FX_Animated_Fire' not expected!
[2022-04-03 13:22:00]	CommonFireScript(10) warning : Render export 'draw#ALPHA' in emitter 'FX_Fire_Quads' required for current render mode.  Will default to zero.
[2022-04-03 13:22:00]	CommonFireScript(62) warning : Render export 'draw#ALPHA' in emitter 'FX_Particle_Glow' required for current render mode.  Will default to zero.
[2022-04-03 13:22:00]	CommonFireScript(216) warning : Render export 'draw#ROTATION' in emitter 'FX_Animated_Fire' required for current render mode.  Will default to zero.
[2022-04-03 13:22:00]	CommonFireScript(266) warning : Export 'TANGENT' in emitter 'FX_Animated_Fire' not expected!
[2022-04-03 13:22:00]	CommonFireScript(382) warning : Export 'ROTATION' in emitter 'FX_Smoke_Quads' not expected!
[2022-04-03 13:22:00]	CommonFireScript(498) warning : Export 'BASECOLOR_UV' in emitter 'FX_String_Trail' not expected!
[2022-04-03 13:22:00]	CommonFireScript(503) warning : Export 'SCALE' in emitter 'FX_String_Trail' not expected!
[2022-04-03 13:22:00]	CommonFireScript(505) warning : Export 'ROTATION' in emitter 'FX_String_Trail' not expected!
[2022-04-03 13:22:00]	CommonFireScript(507) warning : Export 'TANGENT' in emitter 'FX_String_Trail' not expected!
[2022-04-03 13:22:00]	CommonFireScript(767) warning : Export 'MASK_UV' in emitter 'FX_Scorched_Overlay' not expected!
[2022-04-03 13:22:00]	CommonFireScript(771) warning : Export 'ROTATION' in emitter 'FX_Scorched_Overlay' not expected!
[2022-04-03 13:22:00]	CommonFireScript(862) warning : Export 'NORMALMAP_UV' in emitter 'FX_Fixed_Smoke_Quads_Lit' not expected!
[2022-04-03 13:22:00]	CommonFireScript(950) warning : Export 'NORMALMAP_UV' in emitter 'FX_Fixed_Mist_Quads_Lit' not expected!
[2022-04-03 13:22:00]	CommonFireScript(1141) warning : Export 'ROTATION' in emitter 'Curling_Spark_Particle' not expected!
[2022-04-03 13:22:00]	CommonFireScript(1194) warning : Export 'ROTATION' in emitter 'FX_Particle_Shrinking_Ring' not expected!
[2022-04-03 13:22:00]	CommonSmokeScript(152) warning : Export 'NORMALMAP_UV_Y_RANGE' in emitter 'FX_Smoke_Ribbon_Lit' not expected!
[2022-04-03 13:22:00]	CommonSmokeScript(153) warning : Export 'NORMALMAP_UV_X_VALUE' in emitter 'FX_Smoke_Ribbon_Lit' not expected!
[2022-04-03 13:22:00]	CommonSmokeScript(246) warning : Export 'ROTATION' in emitter 'FX_Fixed_Quads_Lit' not expected!
[2022-04-03 13:22:00]	CommonSmokeScript(254) warning : Export 'NORMALMAP_UV' in emitter 'FX_Fixed_Quads_Lit' not expected!
[2022-04-03 13:22:00]	CommonSmokeScript(632) warning : Render export 'draw#DISTORTION_UV' in emitter 'FX_Dirt_Bits' required for current render mode.  Will default to zero.
[2022-04-03 13:22:00]	CommonSmokeScript(632) warning : Render export 'draw#DISTORTION_SCALE' in emitter 'FX_Dirt_Bits' required for current render mode.  Will default to zero.
[2022-04-03 13:22:00]	FireFX_Cultist(10) warning : Render export 'draw#ALPHA' in emitter 'FX_Fire_Quads' required for current render mode.  Will default to zero.
[2022-04-03 13:22:00]	FireFX_Cultist(62) warning : Render export 'draw#ALPHA' in emitter 'FX_Particle_Glow' required for current render mode.  Will default to zero.
[2022-04-03 13:22:00]	FireFX_Cultist(327) warning : Export 'ROTATION' in emitter 'FX_Smoke_Quads' not expected!
[2022-04-03 13:22:00]	FireFX_Cultist(522) warning : Export 'MASK_UV' in emitter 'FX_Scorched_Overlay' not expected!
[2022-04-03 13:22:00]	FireFX_Cultist(526) warning : Export 'ROTATION' in emitter 'FX_Scorched_Overlay' not expected!
[2022-04-03 13:22:00]	FireFX_Cultist(617) warning : Export 'NORMALMAP_UV' in emitter 'FX_Fixed_Smoke_Quads_Lit' not expected!
[2022-04-03 13:22:00]	FireFX_Cultist(705) warning : Export 'NORMALMAP_UV' in emitter 'FX_Fixed_Mist_Quads_Lit' not expected!
[2022-04-03 13:22:00]	FireFX_Cultist(896) warning : Export 'ROTATION' in emitter 'Curling_Spark_Particle' not expected!
[2022-04-03 13:22:00]	FireFX_Cultist(949) warning : Export 'ROTATION' in emitter 'FX_Particle_Shrinking_Ring' not expected!
[2022-04-03 13:22:00]	FireFX_Ley_Line(68) warning : Render export 'draw#ALPHA' in emitter 'Ley_Line_Overlay' required for current render mode.  Will default to zero.
[2022-04-03 13:22:00]	FireFX_Ley_Line(105) warning : Export 'MASK_UV' in emitter 'Ley_Line_Overlay' not expected!
[2022-04-03 13:22:00]	FireFX_Ley_Line(152) warning : Export 'MASK_UV' in emitter 'Ley_Line_Dark_Overlay' not expected!
[2022-04-03 13:22:00]	FireFX_SecretSocietySmoke(60) warning : Export 'TANGENT' in emitter 'Smoke' not expected!
[2022-04-03 13:22:00]	FireFX_SecretSocietySmoke(69) warning : Render export 'draw#POSITION' in emitter 'SmokeRoot' required for current render mode.  Will default to zero.
[2022-04-03 13:22:00]	FireFX_SecretSocietySmoke(69) warning : Render export 'draw#SCALE' in emitter 'SmokeRoot' required for current render mode.  Will default to zero.
[2022-04-03 13:22:00]	FireFX_SecretSocietySmoke(69) warning : Render export 'draw#TANGENT' in emitter 'SmokeRoot' required for current render mode.  Will default to zero.
[2022-04-03 13:22:00]	FireFX_SecretSocietySmoke(69) warning : Render export 'draw#BITANGENT' in emitter 'SmokeRoot' required for current render mode.  Will default to zero.
[2022-04-03 13:22:00]	FireFX_SecretSocietySmoke(69) warning : Render export 'draw#COLOR' in emitter 'SmokeRoot' required for current render mode.  Will default to zero.
[2022-04-03 13:22:00]	FireFX_SecretSocietySmoke(69) warning : Render export 'draw#ALPHA' in emitter 'SmokeRoot' required for current render mode.  Will default to zero.
[2022-04-03 13:22:00]	FireFX_SecretSocietySmoke(69) warning : Render export 'draw#BASECOLOR_UV' in emitter 'SmokeRoot' required for current render mode.  Will default to zero.
[2022-04-03 13:22:00]	FireFX_Vampire(168) warning : Export 'ROTATION' in emitter 'FX_Particle_Shrinking_Ring' not expected!
[2022-04-03 13:22:00]	FireFX_Vampire(270) warning : Export 'ROTATION' in emitter 'FX_explosion_Flash' not expected!
[2022-04-03 13:22:00]	FireFX_Vampire(278) warning : Render export 'draw#ALPHA' in emitter 'FX_explosion_Shockwave' required for current render mode.  Will default to zero.
[2022-04-03 13:22:00]	CommonSmokeScript(152) warning : Export 'NORMALMAP_UV_Y_RANGE' in emitter 'FX_Smoke_Ribbon_Lit' not expected!
[2022-04-03 13:22:00]	CommonSmokeScript(153) warning : Export 'NORMALMAP_UV_X_VALUE' in emitter 'FX_Smoke_Ribbon_Lit' not expected!
[2022-04-03 13:22:00]	CommonSmokeScript(246) warning : Export 'ROTATION' in emitter 'FX_Fixed_Quads_Lit' not expected!
[2022-04-03 13:22:00]	CommonSmokeScript(254) warning : Export 'NORMALMAP_UV' in emitter 'FX_Fixed_Quads_Lit' not expected!
[2022-04-03 13:22:00]	CommonSmokeScript(632) warning : Render export 'draw#DISTORTION_UV' in emitter 'FX_Dirt_Bits' required for current render mode.  Will default to zero.
[2022-04-03 13:22:00]	CommonSmokeScript(632) warning : Render export 'draw#DISTORTION_SCALE' in emitter 'FX_Dirt_Bits' required for current render mode.  Will default to zero.
[2022-04-03 13:22:00]	FireFX_Ring_Shockwave(10) warning : Render export 'draw#ALPHA' in emitter 'FX_Triangle_Strip_Ring' required for current render mode.  Will default to zero.
[2022-04-03 13:22:00]	FireFX_Ring_Shockwave(102) warning : Render export 'draw#ALPHA' in emitter 'FX_Triangle_Strip_Disc' required for current render mode.  Will default to zero.
[2022-04-03 13:22:00]	FireFX_Ring_Shockwave(194) warning : Render export 'draw#ALPHA' in emitter 'FX_Triangle_Strip_Facing' required for current render mode.  Will default to zero.
[2022-04-03 13:22:00]	FireFX_Ring_Shockwave(280) warning : Export 'BITANGENT' in emitter 'FX_Triangle_Strip_Facing' not expected!
[2022-04-03 13:22:00]	MuzzleFlashScript(311) warning : Export 'ROTATION' in emitter 'FX_Particle_Glints_Facing_Z' not expected!
[2022-04-03 13:22:00]	MuzzleFlashScript(396) warning : Export 'ROTATION' in emitter 'FX_Particle_Glints_Facing_X' not expected!
[2022-04-03 13:22:00]	MuzzleFlashScript(526) warning : Export 'TANGENT' in emitter 'FX_Smoke_Quads' not expected!
[2022-04-03 13:22:00]	MuzzleFlashScript(904) warning : Export 'ROTATION' in emitter 'FX_Particle_Directional_Glows' not expected!
[2022-04-03 13:22:00]	MuzzleFlashScript(917) warning : Render export 'draw#ALPHA' in emitter 'FX_Particle_Glow' required for current render mode.  Will default to zero.
